ARM GAS  C:\Users\hide\AppData\Local\Temp\ccTVDavf.s 			page 1


   1              		.cpu cortex-m4
   2              		.arch armv7e-m
   3              		.fpu fpv4-sp-d16
   4              		.eabi_attribute 27, 1
   5              		.eabi_attribute 28, 1
   6              		.eabi_attribute 20, 1
   7              		.eabi_attribute 21, 1
   8              		.eabi_attribute 23, 3
   9              		.eabi_attribute 24, 1
  10              		.eabi_attribute 25, 1
  11              		.eabi_attribute 26, 1
  12              		.eabi_attribute 30, 1
  13              		.eabi_attribute 34, 1
  14              		.eabi_attribute 18, 4
  15              		.file	"adc.c"
  16              		.text
  17              	.Ltext0:
  18              		.cfi_sections	.debug_frame
  19              		.section	.text.MX_ADC1_Init,"ax",%progbits
  20              		.align	1
  21              		.global	MX_ADC1_Init
  22              		.syntax unified
  23              		.thumb
  24              		.thumb_func
  26              	MX_ADC1_Init:
  27              	.LFB252:
  28              		.file 1 "Core/Src/adc.c"
   1:Core/Src/adc.c **** /* USER CODE BEGIN Header */
   2:Core/Src/adc.c **** /**
   3:Core/Src/adc.c ****   ******************************************************************************
   4:Core/Src/adc.c ****   * @file    adc.c
   5:Core/Src/adc.c ****   * @brief   This file provides code for the configuration
   6:Core/Src/adc.c ****   *          of the ADC instances.
   7:Core/Src/adc.c ****   ******************************************************************************
   8:Core/Src/adc.c ****   * @attention
   9:Core/Src/adc.c ****   *
  10:Core/Src/adc.c ****   * Copyright (c) 2022 STMicroelectronics.
  11:Core/Src/adc.c ****   * All rights reserved.
  12:Core/Src/adc.c ****   *
  13:Core/Src/adc.c ****   * This software is licensed under terms that can be found in the LICENSE file
  14:Core/Src/adc.c ****   * in the root directory of this software component.
  15:Core/Src/adc.c ****   * If no LICENSE file comes with this software, it is provided AS-IS.
  16:Core/Src/adc.c ****   *
  17:Core/Src/adc.c ****   ******************************************************************************
  18:Core/Src/adc.c ****   */
  19:Core/Src/adc.c **** /* USER CODE END Header */
  20:Core/Src/adc.c **** /* Includes ------------------------------------------------------------------*/
  21:Core/Src/adc.c **** #include "adc.h"
  22:Core/Src/adc.c **** 
  23:Core/Src/adc.c **** /* USER CODE BEGIN 0 */
  24:Core/Src/adc.c **** 
  25:Core/Src/adc.c **** /* USER CODE END 0 */
  26:Core/Src/adc.c **** 
  27:Core/Src/adc.c **** ADC_HandleTypeDef hadc1;
  28:Core/Src/adc.c **** DMA_HandleTypeDef hdma_adc1;
  29:Core/Src/adc.c **** 
  30:Core/Src/adc.c **** /* ADC1 init function */
ARM GAS  C:\Users\hide\AppData\Local\Temp\ccTVDavf.s 			page 2


  31:Core/Src/adc.c **** void MX_ADC1_Init(void)
  32:Core/Src/adc.c **** {
  29              		.loc 1 32 1 view -0
  30              		.cfi_startproc
  31              		@ args = 0, pretend = 0, frame = 16
  32              		@ frame_needed = 0, uses_anonymous_args = 0
  33 0000 00B5     		push	{lr}
  34              	.LCFI0:
  35              		.cfi_def_cfa_offset 4
  36              		.cfi_offset 14, -4
  37 0002 85B0     		sub	sp, sp, #20
  38              	.LCFI1:
  39              		.cfi_def_cfa_offset 24
  33:Core/Src/adc.c **** 
  34:Core/Src/adc.c ****   /* USER CODE BEGIN ADC1_Init 0 */
  35:Core/Src/adc.c **** 
  36:Core/Src/adc.c ****   /* USER CODE END ADC1_Init 0 */
  37:Core/Src/adc.c **** 
  38:Core/Src/adc.c ****   ADC_ChannelConfTypeDef sConfig = {0};
  40              		.loc 1 38 3 view .LVU1
  41              		.loc 1 38 26 is_stmt 0 view .LVU2
  42 0004 0023     		movs	r3, #0
  43 0006 0093     		str	r3, [sp]
  44 0008 0193     		str	r3, [sp, #4]
  45 000a 0293     		str	r3, [sp, #8]
  46 000c 0393     		str	r3, [sp, #12]
  39:Core/Src/adc.c **** 
  40:Core/Src/adc.c ****   /* USER CODE BEGIN ADC1_Init 1 */
  41:Core/Src/adc.c **** 
  42:Core/Src/adc.c ****   /* USER CODE END ADC1_Init 1 */
  43:Core/Src/adc.c **** 
  44:Core/Src/adc.c ****   /** Configure the global features of the ADC (Clock, Resolution, Data Alignment and number of con
  45:Core/Src/adc.c ****   */
  46:Core/Src/adc.c ****   hadc1.Instance = ADC1;
  47              		.loc 1 46 3 is_stmt 1 view .LVU3
  48              		.loc 1 46 18 is_stmt 0 view .LVU4
  49 000e 2C48     		ldr	r0, .L15
  50 0010 2C4A     		ldr	r2, .L15+4
  51 0012 0260     		str	r2, [r0]
  47:Core/Src/adc.c ****   hadc1.Init.ClockPrescaler = ADC_CLOCK_SYNC_PCLK_DIV8;
  52              		.loc 1 47 3 is_stmt 1 view .LVU5
  53              		.loc 1 47 29 is_stmt 0 view .LVU6
  54 0014 4FF44032 		mov	r2, #196608
  55 0018 4260     		str	r2, [r0, #4]
  48:Core/Src/adc.c ****   hadc1.Init.Resolution = ADC_RESOLUTION_12B;
  56              		.loc 1 48 3 is_stmt 1 view .LVU7
  57              		.loc 1 48 25 is_stmt 0 view .LVU8
  58 001a 8360     		str	r3, [r0, #8]
  49:Core/Src/adc.c ****   hadc1.Init.ScanConvMode = ENABLE;
  59              		.loc 1 49 3 is_stmt 1 view .LVU9
  60              		.loc 1 49 27 is_stmt 0 view .LVU10
  61 001c 0122     		movs	r2, #1
  62 001e 0261     		str	r2, [r0, #16]
  50:Core/Src/adc.c ****   hadc1.Init.ContinuousConvMode = DISABLE;
  63              		.loc 1 50 3 is_stmt 1 view .LVU11
  64              		.loc 1 50 33 is_stmt 0 view .LVU12
  65 0020 0376     		strb	r3, [r0, #24]
ARM GAS  C:\Users\hide\AppData\Local\Temp\ccTVDavf.s 			page 3


  51:Core/Src/adc.c ****   hadc1.Init.DiscontinuousConvMode = DISABLE;
  66              		.loc 1 51 3 is_stmt 1 view .LVU13
  67              		.loc 1 51 36 is_stmt 0 view .LVU14
  68 0022 80F82030 		strb	r3, [r0, #32]
  52:Core/Src/adc.c ****   hadc1.Init.ExternalTrigConvEdge = ADC_EXTERNALTRIGCONVEDGE_NONE;
  69              		.loc 1 52 3 is_stmt 1 view .LVU15
  70              		.loc 1 52 35 is_stmt 0 view .LVU16
  71 0026 C362     		str	r3, [r0, #44]
  53:Core/Src/adc.c ****   hadc1.Init.ExternalTrigConv = ADC_SOFTWARE_START;
  72              		.loc 1 53 3 is_stmt 1 view .LVU17
  73              		.loc 1 53 31 is_stmt 0 view .LVU18
  74 0028 02F17062 		add	r2, r2, #251658240
  75 002c 8262     		str	r2, [r0, #40]
  54:Core/Src/adc.c ****   hadc1.Init.DataAlign = ADC_DATAALIGN_RIGHT;
  76              		.loc 1 54 3 is_stmt 1 view .LVU19
  77              		.loc 1 54 24 is_stmt 0 view .LVU20
  78 002e C360     		str	r3, [r0, #12]
  55:Core/Src/adc.c ****   hadc1.Init.NbrOfConversion = 5;
  79              		.loc 1 55 3 is_stmt 1 view .LVU21
  80              		.loc 1 55 30 is_stmt 0 view .LVU22
  81 0030 0522     		movs	r2, #5
  82 0032 C261     		str	r2, [r0, #28]
  56:Core/Src/adc.c ****   hadc1.Init.DMAContinuousRequests = DISABLE;
  83              		.loc 1 56 3 is_stmt 1 view .LVU23
  84              		.loc 1 56 36 is_stmt 0 view .LVU24
  85 0034 80F83030 		strb	r3, [r0, #48]
  57:Core/Src/adc.c ****   hadc1.Init.EOCSelection = ADC_EOC_SEQ_CONV;
  86              		.loc 1 57 3 is_stmt 1 view .LVU25
  87              		.loc 1 57 27 is_stmt 0 view .LVU26
  88 0038 4361     		str	r3, [r0, #20]
  58:Core/Src/adc.c ****   if (HAL_ADC_Init(&hadc1) != HAL_OK)
  89              		.loc 1 58 3 is_stmt 1 view .LVU27
  90              		.loc 1 58 7 is_stmt 0 view .LVU28
  91 003a FFF7FEFF 		bl	HAL_ADC_Init
  92              	.LVL0:
  93              		.loc 1 58 6 view .LVU29
  94 003e 68BB     		cbnz	r0, .L9
  95              	.L2:
  59:Core/Src/adc.c ****   {
  60:Core/Src/adc.c ****     Error_Handler();
  61:Core/Src/adc.c ****   }
  62:Core/Src/adc.c **** 
  63:Core/Src/adc.c ****   /** Configure for the selected ADC regular channel its corresponding rank in the sequencer and it
  64:Core/Src/adc.c ****   */
  65:Core/Src/adc.c ****   sConfig.Channel = ADC_CHANNEL_1;
  96              		.loc 1 65 3 is_stmt 1 view .LVU30
  97              		.loc 1 65 19 is_stmt 0 view .LVU31
  98 0040 0123     		movs	r3, #1
  99 0042 0093     		str	r3, [sp]
  66:Core/Src/adc.c ****   sConfig.Rank = 1;
 100              		.loc 1 66 3 is_stmt 1 view .LVU32
 101              		.loc 1 66 16 is_stmt 0 view .LVU33
 102 0044 0193     		str	r3, [sp, #4]
  67:Core/Src/adc.c ****   sConfig.SamplingTime = ADC_SAMPLETIME_480CYCLES;
 103              		.loc 1 67 3 is_stmt 1 view .LVU34
 104              		.loc 1 67 24 is_stmt 0 view .LVU35
 105 0046 0723     		movs	r3, #7
ARM GAS  C:\Users\hide\AppData\Local\Temp\ccTVDavf.s 			page 4


 106 0048 0293     		str	r3, [sp, #8]
  68:Core/Src/adc.c ****   if (HAL_ADC_ConfigChannel(&hadc1, &sConfig) != HAL_OK)
 107              		.loc 1 68 3 is_stmt 1 view .LVU36
 108              		.loc 1 68 7 is_stmt 0 view .LVU37
 109 004a 6946     		mov	r1, sp
 110 004c 1C48     		ldr	r0, .L15
 111 004e FFF7FEFF 		bl	HAL_ADC_ConfigChannel
 112              	.LVL1:
 113              		.loc 1 68 6 view .LVU38
 114 0052 30BB     		cbnz	r0, .L10
 115              	.L3:
  69:Core/Src/adc.c ****   {
  70:Core/Src/adc.c ****     Error_Handler();
  71:Core/Src/adc.c ****   }
  72:Core/Src/adc.c **** 
  73:Core/Src/adc.c ****   /** Configure for the selected ADC regular channel its corresponding rank in the sequencer and it
  74:Core/Src/adc.c ****   */
  75:Core/Src/adc.c ****   sConfig.Channel = ADC_CHANNEL_2;
 116              		.loc 1 75 3 is_stmt 1 view .LVU39
 117              		.loc 1 75 19 is_stmt 0 view .LVU40
 118 0054 0223     		movs	r3, #2
 119 0056 0093     		str	r3, [sp]
  76:Core/Src/adc.c ****   sConfig.Rank = 2;
 120              		.loc 1 76 3 is_stmt 1 view .LVU41
 121              		.loc 1 76 16 is_stmt 0 view .LVU42
 122 0058 0193     		str	r3, [sp, #4]
  77:Core/Src/adc.c ****   if (HAL_ADC_ConfigChannel(&hadc1, &sConfig) != HAL_OK)
 123              		.loc 1 77 3 is_stmt 1 view .LVU43
 124              		.loc 1 77 7 is_stmt 0 view .LVU44
 125 005a 6946     		mov	r1, sp
 126 005c 1848     		ldr	r0, .L15
 127 005e FFF7FEFF 		bl	HAL_ADC_ConfigChannel
 128              	.LVL2:
 129              		.loc 1 77 6 view .LVU45
 130 0062 08BB     		cbnz	r0, .L11
 131              	.L4:
  78:Core/Src/adc.c ****   {
  79:Core/Src/adc.c ****     Error_Handler();
  80:Core/Src/adc.c ****   }
  81:Core/Src/adc.c **** 
  82:Core/Src/adc.c ****   /** Configure for the selected ADC regular channel its corresponding rank in the sequencer and it
  83:Core/Src/adc.c ****   */
  84:Core/Src/adc.c ****   sConfig.Channel = ADC_CHANNEL_3;
 132              		.loc 1 84 3 is_stmt 1 view .LVU46
 133              		.loc 1 84 19 is_stmt 0 view .LVU47
 134 0064 0323     		movs	r3, #3
 135 0066 0093     		str	r3, [sp]
  85:Core/Src/adc.c ****   sConfig.Rank = 3;
 136              		.loc 1 85 3 is_stmt 1 view .LVU48
 137              		.loc 1 85 16 is_stmt 0 view .LVU49
 138 0068 0193     		str	r3, [sp, #4]
  86:Core/Src/adc.c ****   if (HAL_ADC_ConfigChannel(&hadc1, &sConfig) != HAL_OK)
 139              		.loc 1 86 3 is_stmt 1 view .LVU50
 140              		.loc 1 86 7 is_stmt 0 view .LVU51
 141 006a 6946     		mov	r1, sp
 142 006c 1448     		ldr	r0, .L15
 143 006e FFF7FEFF 		bl	HAL_ADC_ConfigChannel
ARM GAS  C:\Users\hide\AppData\Local\Temp\ccTVDavf.s 			page 5


 144              	.LVL3:
 145              		.loc 1 86 6 view .LVU52
 146 0072 E0B9     		cbnz	r0, .L12
 147              	.L5:
  87:Core/Src/adc.c ****   {
  88:Core/Src/adc.c ****     Error_Handler();
  89:Core/Src/adc.c ****   }
  90:Core/Src/adc.c **** 
  91:Core/Src/adc.c ****   /** Configure for the selected ADC regular channel its corresponding rank in the sequencer and it
  92:Core/Src/adc.c ****   */
  93:Core/Src/adc.c ****   sConfig.Channel = ADC_CHANNEL_4;
 148              		.loc 1 93 3 is_stmt 1 view .LVU53
 149              		.loc 1 93 19 is_stmt 0 view .LVU54
 150 0074 0423     		movs	r3, #4
 151 0076 0093     		str	r3, [sp]
  94:Core/Src/adc.c ****   sConfig.Rank = 4;
 152              		.loc 1 94 3 is_stmt 1 view .LVU55
 153              		.loc 1 94 16 is_stmt 0 view .LVU56
 154 0078 0193     		str	r3, [sp, #4]
  95:Core/Src/adc.c ****   if (HAL_ADC_ConfigChannel(&hadc1, &sConfig) != HAL_OK)
 155              		.loc 1 95 3 is_stmt 1 view .LVU57
 156              		.loc 1 95 7 is_stmt 0 view .LVU58
 157 007a 6946     		mov	r1, sp
 158 007c 1048     		ldr	r0, .L15
 159 007e FFF7FEFF 		bl	HAL_ADC_ConfigChannel
 160              	.LVL4:
 161              		.loc 1 95 6 view .LVU59
 162 0082 B8B9     		cbnz	r0, .L13
 163              	.L6:
  96:Core/Src/adc.c ****   {
  97:Core/Src/adc.c ****     Error_Handler();
  98:Core/Src/adc.c ****   }
  99:Core/Src/adc.c **** 
 100:Core/Src/adc.c ****   /** Configure for the selected ADC regular channel its corresponding rank in the sequencer and it
 101:Core/Src/adc.c ****   */
 102:Core/Src/adc.c ****   sConfig.Channel = ADC_CHANNEL_9;
 164              		.loc 1 102 3 is_stmt 1 view .LVU60
 165              		.loc 1 102 19 is_stmt 0 view .LVU61
 166 0084 0923     		movs	r3, #9
 167 0086 0093     		str	r3, [sp]
 103:Core/Src/adc.c ****   sConfig.Rank = 5;
 168              		.loc 1 103 3 is_stmt 1 view .LVU62
 169              		.loc 1 103 16 is_stmt 0 view .LVU63
 170 0088 0523     		movs	r3, #5
 171 008a 0193     		str	r3, [sp, #4]
 104:Core/Src/adc.c ****   if (HAL_ADC_ConfigChannel(&hadc1, &sConfig) != HAL_OK)
 172              		.loc 1 104 3 is_stmt 1 view .LVU64
 173              		.loc 1 104 7 is_stmt 0 view .LVU65
 174 008c 6946     		mov	r1, sp
 175 008e 0C48     		ldr	r0, .L15
 176 0090 FFF7FEFF 		bl	HAL_ADC_ConfigChannel
 177              	.LVL5:
 178              		.loc 1 104 6 view .LVU66
 179 0094 88B9     		cbnz	r0, .L14
 180              	.L1:
 105:Core/Src/adc.c ****   {
 106:Core/Src/adc.c ****     Error_Handler();
ARM GAS  C:\Users\hide\AppData\Local\Temp\ccTVDavf.s 			page 6


 107:Core/Src/adc.c ****   }
 108:Core/Src/adc.c ****   /* USER CODE BEGIN ADC1_Init 2 */
 109:Core/Src/adc.c **** 
 110:Core/Src/adc.c ****   /* USER CODE END ADC1_Init 2 */
 111:Core/Src/adc.c **** 
 112:Core/Src/adc.c **** }
 181              		.loc 1 112 1 view .LVU67
 182 0096 05B0     		add	sp, sp, #20
 183              	.LCFI2:
 184              		.cfi_remember_state
 185              		.cfi_def_cfa_offset 4
 186              		@ sp needed
 187 0098 5DF804FB 		ldr	pc, [sp], #4
 188              	.L9:
 189              	.LCFI3:
 190              		.cfi_restore_state
  60:Core/Src/adc.c ****   }
 191              		.loc 1 60 5 is_stmt 1 view .LVU68
 192 009c FFF7FEFF 		bl	Error_Handler
 193              	.LVL6:
 194 00a0 CEE7     		b	.L2
 195              	.L10:
  70:Core/Src/adc.c ****   }
 196              		.loc 1 70 5 view .LVU69
 197 00a2 FFF7FEFF 		bl	Error_Handler
 198              	.LVL7:
 199 00a6 D5E7     		b	.L3
 200              	.L11:
  79:Core/Src/adc.c ****   }
 201              		.loc 1 79 5 view .LVU70
 202 00a8 FFF7FEFF 		bl	Error_Handler
 203              	.LVL8:
 204 00ac DAE7     		b	.L4
 205              	.L12:
  88:Core/Src/adc.c ****   }
 206              		.loc 1 88 5 view .LVU71
 207 00ae FFF7FEFF 		bl	Error_Handler
 208              	.LVL9:
 209 00b2 DFE7     		b	.L5
 210              	.L13:
  97:Core/Src/adc.c ****   }
 211              		.loc 1 97 5 view .LVU72
 212 00b4 FFF7FEFF 		bl	Error_Handler
 213              	.LVL10:
 214 00b8 E4E7     		b	.L6
 215              	.L14:
 106:Core/Src/adc.c ****   }
 216              		.loc 1 106 5 view .LVU73
 217 00ba FFF7FEFF 		bl	Error_Handler
 218              	.LVL11:
 219              		.loc 1 112 1 is_stmt 0 view .LVU74
 220 00be EAE7     		b	.L1
 221              	.L16:
 222              		.align	2
 223              	.L15:
 224 00c0 00000000 		.word	.LANCHOR0
 225 00c4 00200140 		.word	1073815552
ARM GAS  C:\Users\hide\AppData\Local\Temp\ccTVDavf.s 			page 7


 226              		.cfi_endproc
 227              	.LFE252:
 229              		.section	.text.HAL_ADC_MspInit,"ax",%progbits
 230              		.align	1
 231              		.global	HAL_ADC_MspInit
 232              		.syntax unified
 233              		.thumb
 234              		.thumb_func
 236              	HAL_ADC_MspInit:
 237              	.LVL12:
 238              	.LFB253:
 113:Core/Src/adc.c **** 
 114:Core/Src/adc.c **** void HAL_ADC_MspInit(ADC_HandleTypeDef* adcHandle)
 115:Core/Src/adc.c **** {
 239              		.loc 1 115 1 is_stmt 1 view -0
 240              		.cfi_startproc
 241              		@ args = 0, pretend = 0, frame = 32
 242              		@ frame_needed = 0, uses_anonymous_args = 0
 243              		.loc 1 115 1 is_stmt 0 view .LVU76
 244 0000 70B5     		push	{r4, r5, r6, lr}
 245              	.LCFI4:
 246              		.cfi_def_cfa_offset 16
 247              		.cfi_offset 4, -16
 248              		.cfi_offset 5, -12
 249              		.cfi_offset 6, -8
 250              		.cfi_offset 14, -4
 251 0002 88B0     		sub	sp, sp, #32
 252              	.LCFI5:
 253              		.cfi_def_cfa_offset 48
 116:Core/Src/adc.c **** 
 117:Core/Src/adc.c ****   GPIO_InitTypeDef GPIO_InitStruct = {0};
 254              		.loc 1 117 3 is_stmt 1 view .LVU77
 255              		.loc 1 117 20 is_stmt 0 view .LVU78
 256 0004 0023     		movs	r3, #0
 257 0006 0393     		str	r3, [sp, #12]
 258 0008 0493     		str	r3, [sp, #16]
 259 000a 0593     		str	r3, [sp, #20]
 260 000c 0693     		str	r3, [sp, #24]
 261 000e 0793     		str	r3, [sp, #28]
 118:Core/Src/adc.c ****   if(adcHandle->Instance==ADC1)
 262              		.loc 1 118 3 is_stmt 1 view .LVU79
 263              		.loc 1 118 15 is_stmt 0 view .LVU80
 264 0010 0268     		ldr	r2, [r0]
 265              		.loc 1 118 5 view .LVU81
 266 0012 03F18043 		add	r3, r3, #1073741824
 267 0016 03F59033 		add	r3, r3, #73728
 268 001a 9A42     		cmp	r2, r3
 269 001c 01D0     		beq	.L21
 270              	.LVL13:
 271              	.L17:
 119:Core/Src/adc.c ****   {
 120:Core/Src/adc.c ****   /* USER CODE BEGIN ADC1_MspInit 0 */
 121:Core/Src/adc.c **** 
 122:Core/Src/adc.c ****   /* USER CODE END ADC1_MspInit 0 */
 123:Core/Src/adc.c ****     /* ADC1 clock enable */
 124:Core/Src/adc.c ****     __HAL_RCC_ADC1_CLK_ENABLE();
 125:Core/Src/adc.c **** 
ARM GAS  C:\Users\hide\AppData\Local\Temp\ccTVDavf.s 			page 8


 126:Core/Src/adc.c ****     __HAL_RCC_GPIOA_CLK_ENABLE();
 127:Core/Src/adc.c ****     __HAL_RCC_GPIOB_CLK_ENABLE();
 128:Core/Src/adc.c ****     /**ADC1 GPIO Configuration
 129:Core/Src/adc.c ****     PA1     ------> ADC1_IN1
 130:Core/Src/adc.c ****     PA2     ------> ADC1_IN2
 131:Core/Src/adc.c ****     PA3     ------> ADC1_IN3
 132:Core/Src/adc.c ****     PA4     ------> ADC1_IN4
 133:Core/Src/adc.c ****     PB1     ------> ADC1_IN9
 134:Core/Src/adc.c ****     */
 135:Core/Src/adc.c ****     GPIO_InitStruct.Pin = SENS_L_Pin|SENS_FL_Pin|SENS_FR_Pin|SENS_R_Pin;
 136:Core/Src/adc.c ****     GPIO_InitStruct.Mode = GPIO_MODE_ANALOG;
 137:Core/Src/adc.c ****     GPIO_InitStruct.Pull = GPIO_NOPULL;
 138:Core/Src/adc.c ****     HAL_GPIO_Init(GPIOA, &GPIO_InitStruct);
 139:Core/Src/adc.c **** 
 140:Core/Src/adc.c ****     GPIO_InitStruct.Pin = VBATT_Pin;
 141:Core/Src/adc.c ****     GPIO_InitStruct.Mode = GPIO_MODE_ANALOG;
 142:Core/Src/adc.c ****     GPIO_InitStruct.Pull = GPIO_NOPULL;
 143:Core/Src/adc.c ****     HAL_GPIO_Init(VBATT_GPIO_Port, &GPIO_InitStruct);
 144:Core/Src/adc.c **** 
 145:Core/Src/adc.c ****     /* ADC1 DMA Init */
 146:Core/Src/adc.c ****     /* ADC1 Init */
 147:Core/Src/adc.c ****     hdma_adc1.Instance = DMA2_Stream0;
 148:Core/Src/adc.c ****     hdma_adc1.Init.Channel = DMA_CHANNEL_0;
 149:Core/Src/adc.c ****     hdma_adc1.Init.Direction = DMA_PERIPH_TO_MEMORY;
 150:Core/Src/adc.c ****     hdma_adc1.Init.PeriphInc = DMA_PINC_DISABLE;
 151:Core/Src/adc.c ****     hdma_adc1.Init.MemInc = DMA_MINC_ENABLE;
 152:Core/Src/adc.c ****     hdma_adc1.Init.PeriphDataAlignment = DMA_PDATAALIGN_HALFWORD;
 153:Core/Src/adc.c ****     hdma_adc1.Init.MemDataAlignment = DMA_MDATAALIGN_HALFWORD;
 154:Core/Src/adc.c ****     hdma_adc1.Init.Mode = DMA_NORMAL;
 155:Core/Src/adc.c ****     hdma_adc1.Init.Priority = DMA_PRIORITY_LOW;
 156:Core/Src/adc.c ****     hdma_adc1.Init.FIFOMode = DMA_FIFOMODE_DISABLE;
 157:Core/Src/adc.c ****     if (HAL_DMA_Init(&hdma_adc1) != HAL_OK)
 158:Core/Src/adc.c ****     {
 159:Core/Src/adc.c ****       Error_Handler();
 160:Core/Src/adc.c ****     }
 161:Core/Src/adc.c **** 
 162:Core/Src/adc.c ****     __HAL_LINKDMA(adcHandle,DMA_Handle,hdma_adc1);
 163:Core/Src/adc.c **** 
 164:Core/Src/adc.c ****   /* USER CODE BEGIN ADC1_MspInit 1 */
 165:Core/Src/adc.c **** 
 166:Core/Src/adc.c ****   /* USER CODE END ADC1_MspInit 1 */
 167:Core/Src/adc.c ****   }
 168:Core/Src/adc.c **** }
 272              		.loc 1 168 1 view .LVU82
 273 001e 08B0     		add	sp, sp, #32
 274              	.LCFI6:
 275              		.cfi_remember_state
 276              		.cfi_def_cfa_offset 16
 277              		@ sp needed
 278 0020 70BD     		pop	{r4, r5, r6, pc}
 279              	.LVL14:
 280              	.L21:
 281              	.LCFI7:
 282              		.cfi_restore_state
 283              		.loc 1 168 1 view .LVU83
 284 0022 0446     		mov	r4, r0
 124:Core/Src/adc.c **** 
ARM GAS  C:\Users\hide\AppData\Local\Temp\ccTVDavf.s 			page 9


 285              		.loc 1 124 5 is_stmt 1 view .LVU84
 286              	.LBB2:
 124:Core/Src/adc.c **** 
 287              		.loc 1 124 5 view .LVU85
 288 0024 0025     		movs	r5, #0
 289 0026 0095     		str	r5, [sp]
 124:Core/Src/adc.c **** 
 290              		.loc 1 124 5 view .LVU86
 291 0028 03F58C33 		add	r3, r3, #71680
 292 002c 5A6C     		ldr	r2, [r3, #68]
 293 002e 42F48072 		orr	r2, r2, #256
 294 0032 5A64     		str	r2, [r3, #68]
 124:Core/Src/adc.c **** 
 295              		.loc 1 124 5 view .LVU87
 296 0034 5A6C     		ldr	r2, [r3, #68]
 297 0036 02F48072 		and	r2, r2, #256
 298 003a 0092     		str	r2, [sp]
 124:Core/Src/adc.c **** 
 299              		.loc 1 124 5 view .LVU88
 300 003c 009A     		ldr	r2, [sp]
 301              	.LBE2:
 124:Core/Src/adc.c **** 
 302              		.loc 1 124 5 view .LVU89
 126:Core/Src/adc.c ****     __HAL_RCC_GPIOB_CLK_ENABLE();
 303              		.loc 1 126 5 view .LVU90
 304              	.LBB3:
 126:Core/Src/adc.c ****     __HAL_RCC_GPIOB_CLK_ENABLE();
 305              		.loc 1 126 5 view .LVU91
 306 003e 0195     		str	r5, [sp, #4]
 126:Core/Src/adc.c ****     __HAL_RCC_GPIOB_CLK_ENABLE();
 307              		.loc 1 126 5 view .LVU92
 308 0040 1A6B     		ldr	r2, [r3, #48]
 309 0042 42F00102 		orr	r2, r2, #1
 310 0046 1A63     		str	r2, [r3, #48]
 126:Core/Src/adc.c ****     __HAL_RCC_GPIOB_CLK_ENABLE();
 311              		.loc 1 126 5 view .LVU93
 312 0048 1A6B     		ldr	r2, [r3, #48]
 313 004a 02F00102 		and	r2, r2, #1
 314 004e 0192     		str	r2, [sp, #4]
 126:Core/Src/adc.c ****     __HAL_RCC_GPIOB_CLK_ENABLE();
 315              		.loc 1 126 5 view .LVU94
 316 0050 019A     		ldr	r2, [sp, #4]
 317              	.LBE3:
 126:Core/Src/adc.c ****     __HAL_RCC_GPIOB_CLK_ENABLE();
 318              		.loc 1 126 5 view .LVU95
 127:Core/Src/adc.c ****     /**ADC1 GPIO Configuration
 319              		.loc 1 127 5 view .LVU96
 320              	.LBB4:
 127:Core/Src/adc.c ****     /**ADC1 GPIO Configuration
 321              		.loc 1 127 5 view .LVU97
 322 0052 0295     		str	r5, [sp, #8]
 127:Core/Src/adc.c ****     /**ADC1 GPIO Configuration
 323              		.loc 1 127 5 view .LVU98
 324 0054 1A6B     		ldr	r2, [r3, #48]
 325 0056 42F00202 		orr	r2, r2, #2
 326 005a 1A63     		str	r2, [r3, #48]
 127:Core/Src/adc.c ****     /**ADC1 GPIO Configuration
ARM GAS  C:\Users\hide\AppData\Local\Temp\ccTVDavf.s 			page 10


 327              		.loc 1 127 5 view .LVU99
 328 005c 1B6B     		ldr	r3, [r3, #48]
 329 005e 03F00203 		and	r3, r3, #2
 330 0062 0293     		str	r3, [sp, #8]
 127:Core/Src/adc.c ****     /**ADC1 GPIO Configuration
 331              		.loc 1 127 5 view .LVU100
 332 0064 029B     		ldr	r3, [sp, #8]
 333              	.LBE4:
 127:Core/Src/adc.c ****     /**ADC1 GPIO Configuration
 334              		.loc 1 127 5 view .LVU101
 135:Core/Src/adc.c ****     GPIO_InitStruct.Mode = GPIO_MODE_ANALOG;
 335              		.loc 1 135 5 view .LVU102
 135:Core/Src/adc.c ****     GPIO_InitStruct.Mode = GPIO_MODE_ANALOG;
 336              		.loc 1 135 25 is_stmt 0 view .LVU103
 337 0066 1E23     		movs	r3, #30
 338 0068 0393     		str	r3, [sp, #12]
 136:Core/Src/adc.c ****     GPIO_InitStruct.Pull = GPIO_NOPULL;
 339              		.loc 1 136 5 is_stmt 1 view .LVU104
 136:Core/Src/adc.c ****     GPIO_InitStruct.Pull = GPIO_NOPULL;
 340              		.loc 1 136 26 is_stmt 0 view .LVU105
 341 006a 0326     		movs	r6, #3
 342 006c 0496     		str	r6, [sp, #16]
 137:Core/Src/adc.c ****     HAL_GPIO_Init(GPIOA, &GPIO_InitStruct);
 343              		.loc 1 137 5 is_stmt 1 view .LVU106
 138:Core/Src/adc.c **** 
 344              		.loc 1 138 5 view .LVU107
 345 006e 03A9     		add	r1, sp, #12
 346 0070 1348     		ldr	r0, .L23
 347              	.LVL15:
 138:Core/Src/adc.c **** 
 348              		.loc 1 138 5 is_stmt 0 view .LVU108
 349 0072 FFF7FEFF 		bl	HAL_GPIO_Init
 350              	.LVL16:
 140:Core/Src/adc.c ****     GPIO_InitStruct.Mode = GPIO_MODE_ANALOG;
 351              		.loc 1 140 5 is_stmt 1 view .LVU109
 140:Core/Src/adc.c ****     GPIO_InitStruct.Mode = GPIO_MODE_ANALOG;
 352              		.loc 1 140 25 is_stmt 0 view .LVU110
 353 0076 0223     		movs	r3, #2
 354 0078 0393     		str	r3, [sp, #12]
 141:Core/Src/adc.c ****     GPIO_InitStruct.Pull = GPIO_NOPULL;
 355              		.loc 1 141 5 is_stmt 1 view .LVU111
 141:Core/Src/adc.c ****     GPIO_InitStruct.Pull = GPIO_NOPULL;
 356              		.loc 1 141 26 is_stmt 0 view .LVU112
 357 007a 0496     		str	r6, [sp, #16]
 142:Core/Src/adc.c ****     HAL_GPIO_Init(VBATT_GPIO_Port, &GPIO_InitStruct);
 358              		.loc 1 142 5 is_stmt 1 view .LVU113
 142:Core/Src/adc.c ****     HAL_GPIO_Init(VBATT_GPIO_Port, &GPIO_InitStruct);
 359              		.loc 1 142 26 is_stmt 0 view .LVU114
 360 007c 0595     		str	r5, [sp, #20]
 143:Core/Src/adc.c **** 
 361              		.loc 1 143 5 is_stmt 1 view .LVU115
 362 007e 03A9     		add	r1, sp, #12
 363 0080 1048     		ldr	r0, .L23+4
 364 0082 FFF7FEFF 		bl	HAL_GPIO_Init
 365              	.LVL17:
 147:Core/Src/adc.c ****     hdma_adc1.Init.Channel = DMA_CHANNEL_0;
 366              		.loc 1 147 5 view .LVU116
ARM GAS  C:\Users\hide\AppData\Local\Temp\ccTVDavf.s 			page 11


 147:Core/Src/adc.c ****     hdma_adc1.Init.Channel = DMA_CHANNEL_0;
 367              		.loc 1 147 24 is_stmt 0 view .LVU117
 368 0086 1048     		ldr	r0, .L23+8
 369 0088 104B     		ldr	r3, .L23+12
 370 008a 0360     		str	r3, [r0]
 148:Core/Src/adc.c ****     hdma_adc1.Init.Direction = DMA_PERIPH_TO_MEMORY;
 371              		.loc 1 148 5 is_stmt 1 view .LVU118
 148:Core/Src/adc.c ****     hdma_adc1.Init.Direction = DMA_PERIPH_TO_MEMORY;
 372              		.loc 1 148 28 is_stmt 0 view .LVU119
 373 008c 4560     		str	r5, [r0, #4]
 149:Core/Src/adc.c ****     hdma_adc1.Init.PeriphInc = DMA_PINC_DISABLE;
 374              		.loc 1 149 5 is_stmt 1 view .LVU120
 149:Core/Src/adc.c ****     hdma_adc1.Init.PeriphInc = DMA_PINC_DISABLE;
 375              		.loc 1 149 30 is_stmt 0 view .LVU121
 376 008e 8560     		str	r5, [r0, #8]
 150:Core/Src/adc.c ****     hdma_adc1.Init.MemInc = DMA_MINC_ENABLE;
 377              		.loc 1 150 5 is_stmt 1 view .LVU122
 150:Core/Src/adc.c ****     hdma_adc1.Init.MemInc = DMA_MINC_ENABLE;
 378              		.loc 1 150 30 is_stmt 0 view .LVU123
 379 0090 C560     		str	r5, [r0, #12]
 151:Core/Src/adc.c ****     hdma_adc1.Init.PeriphDataAlignment = DMA_PDATAALIGN_HALFWORD;
 380              		.loc 1 151 5 is_stmt 1 view .LVU124
 151:Core/Src/adc.c ****     hdma_adc1.Init.PeriphDataAlignment = DMA_PDATAALIGN_HALFWORD;
 381              		.loc 1 151 27 is_stmt 0 view .LVU125
 382 0092 4FF48063 		mov	r3, #1024
 383 0096 0361     		str	r3, [r0, #16]
 152:Core/Src/adc.c ****     hdma_adc1.Init.MemDataAlignment = DMA_MDATAALIGN_HALFWORD;
 384              		.loc 1 152 5 is_stmt 1 view .LVU126
 152:Core/Src/adc.c ****     hdma_adc1.Init.MemDataAlignment = DMA_MDATAALIGN_HALFWORD;
 385              		.loc 1 152 40 is_stmt 0 view .LVU127
 386 0098 4FF40063 		mov	r3, #2048
 387 009c 4361     		str	r3, [r0, #20]
 153:Core/Src/adc.c ****     hdma_adc1.Init.Mode = DMA_NORMAL;
 388              		.loc 1 153 5 is_stmt 1 view .LVU128
 153:Core/Src/adc.c ****     hdma_adc1.Init.Mode = DMA_NORMAL;
 389              		.loc 1 153 37 is_stmt 0 view .LVU129
 390 009e 4FF40053 		mov	r3, #8192
 391 00a2 8361     		str	r3, [r0, #24]
 154:Core/Src/adc.c ****     hdma_adc1.Init.Priority = DMA_PRIORITY_LOW;
 392              		.loc 1 154 5 is_stmt 1 view .LVU130
 154:Core/Src/adc.c ****     hdma_adc1.Init.Priority = DMA_PRIORITY_LOW;
 393              		.loc 1 154 25 is_stmt 0 view .LVU131
 394 00a4 C561     		str	r5, [r0, #28]
 155:Core/Src/adc.c ****     hdma_adc1.Init.FIFOMode = DMA_FIFOMODE_DISABLE;
 395              		.loc 1 155 5 is_stmt 1 view .LVU132
 155:Core/Src/adc.c ****     hdma_adc1.Init.FIFOMode = DMA_FIFOMODE_DISABLE;
 396              		.loc 1 155 29 is_stmt 0 view .LVU133
 397 00a6 0562     		str	r5, [r0, #32]
 156:Core/Src/adc.c ****     if (HAL_DMA_Init(&hdma_adc1) != HAL_OK)
 398              		.loc 1 156 5 is_stmt 1 view .LVU134
 156:Core/Src/adc.c ****     if (HAL_DMA_Init(&hdma_adc1) != HAL_OK)
 399              		.loc 1 156 29 is_stmt 0 view .LVU135
 400 00a8 4562     		str	r5, [r0, #36]
 157:Core/Src/adc.c ****     {
 401              		.loc 1 157 5 is_stmt 1 view .LVU136
 157:Core/Src/adc.c ****     {
 402              		.loc 1 157 9 is_stmt 0 view .LVU137
ARM GAS  C:\Users\hide\AppData\Local\Temp\ccTVDavf.s 			page 12


 403 00aa FFF7FEFF 		bl	HAL_DMA_Init
 404              	.LVL18:
 157:Core/Src/adc.c ****     {
 405              		.loc 1 157 8 view .LVU138
 406 00ae 18B9     		cbnz	r0, .L22
 407              	.L19:
 162:Core/Src/adc.c **** 
 408              		.loc 1 162 5 is_stmt 1 view .LVU139
 162:Core/Src/adc.c **** 
 409              		.loc 1 162 5 view .LVU140
 410 00b0 054B     		ldr	r3, .L23+8
 411 00b2 A363     		str	r3, [r4, #56]
 162:Core/Src/adc.c **** 
 412              		.loc 1 162 5 view .LVU141
 413 00b4 9C63     		str	r4, [r3, #56]
 162:Core/Src/adc.c **** 
 414              		.loc 1 162 5 view .LVU142
 415              		.loc 1 168 1 is_stmt 0 view .LVU143
 416 00b6 B2E7     		b	.L17
 417              	.L22:
 159:Core/Src/adc.c ****     }
 418              		.loc 1 159 7 is_stmt 1 view .LVU144
 419 00b8 FFF7FEFF 		bl	Error_Handler
 420              	.LVL19:
 421 00bc F8E7     		b	.L19
 422              	.L24:
 423 00be 00BF     		.align	2
 424              	.L23:
 425 00c0 00000240 		.word	1073872896
 426 00c4 00040240 		.word	1073873920
 427 00c8 00000000 		.word	.LANCHOR1
 428 00cc 10640240 		.word	1073898512
 429              		.cfi_endproc
 430              	.LFE253:
 432              		.section	.text.HAL_ADC_MspDeInit,"ax",%progbits
 433              		.align	1
 434              		.global	HAL_ADC_MspDeInit
 435              		.syntax unified
 436              		.thumb
 437              		.thumb_func
 439              	HAL_ADC_MspDeInit:
 440              	.LVL20:
 441              	.LFB254:
 169:Core/Src/adc.c **** 
 170:Core/Src/adc.c **** void HAL_ADC_MspDeInit(ADC_HandleTypeDef* adcHandle)
 171:Core/Src/adc.c **** {
 442              		.loc 1 171 1 view -0
 443              		.cfi_startproc
 444              		@ args = 0, pretend = 0, frame = 0
 445              		@ frame_needed = 0, uses_anonymous_args = 0
 172:Core/Src/adc.c **** 
 173:Core/Src/adc.c ****   if(adcHandle->Instance==ADC1)
 446              		.loc 1 173 3 view .LVU146
 447              		.loc 1 173 15 is_stmt 0 view .LVU147
 448 0000 0268     		ldr	r2, [r0]
 449              		.loc 1 173 5 view .LVU148
 450 0002 0B4B     		ldr	r3, .L32
ARM GAS  C:\Users\hide\AppData\Local\Temp\ccTVDavf.s 			page 13


 451 0004 9A42     		cmp	r2, r3
 452 0006 00D0     		beq	.L31
 453 0008 7047     		bx	lr
 454              	.L31:
 171:Core/Src/adc.c **** 
 455              		.loc 1 171 1 view .LVU149
 456 000a 10B5     		push	{r4, lr}
 457              	.LCFI8:
 458              		.cfi_def_cfa_offset 8
 459              		.cfi_offset 4, -8
 460              		.cfi_offset 14, -4
 461 000c 0446     		mov	r4, r0
 174:Core/Src/adc.c ****   {
 175:Core/Src/adc.c ****   /* USER CODE BEGIN ADC1_MspDeInit 0 */
 176:Core/Src/adc.c **** 
 177:Core/Src/adc.c ****   /* USER CODE END ADC1_MspDeInit 0 */
 178:Core/Src/adc.c ****     /* Peripheral clock disable */
 179:Core/Src/adc.c ****     __HAL_RCC_ADC1_CLK_DISABLE();
 462              		.loc 1 179 5 is_stmt 1 view .LVU150
 463 000e 094A     		ldr	r2, .L32+4
 464 0010 536C     		ldr	r3, [r2, #68]
 465 0012 23F48073 		bic	r3, r3, #256
 466 0016 5364     		str	r3, [r2, #68]
 180:Core/Src/adc.c **** 
 181:Core/Src/adc.c ****     /**ADC1 GPIO Configuration
 182:Core/Src/adc.c ****     PA1     ------> ADC1_IN1
 183:Core/Src/adc.c ****     PA2     ------> ADC1_IN2
 184:Core/Src/adc.c ****     PA3     ------> ADC1_IN3
 185:Core/Src/adc.c ****     PA4     ------> ADC1_IN4
 186:Core/Src/adc.c ****     PB1     ------> ADC1_IN9
 187:Core/Src/adc.c ****     */
 188:Core/Src/adc.c ****     HAL_GPIO_DeInit(GPIOA, SENS_L_Pin|SENS_FL_Pin|SENS_FR_Pin|SENS_R_Pin);
 467              		.loc 1 188 5 view .LVU151
 468 0018 1E21     		movs	r1, #30
 469 001a 0748     		ldr	r0, .L32+8
 470              	.LVL21:
 471              		.loc 1 188 5 is_stmt 0 view .LVU152
 472 001c FFF7FEFF 		bl	HAL_GPIO_DeInit
 473              	.LVL22:
 189:Core/Src/adc.c **** 
 190:Core/Src/adc.c ****     HAL_GPIO_DeInit(VBATT_GPIO_Port, VBATT_Pin);
 474              		.loc 1 190 5 is_stmt 1 view .LVU153
 475 0020 0221     		movs	r1, #2
 476 0022 0648     		ldr	r0, .L32+12
 477 0024 FFF7FEFF 		bl	HAL_GPIO_DeInit
 478              	.LVL23:
 191:Core/Src/adc.c **** 
 192:Core/Src/adc.c ****     /* ADC1 DMA DeInit */
 193:Core/Src/adc.c ****     HAL_DMA_DeInit(adcHandle->DMA_Handle);
 479              		.loc 1 193 5 view .LVU154
 480 0028 A06B     		ldr	r0, [r4, #56]
 481 002a FFF7FEFF 		bl	HAL_DMA_DeInit
 482              	.LVL24:
 194:Core/Src/adc.c ****   /* USER CODE BEGIN ADC1_MspDeInit 1 */
 195:Core/Src/adc.c **** 
 196:Core/Src/adc.c ****   /* USER CODE END ADC1_MspDeInit 1 */
 197:Core/Src/adc.c ****   }
ARM GAS  C:\Users\hide\AppData\Local\Temp\ccTVDavf.s 			page 14


 198:Core/Src/adc.c **** }
 483              		.loc 1 198 1 is_stmt 0 view .LVU155
 484 002e 10BD     		pop	{r4, pc}
 485              	.LVL25:
 486              	.L33:
 487              		.loc 1 198 1 view .LVU156
 488              		.align	2
 489              	.L32:
 490 0030 00200140 		.word	1073815552
 491 0034 00380240 		.word	1073887232
 492 0038 00000240 		.word	1073872896
 493 003c 00040240 		.word	1073873920
 494              		.cfi_endproc
 495              	.LFE254:
 497              		.global	hdma_adc1
 498              		.global	hadc1
 499              		.section	.bss.hadc1,"aw",%nobits
 500              		.align	2
 501              		.set	.LANCHOR0,. + 0
 504              	hadc1:
 505 0000 00000000 		.space	72
 505      00000000 
 505      00000000 
 505      00000000 
 505      00000000 
 506              		.section	.bss.hdma_adc1,"aw",%nobits
 507              		.align	2
 508              		.set	.LANCHOR1,. + 0
 511              	hdma_adc1:
 512 0000 00000000 		.space	96
 512      00000000 
 512      00000000 
 512      00000000 
 512      00000000 
 513              		.text
 514              	.Letext0:
 515              		.file 2 "c:\\tools\\gcc-arm-none-eabi-10.3-2021.10\\arm-none-eabi\\include\\machine\\_default_type
 516              		.file 3 "c:\\tools\\gcc-arm-none-eabi-10.3-2021.10\\arm-none-eabi\\include\\sys\\_stdint.h"
 517              		.file 4 "Drivers/CMSIS/Device/ST/STM32F4xx/Include/stm32f412cx.h"
 518              		.file 5 "Drivers/CMSIS/Device/ST/STM32F4xx/Include/stm32f4xx.h"
 519              		.file 6 "Drivers/STM32F4xx_HAL_Driver/Inc/stm32f4xx_hal_def.h"
 520              		.file 7 "Drivers/STM32F4xx_HAL_Driver/Inc/stm32f4xx_hal_gpio.h"
 521              		.file 8 "Drivers/STM32F4xx_HAL_Driver/Inc/stm32f4xx_hal_dma.h"
 522              		.file 9 "Drivers/STM32F4xx_HAL_Driver/Inc/stm32f4xx_hal_adc.h"
 523              		.file 10 "Core/Inc/adc.h"
 524              		.file 11 "Core/Inc/main.h"
ARM GAS  C:\Users\hide\AppData\Local\Temp\ccTVDavf.s 			page 15


DEFINED SYMBOLS
                            *ABS*:00000000 adc.c
C:\Users\hide\AppData\Local\Temp\ccTVDavf.s:20     .text.MX_ADC1_Init:00000000 $t
C:\Users\hide\AppData\Local\Temp\ccTVDavf.s:26     .text.MX_ADC1_Init:00000000 MX_ADC1_Init
C:\Users\hide\AppData\Local\Temp\ccTVDavf.s:224    .text.MX_ADC1_Init:000000c0 $d
C:\Users\hide\AppData\Local\Temp\ccTVDavf.s:230    .text.HAL_ADC_MspInit:00000000 $t
C:\Users\hide\AppData\Local\Temp\ccTVDavf.s:236    .text.HAL_ADC_MspInit:00000000 HAL_ADC_MspInit
C:\Users\hide\AppData\Local\Temp\ccTVDavf.s:425    .text.HAL_ADC_MspInit:000000c0 $d
C:\Users\hide\AppData\Local\Temp\ccTVDavf.s:433    .text.HAL_ADC_MspDeInit:00000000 $t
C:\Users\hide\AppData\Local\Temp\ccTVDavf.s:439    .text.HAL_ADC_MspDeInit:00000000 HAL_ADC_MspDeInit
C:\Users\hide\AppData\Local\Temp\ccTVDavf.s:490    .text.HAL_ADC_MspDeInit:00000030 $d
C:\Users\hide\AppData\Local\Temp\ccTVDavf.s:511    .bss.hdma_adc1:00000000 hdma_adc1
C:\Users\hide\AppData\Local\Temp\ccTVDavf.s:504    .bss.hadc1:00000000 hadc1
C:\Users\hide\AppData\Local\Temp\ccTVDavf.s:500    .bss.hadc1:00000000 $d
C:\Users\hide\AppData\Local\Temp\ccTVDavf.s:507    .bss.hdma_adc1:00000000 $d

UNDEFINED SYMBOLS
HAL_ADC_Init
HAL_ADC_ConfigChannel
Error_Handler
HAL_GPIO_Init
HAL_DMA_Init
HAL_GPIO_DeInit
HAL_DMA_DeInit
