ARM GAS  C:\Users\hide\AppData\Local\Temp\cci8GLyM.s 			page 1


   1              		.cpu cortex-m4
   2              		.arch armv7e-m
   3              		.fpu fpv4-sp-d16
   4              		.eabi_attribute 27, 1
   5              		.eabi_attribute 28, 1
   6              		.eabi_attribute 20, 1
   7              		.eabi_attribute 21, 1
   8              		.eabi_attribute 23, 3
   9              		.eabi_attribute 24, 1
  10              		.eabi_attribute 25, 1
  11              		.eabi_attribute 26, 1
  12              		.eabi_attribute 30, 1
  13              		.eabi_attribute 34, 1
  14              		.eabi_attribute 18, 4
  15              		.file	"icm20648.c"
  16              		.text
  17              	.Ltext0:
  18              		.cfi_sections	.debug_frame
  19              		.section	.text.IMU_writeRegister,"ax",%progbits
  20              		.align	1
  21              		.syntax unified
  22              		.thumb
  23              		.thumb_func
  25              	IMU_writeRegister:
  26              	.LVL0:
  27              	.LFB254:
  28              		.file 1 "Drivers/ICM20648/Src/icm20648.c"
   1:Drivers/ICM20648/Src/icm20648.c **** /* 
   2:Drivers/ICM20648/Src/icm20648.c **** ########################
   3:Drivers/ICM20648/Src/icm20648.c ****     ICM-20648 Driver
   4:Drivers/ICM20648/Src/icm20648.c **** ########################
   5:Drivers/ICM20648/Src/icm20648.c ****     Date			Author              Notes
   6:Drivers/ICM20648/Src/icm20648.c ****     2022/10/18      Aso Hidetoshi       First release
   7:Drivers/ICM20648/Src/icm20648.c **** */
   8:Drivers/ICM20648/Src/icm20648.c **** 
   9:Drivers/ICM20648/Src/icm20648.c **** #include"icm20648.h"
  10:Drivers/ICM20648/Src/icm20648.c **** 
  11:Drivers/ICM20648/Src/icm20648.c **** #define WHO_AM_I 0xE0
  12:Drivers/ICM20648/Src/icm20648.c **** #define RETRY_INIT 5
  13:Drivers/ICM20648/Src/icm20648.c **** #define TIMEOUT_MS 100
  14:Drivers/ICM20648/Src/icm20648.c **** 
  15:Drivers/ICM20648/Src/icm20648.c **** static SPI_HandleTypeDef *himu;
  16:Drivers/ICM20648/Src/icm20648.c **** static GPIO_TypeDef *_port_cs;
  17:Drivers/ICM20648/Src/icm20648.c **** static uint16_t _pin_cs;
  18:Drivers/ICM20648/Src/icm20648.c **** static float gyro_sensitivity=1.;
  19:Drivers/ICM20648/Src/icm20648.c **** static float accel_sensitivity=1.;
  20:Drivers/ICM20648/Src/icm20648.c **** 
  21:Drivers/ICM20648/Src/icm20648.c **** static uint8_t IMU_readRegister(uint8_t _adrs){
  22:Drivers/ICM20648/Src/icm20648.c ****     uint8_t recv = 0,adrs = _adrs | 0x80;
  23:Drivers/ICM20648/Src/icm20648.c **** 
  24:Drivers/ICM20648/Src/icm20648.c ****     HAL_GPIO_WritePin(_port_cs,_pin_cs,GPIO_PIN_RESET);
  25:Drivers/ICM20648/Src/icm20648.c ****     HAL_SPI_Transmit(himu,&adrs,1,HAL_MAX_DELAY);
  26:Drivers/ICM20648/Src/icm20648.c ****     HAL_SPI_Receive(himu,&recv,1,HAL_MAX_DELAY);
  27:Drivers/ICM20648/Src/icm20648.c ****     HAL_GPIO_WritePin(_port_cs,_pin_cs,GPIO_PIN_SET);
  28:Drivers/ICM20648/Src/icm20648.c ****     
  29:Drivers/ICM20648/Src/icm20648.c ****     return recv; 
  30:Drivers/ICM20648/Src/icm20648.c **** }
ARM GAS  C:\Users\hide\AppData\Local\Temp\cci8GLyM.s 			page 2


  31:Drivers/ICM20648/Src/icm20648.c **** 
  32:Drivers/ICM20648/Src/icm20648.c **** static uint16_t IMU_readRegister_2Byte(uint8_t _Hadrs,uint8_t _Ladrs){
  33:Drivers/ICM20648/Src/icm20648.c ****     uint8_t Hrecv,Lrecv;
  34:Drivers/ICM20648/Src/icm20648.c ****     Hrecv = IMU_readRegister(_Hadrs);
  35:Drivers/ICM20648/Src/icm20648.c ****     Lrecv = IMU_readRegister(_Ladrs);
  36:Drivers/ICM20648/Src/icm20648.c ****     return Hrecv << 8 | Lrecv;
  37:Drivers/ICM20648/Src/icm20648.c **** }
  38:Drivers/ICM20648/Src/icm20648.c **** 
  39:Drivers/ICM20648/Src/icm20648.c **** static void IMU_writeRegister(uint8_t _adrs,uint8_t data){
  29              		.loc 1 39 58 view -0
  30              		.cfi_startproc
  31              		@ args = 0, pretend = 0, frame = 16
  32              		@ frame_needed = 0, uses_anonymous_args = 0
  33              		.loc 1 39 58 is_stmt 0 view .LVU1
  34 0000 70B5     		push	{r4, r5, r6, lr}
  35              	.LCFI0:
  36              		.cfi_def_cfa_offset 16
  37              		.cfi_offset 4, -16
  38              		.cfi_offset 5, -12
  39              		.cfi_offset 6, -8
  40              		.cfi_offset 14, -4
  41 0002 84B0     		sub	sp, sp, #16
  42              	.LCFI1:
  43              		.cfi_def_cfa_offset 32
  44 0004 8DF80710 		strb	r1, [sp, #7]
  40:Drivers/ICM20648/Src/icm20648.c ****     uint8_t adrs = _adrs & 0x7F;
  45              		.loc 1 40 5 is_stmt 1 view .LVU2
  46              		.loc 1 40 26 is_stmt 0 view .LVU3
  47 0008 00F07F00 		and	r0, r0, #127
  48              	.LVL1:
  49              		.loc 1 40 13 view .LVU4
  50 000c 8DF80F00 		strb	r0, [sp, #15]
  41:Drivers/ICM20648/Src/icm20648.c ****     HAL_GPIO_WritePin(_port_cs,_pin_cs,GPIO_PIN_RESET);
  51              		.loc 1 41 5 is_stmt 1 view .LVU5
  52 0010 0F4D     		ldr	r5, .L3
  53 0012 104C     		ldr	r4, .L3+4
  54 0014 0022     		movs	r2, #0
  55 0016 2988     		ldrh	r1, [r5]
  56              	.LVL2:
  57              		.loc 1 41 5 is_stmt 0 view .LVU6
  58 0018 2068     		ldr	r0, [r4]
  59 001a FFF7FEFF 		bl	HAL_GPIO_WritePin
  60              	.LVL3:
  42:Drivers/ICM20648/Src/icm20648.c ****     HAL_SPI_Transmit(himu,&adrs,1,HAL_MAX_DELAY);
  61              		.loc 1 42 5 is_stmt 1 view .LVU7
  62 001e 0E4E     		ldr	r6, .L3+8
  63 0020 4FF0FF33 		mov	r3, #-1
  64 0024 0122     		movs	r2, #1
  65 0026 0DF10F01 		add	r1, sp, #15
  66 002a 3068     		ldr	r0, [r6]
  67 002c FFF7FEFF 		bl	HAL_SPI_Transmit
  68              	.LVL4:
  43:Drivers/ICM20648/Src/icm20648.c ****     HAL_SPI_Transmit(himu,&data,1,HAL_MAX_DELAY);
  69              		.loc 1 43 5 view .LVU8
  70 0030 4FF0FF33 		mov	r3, #-1
  71 0034 0122     		movs	r2, #1
  72 0036 0DF10701 		add	r1, sp, #7
ARM GAS  C:\Users\hide\AppData\Local\Temp\cci8GLyM.s 			page 3


  73 003a 3068     		ldr	r0, [r6]
  74 003c FFF7FEFF 		bl	HAL_SPI_Transmit
  75              	.LVL5:
  44:Drivers/ICM20648/Src/icm20648.c ****     HAL_GPIO_WritePin(_port_cs,_pin_cs,GPIO_PIN_SET);
  76              		.loc 1 44 5 view .LVU9
  77 0040 0122     		movs	r2, #1
  78 0042 2988     		ldrh	r1, [r5]
  79 0044 2068     		ldr	r0, [r4]
  80 0046 FFF7FEFF 		bl	HAL_GPIO_WritePin
  81              	.LVL6:
  45:Drivers/ICM20648/Src/icm20648.c **** }
  82              		.loc 1 45 1 is_stmt 0 view .LVU10
  83 004a 04B0     		add	sp, sp, #16
  84              	.LCFI2:
  85              		.cfi_def_cfa_offset 16
  86              		@ sp needed
  87 004c 70BD     		pop	{r4, r5, r6, pc}
  88              	.L4:
  89 004e 00BF     		.align	2
  90              	.L3:
  91 0050 00000000 		.word	.LANCHOR0
  92 0054 00000000 		.word	.LANCHOR1
  93 0058 00000000 		.word	.LANCHOR2
  94              		.cfi_endproc
  95              	.LFE254:
  97              		.section	.text.IMU_readRegister,"ax",%progbits
  98              		.align	1
  99              		.syntax unified
 100              		.thumb
 101              		.thumb_func
 103              	IMU_readRegister:
 104              	.LVL7:
 105              	.LFB252:
  21:Drivers/ICM20648/Src/icm20648.c ****     uint8_t recv = 0,adrs = _adrs | 0x80;
 106              		.loc 1 21 47 is_stmt 1 view -0
 107              		.cfi_startproc
 108              		@ args = 0, pretend = 0, frame = 8
 109              		@ frame_needed = 0, uses_anonymous_args = 0
  21:Drivers/ICM20648/Src/icm20648.c ****     uint8_t recv = 0,adrs = _adrs | 0x80;
 110              		.loc 1 21 47 is_stmt 0 view .LVU12
 111 0000 70B5     		push	{r4, r5, r6, lr}
 112              	.LCFI3:
 113              		.cfi_def_cfa_offset 16
 114              		.cfi_offset 4, -16
 115              		.cfi_offset 5, -12
 116              		.cfi_offset 6, -8
 117              		.cfi_offset 14, -4
 118 0002 82B0     		sub	sp, sp, #8
 119              	.LCFI4:
 120              		.cfi_def_cfa_offset 24
  22:Drivers/ICM20648/Src/icm20648.c **** 
 121              		.loc 1 22 5 is_stmt 1 view .LVU13
  22:Drivers/ICM20648/Src/icm20648.c **** 
 122              		.loc 1 22 13 is_stmt 0 view .LVU14
 123 0004 0022     		movs	r2, #0
 124 0006 8DF80720 		strb	r2, [sp, #7]
  22:Drivers/ICM20648/Src/icm20648.c **** 
ARM GAS  C:\Users\hide\AppData\Local\Temp\cci8GLyM.s 			page 4


 125              		.loc 1 22 22 view .LVU15
 126 000a 60F07F00 		orn	r0, r0, #127
 127              	.LVL8:
  22:Drivers/ICM20648/Src/icm20648.c **** 
 128              		.loc 1 22 22 view .LVU16
 129 000e 8DF80600 		strb	r0, [sp, #6]
  24:Drivers/ICM20648/Src/icm20648.c ****     HAL_SPI_Transmit(himu,&adrs,1,HAL_MAX_DELAY);
 130              		.loc 1 24 5 is_stmt 1 view .LVU17
 131 0012 104D     		ldr	r5, .L7
 132 0014 104C     		ldr	r4, .L7+4
 133 0016 2988     		ldrh	r1, [r5]
 134 0018 2068     		ldr	r0, [r4]
 135 001a FFF7FEFF 		bl	HAL_GPIO_WritePin
 136              	.LVL9:
  25:Drivers/ICM20648/Src/icm20648.c ****     HAL_SPI_Receive(himu,&recv,1,HAL_MAX_DELAY);
 137              		.loc 1 25 5 view .LVU18
 138 001e 0F4E     		ldr	r6, .L7+8
 139 0020 4FF0FF33 		mov	r3, #-1
 140 0024 0122     		movs	r2, #1
 141 0026 0DF10601 		add	r1, sp, #6
 142 002a 3068     		ldr	r0, [r6]
 143 002c FFF7FEFF 		bl	HAL_SPI_Transmit
 144              	.LVL10:
  26:Drivers/ICM20648/Src/icm20648.c ****     HAL_GPIO_WritePin(_port_cs,_pin_cs,GPIO_PIN_SET);
 145              		.loc 1 26 5 view .LVU19
 146 0030 4FF0FF33 		mov	r3, #-1
 147 0034 0122     		movs	r2, #1
 148 0036 0DF10701 		add	r1, sp, #7
 149 003a 3068     		ldr	r0, [r6]
 150 003c FFF7FEFF 		bl	HAL_SPI_Receive
 151              	.LVL11:
  27:Drivers/ICM20648/Src/icm20648.c ****     
 152              		.loc 1 27 5 view .LVU20
 153 0040 0122     		movs	r2, #1
 154 0042 2988     		ldrh	r1, [r5]
 155 0044 2068     		ldr	r0, [r4]
 156 0046 FFF7FEFF 		bl	HAL_GPIO_WritePin
 157              	.LVL12:
  29:Drivers/ICM20648/Src/icm20648.c **** }
 158              		.loc 1 29 5 view .LVU21
  30:Drivers/ICM20648/Src/icm20648.c **** 
 159              		.loc 1 30 1 is_stmt 0 view .LVU22
 160 004a 9DF80700 		ldrb	r0, [sp, #7]	@ zero_extendqisi2
 161 004e 02B0     		add	sp, sp, #8
 162              	.LCFI5:
 163              		.cfi_def_cfa_offset 16
 164              		@ sp needed
 165 0050 70BD     		pop	{r4, r5, r6, pc}
 166              	.L8:
 167 0052 00BF     		.align	2
 168              	.L7:
 169 0054 00000000 		.word	.LANCHOR0
 170 0058 00000000 		.word	.LANCHOR1
 171 005c 00000000 		.word	.LANCHOR2
 172              		.cfi_endproc
 173              	.LFE252:
 175              		.section	.text.IMU_changeSensitivity,"ax",%progbits
ARM GAS  C:\Users\hide\AppData\Local\Temp\cci8GLyM.s 			page 5


 176              		.align	1
 177              		.syntax unified
 178              		.thumb
 179              		.thumb_func
 181              	IMU_changeSensitivity:
 182              	.LVL13:
 183              	.LFB255:
  46:Drivers/ICM20648/Src/icm20648.c **** 
  47:Drivers/ICM20648/Src/icm20648.c **** /*
  48:Drivers/ICM20648/Src/icm20648.c ****     ジャイロ
  49:Drivers/ICM20648/Src/icm20648.c ****     0   →   ±250dps
  50:Drivers/ICM20648/Src/icm20648.c ****     1   →   ±500dps
  51:Drivers/ICM20648/Src/icm20648.c ****     2   →   ±1000dps
  52:Drivers/ICM20648/Src/icm20648.c ****     3   →   ±2000dps
  53:Drivers/ICM20648/Src/icm20648.c ****     加速度
  54:Drivers/ICM20648/Src/icm20648.c ****     0   →   ±2g
  55:Drivers/ICM20648/Src/icm20648.c ****     1   →   ±4g
  56:Drivers/ICM20648/Src/icm20648.c ****     2   →   ±8g
  57:Drivers/ICM20648/Src/icm20648.c ****     3   →   ±16g
  58:Drivers/ICM20648/Src/icm20648.c **** */
  59:Drivers/ICM20648/Src/icm20648.c **** static int IMU_changeSensitivity(uint8_t _gyro,uint8_t _accel){
 184              		.loc 1 59 63 is_stmt 1 view -0
 185              		.cfi_startproc
 186              		@ args = 0, pretend = 0, frame = 0
 187              		@ frame_needed = 0, uses_anonymous_args = 0
  60:Drivers/ICM20648/Src/icm20648.c ****     if(_gyro > 0b11 || _accel > 0b11) return -1;
 188              		.loc 1 60 5 view .LVU24
 189              		.loc 1 60 7 is_stmt 0 view .LVU25
 190 0000 0328     		cmp	r0, #3
 191 0002 59D8     		bhi	.L22
  59:Drivers/ICM20648/Src/icm20648.c ****     if(_gyro > 0b11 || _accel > 0b11) return -1;
 192              		.loc 1 59 63 discriminator 2 view .LVU26
 193 0004 F8B5     		push	{r3, r4, r5, r6, r7, lr}
 194              	.LCFI6:
 195              		.cfi_def_cfa_offset 24
 196              		.cfi_offset 3, -24
 197              		.cfi_offset 4, -20
 198              		.cfi_offset 5, -16
 199              		.cfi_offset 6, -12
 200              		.cfi_offset 7, -8
 201              		.cfi_offset 14, -4
 202 0006 0446     		mov	r4, r0
 203 0008 0D46     		mov	r5, r1
 204              		.loc 1 60 21 discriminator 2 view .LVU27
 205 000a 0329     		cmp	r1, #3
 206 000c 57D8     		bhi	.L23
  61:Drivers/ICM20648/Src/icm20648.c **** 
  62:Drivers/ICM20648/Src/icm20648.c ****     uint8_t gyro_config=_gyro << 1,accel_config=_accel<<1;
 207              		.loc 1 62 5 is_stmt 1 view .LVU28
 208              		.loc 1 62 13 is_stmt 0 view .LVU29
 209 000e 4600     		lsls	r6, r0, #1
 210 0010 F6B2     		uxtb	r6, r6
 211              	.LVL14:
 212              		.loc 1 62 36 view .LVU30
 213 0012 4F00     		lsls	r7, r1, #1
 214 0014 FFB2     		uxtb	r7, r7
 215              	.LVL15:
ARM GAS  C:\Users\hide\AppData\Local\Temp\cci8GLyM.s 			page 6


  63:Drivers/ICM20648/Src/icm20648.c **** 
  64:Drivers/ICM20648/Src/icm20648.c ****     IMU_writeRegister(0x7F,0x20);   //バンク切り替え(バンク2)
 216              		.loc 1 64 5 is_stmt 1 view .LVU31
 217 0016 2021     		movs	r1, #32
 218              	.LVL16:
 219              		.loc 1 64 5 is_stmt 0 view .LVU32
 220 0018 7F20     		movs	r0, #127
 221              	.LVL17:
 222              		.loc 1 64 5 view .LVU33
 223 001a FFF7FEFF 		bl	IMU_writeRegister
 224              	.LVL18:
  65:Drivers/ICM20648/Src/icm20648.c ****     
  66:Drivers/ICM20648/Src/icm20648.c ****     //レジスタに書き込む
  67:Drivers/ICM20648/Src/icm20648.c ****     IMU_writeRegister(0x01,gyro_config);
 225              		.loc 1 67 5 is_stmt 1 view .LVU34
 226 001e 3146     		mov	r1, r6
 227 0020 0120     		movs	r0, #1
 228 0022 FFF7FEFF 		bl	IMU_writeRegister
 229              	.LVL19:
  68:Drivers/ICM20648/Src/icm20648.c ****     IMU_writeRegister(0x14,accel_config);
 230              		.loc 1 68 5 view .LVU35
 231 0026 3946     		mov	r1, r7
 232 0028 1420     		movs	r0, #20
 233 002a FFF7FEFF 		bl	IMU_writeRegister
 234              	.LVL20:
  69:Drivers/ICM20648/Src/icm20648.c ****     
  70:Drivers/ICM20648/Src/icm20648.c ****     //書き込まれたか確認
  71:Drivers/ICM20648/Src/icm20648.c ****     if((IMU_readRegister(0x01) & 0b0110) != gyro_config) return -1;
 235              		.loc 1 71 5 view .LVU36
 236              		.loc 1 71 9 is_stmt 0 view .LVU37
 237 002e 0120     		movs	r0, #1
 238 0030 FFF7FEFF 		bl	IMU_readRegister
 239              	.LVL21:
 240              		.loc 1 71 7 view .LVU38
 241 0034 00F00600 		and	r0, r0, #6
 242 0038 8642     		cmp	r6, r0
 243 003a 43D1     		bne	.L24
  72:Drivers/ICM20648/Src/icm20648.c ****     if((IMU_readRegister(0x14) & 0b0110) != accel_config) return -1;
 244              		.loc 1 72 5 is_stmt 1 view .LVU39
 245              		.loc 1 72 9 is_stmt 0 view .LVU40
 246 003c 1420     		movs	r0, #20
 247 003e FFF7FEFF 		bl	IMU_readRegister
 248              	.LVL22:
 249              		.loc 1 72 7 view .LVU41
 250 0042 00F00600 		and	r0, r0, #6
 251 0046 8742     		cmp	r7, r0
 252 0048 3FD1     		bne	.L25
  73:Drivers/ICM20648/Src/icm20648.c **** 
  74:Drivers/ICM20648/Src/icm20648.c ****     IMU_writeRegister(0x7F,0x00);   //バンク切り替え(バンク0)
 253              		.loc 1 74 5 is_stmt 1 view .LVU42
 254 004a 0021     		movs	r1, #0
 255 004c 7F20     		movs	r0, #127
 256 004e FFF7FEFF 		bl	IMU_writeRegister
 257              	.LVL23:
  75:Drivers/ICM20648/Src/icm20648.c **** 
  76:Drivers/ICM20648/Src/icm20648.c ****     switch(_gyro){
 258              		.loc 1 76 5 view .LVU43
ARM GAS  C:\Users\hide\AppData\Local\Temp\cci8GLyM.s 			page 7


 259 0052 032C     		cmp	r4, #3
 260 0054 06D8     		bhi	.L11
 261 0056 DFE804F0 		tbb	[pc, r4]
 262              	.L13:
 263 005a 02       		.byte	(.L16-.L13)/2
 264 005b 0B       		.byte	(.L15-.L13)/2
 265 005c 0F       		.byte	(.L14-.L13)/2
 266 005d 13       		.byte	(.L12-.L13)/2
 267              		.p2align 1
 268              	.L16:
  77:Drivers/ICM20648/Src/icm20648.c ****         case 0:
  78:Drivers/ICM20648/Src/icm20648.c ****             gyro_sensitivity = 250.0 / 32768.0;
 269              		.loc 1 78 13 view .LVU44
 270              		.loc 1 78 30 is_stmt 0 view .LVU45
 271 005e 1D4B     		ldr	r3, .L31
 272 0060 1D4A     		ldr	r2, .L31+4
 273 0062 1A60     		str	r2, [r3]	@ float
  79:Drivers/ICM20648/Src/icm20648.c ****             break;
 274              		.loc 1 79 13 is_stmt 1 view .LVU46
 275              	.L11:
  80:Drivers/ICM20648/Src/icm20648.c ****         case 1:
  81:Drivers/ICM20648/Src/icm20648.c ****             gyro_sensitivity = 500.0 / 32768.0;
  82:Drivers/ICM20648/Src/icm20648.c ****             break;
  83:Drivers/ICM20648/Src/icm20648.c ****         case 2:
  84:Drivers/ICM20648/Src/icm20648.c ****             gyro_sensitivity = 1000.0 / 32768.0;
  85:Drivers/ICM20648/Src/icm20648.c ****             break;
  86:Drivers/ICM20648/Src/icm20648.c ****         case 3:
  87:Drivers/ICM20648/Src/icm20648.c ****             gyro_sensitivity = 2000.0 / 32768.0;
  88:Drivers/ICM20648/Src/icm20648.c ****             break;
  89:Drivers/ICM20648/Src/icm20648.c ****     }
  90:Drivers/ICM20648/Src/icm20648.c ****     switch(_accel){
 276              		.loc 1 90 5 view .LVU47
 277 0064 032D     		cmp	r5, #3
 278 0066 33D8     		bhi	.L26
 279 0068 DFE805F0 		tbb	[pc, r5]
 280              	.L18:
 281 006c 0E       		.byte	(.L21-.L18)/2
 282 006d 14       		.byte	(.L20-.L18)/2
 283 006e 1A       		.byte	(.L19-.L18)/2
 284 006f 20       		.byte	(.L17-.L18)/2
 285              		.p2align 1
 286              	.L15:
  81:Drivers/ICM20648/Src/icm20648.c ****             break;
 287              		.loc 1 81 13 view .LVU48
  81:Drivers/ICM20648/Src/icm20648.c ****             break;
 288              		.loc 1 81 30 is_stmt 0 view .LVU49
 289 0070 184B     		ldr	r3, .L31
 290 0072 1A4A     		ldr	r2, .L31+8
 291 0074 1A60     		str	r2, [r3]	@ float
  82:Drivers/ICM20648/Src/icm20648.c ****         case 2:
 292              		.loc 1 82 13 is_stmt 1 view .LVU50
 293 0076 F5E7     		b	.L11
 294              	.L14:
  84:Drivers/ICM20648/Src/icm20648.c ****             break;
 295              		.loc 1 84 13 view .LVU51
  84:Drivers/ICM20648/Src/icm20648.c ****             break;
 296              		.loc 1 84 30 is_stmt 0 view .LVU52
ARM GAS  C:\Users\hide\AppData\Local\Temp\cci8GLyM.s 			page 8


 297 0078 164B     		ldr	r3, .L31
 298 007a 194A     		ldr	r2, .L31+12
 299 007c 1A60     		str	r2, [r3]	@ float
  85:Drivers/ICM20648/Src/icm20648.c ****         case 3:
 300              		.loc 1 85 13 is_stmt 1 view .LVU53
 301 007e F1E7     		b	.L11
 302              	.L12:
  87:Drivers/ICM20648/Src/icm20648.c ****             break;
 303              		.loc 1 87 13 view .LVU54
  87:Drivers/ICM20648/Src/icm20648.c ****             break;
 304              		.loc 1 87 30 is_stmt 0 view .LVU55
 305 0080 144B     		ldr	r3, .L31
 306 0082 184A     		ldr	r2, .L31+16
 307 0084 1A60     		str	r2, [r3]	@ float
  88:Drivers/ICM20648/Src/icm20648.c ****     }
 308              		.loc 1 88 13 is_stmt 1 view .LVU56
 309 0086 EDE7     		b	.L11
 310              	.L21:
  91:Drivers/ICM20648/Src/icm20648.c ****         case 0:
  92:Drivers/ICM20648/Src/icm20648.c ****             accel_sensitivity = 2.0 / 32768.0;
 311              		.loc 1 92 13 view .LVU57
 312              		.loc 1 92 31 is_stmt 0 view .LVU58
 313 0088 174B     		ldr	r3, .L31+20
 314 008a 4FF06252 		mov	r2, #947912704
 315 008e 1A60     		str	r2, [r3]	@ float
  93:Drivers/ICM20648/Src/icm20648.c ****             break;
 316              		.loc 1 93 13 is_stmt 1 view .LVU59
  94:Drivers/ICM20648/Src/icm20648.c ****         case 1:
  95:Drivers/ICM20648/Src/icm20648.c ****             accel_sensitivity = 4.0 / 32768.0;
  96:Drivers/ICM20648/Src/icm20648.c ****             break;
  97:Drivers/ICM20648/Src/icm20648.c ****         case 2:
  98:Drivers/ICM20648/Src/icm20648.c ****             accel_sensitivity = 8.0 / 32768.0;
  99:Drivers/ICM20648/Src/icm20648.c ****             break;
 100:Drivers/ICM20648/Src/icm20648.c ****         case 3:
 101:Drivers/ICM20648/Src/icm20648.c ****             accel_sensitivity = 16.0 / 32768.0;
 102:Drivers/ICM20648/Src/icm20648.c ****             break;
 103:Drivers/ICM20648/Src/icm20648.c ****     }
 104:Drivers/ICM20648/Src/icm20648.c **** 
 105:Drivers/ICM20648/Src/icm20648.c ****     return 0;
 317              		.loc 1 105 12 is_stmt 0 view .LVU60
 318 0090 0020     		movs	r0, #0
 319              	.LVL24:
 320              	.L9:
 106:Drivers/ICM20648/Src/icm20648.c **** }
 321              		.loc 1 106 1 view .LVU61
 322 0092 F8BD     		pop	{r3, r4, r5, r6, r7, pc}
 323              	.LVL25:
 324              	.L20:
  95:Drivers/ICM20648/Src/icm20648.c ****             break;
 325              		.loc 1 95 13 is_stmt 1 view .LVU62
  95:Drivers/ICM20648/Src/icm20648.c ****             break;
 326              		.loc 1 95 31 is_stmt 0 view .LVU63
 327 0094 144B     		ldr	r3, .L31+20
 328 0096 4FF06452 		mov	r2, #956301312
 329 009a 1A60     		str	r2, [r3]	@ float
  96:Drivers/ICM20648/Src/icm20648.c ****         case 2:
 330              		.loc 1 96 13 is_stmt 1 view .LVU64
ARM GAS  C:\Users\hide\AppData\Local\Temp\cci8GLyM.s 			page 9


 105:Drivers/ICM20648/Src/icm20648.c **** }
 331              		.loc 1 105 12 is_stmt 0 view .LVU65
 332 009c 0020     		movs	r0, #0
  96:Drivers/ICM20648/Src/icm20648.c ****         case 2:
 333              		.loc 1 96 13 view .LVU66
 334 009e F8E7     		b	.L9
 335              	.L19:
  98:Drivers/ICM20648/Src/icm20648.c ****             break;
 336              		.loc 1 98 13 is_stmt 1 view .LVU67
  98:Drivers/ICM20648/Src/icm20648.c ****             break;
 337              		.loc 1 98 31 is_stmt 0 view .LVU68
 338 00a0 114B     		ldr	r3, .L31+20
 339 00a2 4FF06652 		mov	r2, #964689920
 340 00a6 1A60     		str	r2, [r3]	@ float
  99:Drivers/ICM20648/Src/icm20648.c ****         case 3:
 341              		.loc 1 99 13 is_stmt 1 view .LVU69
 105:Drivers/ICM20648/Src/icm20648.c **** }
 342              		.loc 1 105 12 is_stmt 0 view .LVU70
 343 00a8 0020     		movs	r0, #0
  99:Drivers/ICM20648/Src/icm20648.c ****         case 3:
 344              		.loc 1 99 13 view .LVU71
 345 00aa F2E7     		b	.L9
 346              	.L17:
 101:Drivers/ICM20648/Src/icm20648.c ****             break;
 347              		.loc 1 101 13 is_stmt 1 view .LVU72
 101:Drivers/ICM20648/Src/icm20648.c ****             break;
 348              		.loc 1 101 31 is_stmt 0 view .LVU73
 349 00ac 0E4B     		ldr	r3, .L31+20
 350 00ae 4FF06852 		mov	r2, #973078528
 351 00b2 1A60     		str	r2, [r3]	@ float
 102:Drivers/ICM20648/Src/icm20648.c ****     }
 352              		.loc 1 102 13 is_stmt 1 view .LVU74
 105:Drivers/ICM20648/Src/icm20648.c **** }
 353              		.loc 1 105 12 is_stmt 0 view .LVU75
 354 00b4 0020     		movs	r0, #0
 102:Drivers/ICM20648/Src/icm20648.c ****     }
 355              		.loc 1 102 13 view .LVU76
 356 00b6 ECE7     		b	.L9
 357              	.LVL26:
 358              	.L22:
 359              	.LCFI7:
 360              		.cfi_def_cfa_offset 0
 361              		.cfi_restore 3
 362              		.cfi_restore 4
 363              		.cfi_restore 5
 364              		.cfi_restore 6
 365              		.cfi_restore 7
 366              		.cfi_restore 14
  60:Drivers/ICM20648/Src/icm20648.c **** 
 367              		.loc 1 60 46 view .LVU77
 368 00b8 4FF0FF30 		mov	r0, #-1
 369              	.LVL27:
 370              		.loc 1 106 1 view .LVU78
 371 00bc 7047     		bx	lr
 372              	.LVL28:
 373              	.L23:
 374              	.LCFI8:
ARM GAS  C:\Users\hide\AppData\Local\Temp\cci8GLyM.s 			page 10


 375              		.cfi_def_cfa_offset 24
 376              		.cfi_offset 3, -24
 377              		.cfi_offset 4, -20
 378              		.cfi_offset 5, -16
 379              		.cfi_offset 6, -12
 380              		.cfi_offset 7, -8
 381              		.cfi_offset 14, -4
  60:Drivers/ICM20648/Src/icm20648.c **** 
 382              		.loc 1 60 46 view .LVU79
 383 00be 4FF0FF30 		mov	r0, #-1
 384              	.LVL29:
  60:Drivers/ICM20648/Src/icm20648.c **** 
 385              		.loc 1 60 46 view .LVU80
 386 00c2 E6E7     		b	.L9
 387              	.LVL30:
 388              	.L24:
  71:Drivers/ICM20648/Src/icm20648.c ****     if((IMU_readRegister(0x14) & 0b0110) != accel_config) return -1;
 389              		.loc 1 71 65 view .LVU81
 390 00c4 4FF0FF30 		mov	r0, #-1
 391 00c8 E3E7     		b	.L9
 392              	.L25:
  72:Drivers/ICM20648/Src/icm20648.c **** 
 393              		.loc 1 72 66 view .LVU82
 394 00ca 4FF0FF30 		mov	r0, #-1
 395 00ce E0E7     		b	.L9
 396              	.L26:
  90:Drivers/ICM20648/Src/icm20648.c ****         case 0:
 397              		.loc 1 90 5 view .LVU83
 398 00d0 0020     		movs	r0, #0
 399 00d2 DEE7     		b	.L9
 400              	.L32:
 401              		.align	2
 402              	.L31:
 403 00d4 00000000 		.word	.LANCHOR3
 404 00d8 0000FA3B 		.word	1006239744
 405 00dc 00007A3C 		.word	1014628352
 406 00e0 0000FA3C 		.word	1023016960
 407 00e4 00007A3D 		.word	1031405568
 408 00e8 00000000 		.word	.LANCHOR4
 409              		.cfi_endproc
 410              	.LFE255:
 412              		.section	.text.IMU_readRegister_2Byte,"ax",%progbits
 413              		.align	1
 414              		.syntax unified
 415              		.thumb
 416              		.thumb_func
 418              	IMU_readRegister_2Byte:
 419              	.LVL31:
 420              	.LFB253:
  32:Drivers/ICM20648/Src/icm20648.c ****     uint8_t Hrecv,Lrecv;
 421              		.loc 1 32 70 is_stmt 1 view -0
 422              		.cfi_startproc
 423              		@ args = 0, pretend = 0, frame = 0
 424              		@ frame_needed = 0, uses_anonymous_args = 0
  32:Drivers/ICM20648/Src/icm20648.c ****     uint8_t Hrecv,Lrecv;
 425              		.loc 1 32 70 is_stmt 0 view .LVU85
 426 0000 38B5     		push	{r3, r4, r5, lr}
ARM GAS  C:\Users\hide\AppData\Local\Temp\cci8GLyM.s 			page 11


 427              	.LCFI9:
 428              		.cfi_def_cfa_offset 16
 429              		.cfi_offset 3, -16
 430              		.cfi_offset 4, -12
 431              		.cfi_offset 5, -8
 432              		.cfi_offset 14, -4
 433 0002 0D46     		mov	r5, r1
  33:Drivers/ICM20648/Src/icm20648.c ****     Hrecv = IMU_readRegister(_Hadrs);
 434              		.loc 1 33 5 is_stmt 1 view .LVU86
  34:Drivers/ICM20648/Src/icm20648.c ****     Lrecv = IMU_readRegister(_Ladrs);
 435              		.loc 1 34 5 view .LVU87
  34:Drivers/ICM20648/Src/icm20648.c ****     Lrecv = IMU_readRegister(_Ladrs);
 436              		.loc 1 34 13 is_stmt 0 view .LVU88
 437 0004 FFF7FEFF 		bl	IMU_readRegister
 438              	.LVL32:
  34:Drivers/ICM20648/Src/icm20648.c ****     Lrecv = IMU_readRegister(_Ladrs);
 439              		.loc 1 34 13 view .LVU89
 440 0008 0446     		mov	r4, r0
 441              	.LVL33:
  35:Drivers/ICM20648/Src/icm20648.c ****     return Hrecv << 8 | Lrecv;
 442              		.loc 1 35 5 is_stmt 1 view .LVU90
  35:Drivers/ICM20648/Src/icm20648.c ****     return Hrecv << 8 | Lrecv;
 443              		.loc 1 35 13 is_stmt 0 view .LVU91
 444 000a 2846     		mov	r0, r5
 445 000c FFF7FEFF 		bl	IMU_readRegister
 446              	.LVL34:
  36:Drivers/ICM20648/Src/icm20648.c **** }
 447              		.loc 1 36 5 is_stmt 1 view .LVU92
  36:Drivers/ICM20648/Src/icm20648.c **** }
 448              		.loc 1 36 23 is_stmt 0 view .LVU93
 449 0010 40EA0420 		orr	r0, r0, r4, lsl #8
 450              	.LVL35:
  37:Drivers/ICM20648/Src/icm20648.c **** 
 451              		.loc 1 37 1 view .LVU94
 452 0014 80B2     		uxth	r0, r0
 453 0016 38BD     		pop	{r3, r4, r5, pc}
  37:Drivers/ICM20648/Src/icm20648.c **** 
 454              		.loc 1 37 1 view .LVU95
 455              		.cfi_endproc
 456              	.LFE253:
 458              		.section	.text.readWHO_AM_I,"ax",%progbits
 459              		.align	1
 460              		.global	readWHO_AM_I
 461              		.syntax unified
 462              		.thumb
 463              		.thumb_func
 465              	readWHO_AM_I:
 466              	.LFB256:
 107:Drivers/ICM20648/Src/icm20648.c **** 
 108:Drivers/ICM20648/Src/icm20648.c **** uint8_t readWHO_AM_I(){
 467              		.loc 1 108 23 is_stmt 1 view -0
 468              		.cfi_startproc
 469              		@ args = 0, pretend = 0, frame = 0
 470              		@ frame_needed = 0, uses_anonymous_args = 0
 471 0000 08B5     		push	{r3, lr}
 472              	.LCFI10:
 473              		.cfi_def_cfa_offset 8
ARM GAS  C:\Users\hide\AppData\Local\Temp\cci8GLyM.s 			page 12


 474              		.cfi_offset 3, -8
 475              		.cfi_offset 14, -4
 109:Drivers/ICM20648/Src/icm20648.c ****     return IMU_readRegister(0x00);
 476              		.loc 1 109 5 view .LVU97
 477              		.loc 1 109 12 is_stmt 0 view .LVU98
 478 0002 0020     		movs	r0, #0
 479 0004 FFF7FEFF 		bl	IMU_readRegister
 480              	.LVL36:
 110:Drivers/ICM20648/Src/icm20648.c **** }
 481              		.loc 1 110 1 view .LVU99
 482 0008 08BD     		pop	{r3, pc}
 483              		.cfi_endproc
 484              	.LFE256:
 486              		.section	.rodata.IMU_init.str1.4,"aMS",%progbits,1
 487              		.align	2
 488              	.LC0:
 489 0000 25780D0A 		.ascii	"%x\015\012\000"
 489      00
 490              		.section	.text.IMU_init,"ax",%progbits
 491              		.align	1
 492              		.global	IMU_init
 493              		.syntax unified
 494              		.thumb
 495              		.thumb_func
 497              	IMU_init:
 498              	.LVL37:
 499              	.LFB257:
 111:Drivers/ICM20648/Src/icm20648.c **** 
 112:Drivers/ICM20648/Src/icm20648.c **** int IMU_init(SPI_HandleTypeDef *handle,GPIO_TypeDef *port,uint16_t pin){
 500              		.loc 1 112 72 is_stmt 1 view -0
 501              		.cfi_startproc
 502              		@ args = 0, pretend = 0, frame = 0
 503              		@ frame_needed = 0, uses_anonymous_args = 0
 504              		.loc 1 112 72 is_stmt 0 view .LVU101
 505 0000 38B5     		push	{r3, r4, r5, lr}
 506              	.LCFI11:
 507              		.cfi_def_cfa_offset 16
 508              		.cfi_offset 3, -16
 509              		.cfi_offset 4, -12
 510              		.cfi_offset 5, -8
 511              		.cfi_offset 14, -4
 113:Drivers/ICM20648/Src/icm20648.c ****     himu = handle;
 512              		.loc 1 113 5 is_stmt 1 view .LVU102
 513              		.loc 1 113 10 is_stmt 0 view .LVU103
 514 0002 134B     		ldr	r3, .L44
 515 0004 1860     		str	r0, [r3]
 114:Drivers/ICM20648/Src/icm20648.c ****     _port_cs = port;
 516              		.loc 1 114 5 is_stmt 1 view .LVU104
 517              		.loc 1 114 14 is_stmt 0 view .LVU105
 518 0006 134B     		ldr	r3, .L44+4
 519 0008 1960     		str	r1, [r3]
 115:Drivers/ICM20648/Src/icm20648.c ****     _pin_cs = pin;
 520              		.loc 1 115 5 is_stmt 1 view .LVU106
 521              		.loc 1 115 13 is_stmt 0 view .LVU107
 522 000a 134B     		ldr	r3, .L44+8
 523 000c 1A80     		strh	r2, [r3]	@ movhi
 116:Drivers/ICM20648/Src/icm20648.c **** 
ARM GAS  C:\Users\hide\AppData\Local\Temp\cci8GLyM.s 			page 13


 117:Drivers/ICM20648/Src/icm20648.c ****     int errcnt = 0;
 524              		.loc 1 117 5 is_stmt 1 view .LVU108
 525              	.LVL38:
 118:Drivers/ICM20648/Src/icm20648.c ****     uint8_t whoami = readWHO_AM_I();
 526              		.loc 1 118 5 view .LVU109
 527              		.loc 1 118 22 is_stmt 0 view .LVU110
 528 000e FFF7FEFF 		bl	readWHO_AM_I
 529              	.LVL39:
 530              		.loc 1 118 22 view .LVU111
 531 0012 0446     		mov	r4, r0
 532              	.LVL40:
 119:Drivers/ICM20648/Src/icm20648.c ****     while(whoami != WHO_AM_I){
 533              		.loc 1 119 5 is_stmt 1 view .LVU112
 117:Drivers/ICM20648/Src/icm20648.c ****     uint8_t whoami = readWHO_AM_I();
 534              		.loc 1 117 9 is_stmt 0 view .LVU113
 535 0014 0025     		movs	r5, #0
 536              	.LVL41:
 537              	.L38:
 538              		.loc 1 119 10 is_stmt 1 view .LVU114
 539 0016 E02C     		cmp	r4, #224
 540 0018 0FD0     		beq	.L43
 120:Drivers/ICM20648/Src/icm20648.c ****         HAL_Delay(100);
 541              		.loc 1 120 9 view .LVU115
 542 001a 6420     		movs	r0, #100
 543 001c FFF7FEFF 		bl	HAL_Delay
 544              	.LVL42:
 121:Drivers/ICM20648/Src/icm20648.c ****         whoami = readWHO_AM_I();
 545              		.loc 1 121 9 view .LVU116
 546              		.loc 1 121 18 is_stmt 0 view .LVU117
 547 0020 FFF7FEFF 		bl	readWHO_AM_I
 548              	.LVL43:
 549 0024 0446     		mov	r4, r0
 550              	.LVL44:
 122:Drivers/ICM20648/Src/icm20648.c ****         printf("%x\r\n",whoami);
 551              		.loc 1 122 9 is_stmt 1 view .LVU118
 552 0026 0146     		mov	r1, r0
 553 0028 0C48     		ldr	r0, .L44+12
 554              	.LVL45:
 555              		.loc 1 122 9 is_stmt 0 view .LVU119
 556 002a FFF7FEFF 		bl	printf
 557              	.LVL46:
 123:Drivers/ICM20648/Src/icm20648.c ****         errcnt++;
 558              		.loc 1 123 9 is_stmt 1 view .LVU120
 559              		.loc 1 123 15 is_stmt 0 view .LVU121
 560 002e 0135     		adds	r5, r5, #1
 561              	.LVL47:
 124:Drivers/ICM20648/Src/icm20648.c ****         if(errcnt >= RETRY_INIT) return -1;
 562              		.loc 1 124 9 is_stmt 1 view .LVU122
 563              		.loc 1 124 11 is_stmt 0 view .LVU123
 564 0030 042D     		cmp	r5, #4
 565 0032 F0DD     		ble	.L38
 566              		.loc 1 124 41 view .LVU124
 567 0034 4FF0FF30 		mov	r0, #-1
 568              	.L37:
 125:Drivers/ICM20648/Src/icm20648.c ****     }
 126:Drivers/ICM20648/Src/icm20648.c **** 
 127:Drivers/ICM20648/Src/icm20648.c ****     //スリープ解除
ARM GAS  C:\Users\hide\AppData\Local\Temp\cci8GLyM.s 			page 14


 128:Drivers/ICM20648/Src/icm20648.c ****     IMU_writeRegister(0x06,0x01);
 129:Drivers/ICM20648/Src/icm20648.c ****     //レンジの調整
 130:Drivers/ICM20648/Src/icm20648.c ****     IMU_changeSensitivity(2,1);
 131:Drivers/ICM20648/Src/icm20648.c **** 
 132:Drivers/ICM20648/Src/icm20648.c ****     return 0;
 133:Drivers/ICM20648/Src/icm20648.c **** }
 569              		.loc 1 133 1 view .LVU125
 570 0038 38BD     		pop	{r3, r4, r5, pc}
 571              	.LVL48:
 572              	.L43:
 128:Drivers/ICM20648/Src/icm20648.c ****     //レンジの調整
 573              		.loc 1 128 5 is_stmt 1 view .LVU126
 574 003a 0121     		movs	r1, #1
 575 003c 0620     		movs	r0, #6
 576 003e FFF7FEFF 		bl	IMU_writeRegister
 577              	.LVL49:
 130:Drivers/ICM20648/Src/icm20648.c **** 
 578              		.loc 1 130 5 view .LVU127
 579 0042 0121     		movs	r1, #1
 580 0044 0220     		movs	r0, #2
 581 0046 FFF7FEFF 		bl	IMU_changeSensitivity
 582              	.LVL50:
 132:Drivers/ICM20648/Src/icm20648.c **** }
 583              		.loc 1 132 5 view .LVU128
 132:Drivers/ICM20648/Src/icm20648.c **** }
 584              		.loc 1 132 12 is_stmt 0 view .LVU129
 585 004a 0020     		movs	r0, #0
 586 004c F4E7     		b	.L37
 587              	.L45:
 588 004e 00BF     		.align	2
 589              	.L44:
 590 0050 00000000 		.word	.LANCHOR2
 591 0054 00000000 		.word	.LANCHOR1
 592 0058 00000000 		.word	.LANCHOR0
 593 005c 00000000 		.word	.LC0
 594              		.cfi_endproc
 595              	.LFE257:
 597              		.section	.text.accelX_raw,"ax",%progbits
 598              		.align	1
 599              		.global	accelX_raw
 600              		.syntax unified
 601              		.thumb
 602              		.thumb_func
 604              	accelX_raw:
 605              	.LFB259:
 134:Drivers/ICM20648/Src/icm20648.c **** 
 135:Drivers/ICM20648/Src/icm20648.c **** float IMU_SurveyBias(int _reftime,int _interval){
 136:Drivers/ICM20648/Src/icm20648.c ****     float r_yaw_ref_tmp = 0;
 137:Drivers/ICM20648/Src/icm20648.c ****     for(uint16_t i = 0;i<GYROREFTIME;i++){
 138:Drivers/ICM20648/Src/icm20648.c ****         r_yaw_ref_tmp += gyroZ();
 139:Drivers/ICM20648/Src/icm20648.c ****         HAL_Delay(_interval);
 140:Drivers/ICM20648/Src/icm20648.c ****     }
 141:Drivers/ICM20648/Src/icm20648.c ****   return (float)(r_yaw_ref_tmp / GYROREFTIME);
 142:Drivers/ICM20648/Src/icm20648.c **** }
 143:Drivers/ICM20648/Src/icm20648.c **** 
 144:Drivers/ICM20648/Src/icm20648.c **** int16_t accelX_raw(){
 606              		.loc 1 144 21 is_stmt 1 view -0
ARM GAS  C:\Users\hide\AppData\Local\Temp\cci8GLyM.s 			page 15


 607              		.cfi_startproc
 608              		@ args = 0, pretend = 0, frame = 0
 609              		@ frame_needed = 0, uses_anonymous_args = 0
 610 0000 08B5     		push	{r3, lr}
 611              	.LCFI12:
 612              		.cfi_def_cfa_offset 8
 613              		.cfi_offset 3, -8
 614              		.cfi_offset 14, -4
 145:Drivers/ICM20648/Src/icm20648.c ****     return IMU_readRegister_2Byte(0x2D,0x2E);
 615              		.loc 1 145 5 view .LVU131
 616              		.loc 1 145 12 is_stmt 0 view .LVU132
 617 0002 2E21     		movs	r1, #46
 618 0004 2D20     		movs	r0, #45
 619 0006 FFF7FEFF 		bl	IMU_readRegister_2Byte
 620              	.LVL51:
 146:Drivers/ICM20648/Src/icm20648.c **** }
 621              		.loc 1 146 1 view .LVU133
 622 000a 00B2     		sxth	r0, r0
 623 000c 08BD     		pop	{r3, pc}
 624              		.cfi_endproc
 625              	.LFE259:
 627              		.section	.text.accelY_raw,"ax",%progbits
 628              		.align	1
 629              		.global	accelY_raw
 630              		.syntax unified
 631              		.thumb
 632              		.thumb_func
 634              	accelY_raw:
 635              	.LFB260:
 147:Drivers/ICM20648/Src/icm20648.c **** 
 148:Drivers/ICM20648/Src/icm20648.c **** int16_t accelY_raw(){
 636              		.loc 1 148 21 is_stmt 1 view -0
 637              		.cfi_startproc
 638              		@ args = 0, pretend = 0, frame = 0
 639              		@ frame_needed = 0, uses_anonymous_args = 0
 640 0000 08B5     		push	{r3, lr}
 641              	.LCFI13:
 642              		.cfi_def_cfa_offset 8
 643              		.cfi_offset 3, -8
 644              		.cfi_offset 14, -4
 149:Drivers/ICM20648/Src/icm20648.c ****     return IMU_readRegister_2Byte(0x2F,0x30);
 645              		.loc 1 149 5 view .LVU135
 646              		.loc 1 149 12 is_stmt 0 view .LVU136
 647 0002 3021     		movs	r1, #48
 648 0004 2F20     		movs	r0, #47
 649 0006 FFF7FEFF 		bl	IMU_readRegister_2Byte
 650              	.LVL52:
 150:Drivers/ICM20648/Src/icm20648.c **** }
 651              		.loc 1 150 1 view .LVU137
 652 000a 00B2     		sxth	r0, r0
 653 000c 08BD     		pop	{r3, pc}
 654              		.cfi_endproc
 655              	.LFE260:
 657              		.section	.text.accelZ_raw,"ax",%progbits
 658              		.align	1
 659              		.global	accelZ_raw
 660              		.syntax unified
ARM GAS  C:\Users\hide\AppData\Local\Temp\cci8GLyM.s 			page 16


 661              		.thumb
 662              		.thumb_func
 664              	accelZ_raw:
 665              	.LFB261:
 151:Drivers/ICM20648/Src/icm20648.c **** 
 152:Drivers/ICM20648/Src/icm20648.c **** int16_t accelZ_raw(){
 666              		.loc 1 152 21 is_stmt 1 view -0
 667              		.cfi_startproc
 668              		@ args = 0, pretend = 0, frame = 0
 669              		@ frame_needed = 0, uses_anonymous_args = 0
 670 0000 08B5     		push	{r3, lr}
 671              	.LCFI14:
 672              		.cfi_def_cfa_offset 8
 673              		.cfi_offset 3, -8
 674              		.cfi_offset 14, -4
 153:Drivers/ICM20648/Src/icm20648.c ****     return IMU_readRegister_2Byte(0x31,0x32);
 675              		.loc 1 153 5 view .LVU139
 676              		.loc 1 153 12 is_stmt 0 view .LVU140
 677 0002 3221     		movs	r1, #50
 678 0004 3120     		movs	r0, #49
 679 0006 FFF7FEFF 		bl	IMU_readRegister_2Byte
 680              	.LVL53:
 154:Drivers/ICM20648/Src/icm20648.c **** }
 681              		.loc 1 154 1 view .LVU141
 682 000a 00B2     		sxth	r0, r0
 683 000c 08BD     		pop	{r3, pc}
 684              		.cfi_endproc
 685              	.LFE261:
 687              		.section	.text.gyroX_raw,"ax",%progbits
 688              		.align	1
 689              		.global	gyroX_raw
 690              		.syntax unified
 691              		.thumb
 692              		.thumb_func
 694              	gyroX_raw:
 695              	.LFB262:
 155:Drivers/ICM20648/Src/icm20648.c **** 
 156:Drivers/ICM20648/Src/icm20648.c **** int16_t gyroX_raw(){
 696              		.loc 1 156 20 is_stmt 1 view -0
 697              		.cfi_startproc
 698              		@ args = 0, pretend = 0, frame = 0
 699              		@ frame_needed = 0, uses_anonymous_args = 0
 700 0000 08B5     		push	{r3, lr}
 701              	.LCFI15:
 702              		.cfi_def_cfa_offset 8
 703              		.cfi_offset 3, -8
 704              		.cfi_offset 14, -4
 157:Drivers/ICM20648/Src/icm20648.c ****     return IMU_readRegister_2Byte(0x33,0x34);
 705              		.loc 1 157 5 view .LVU143
 706              		.loc 1 157 12 is_stmt 0 view .LVU144
 707 0002 3421     		movs	r1, #52
 708 0004 3320     		movs	r0, #51
 709 0006 FFF7FEFF 		bl	IMU_readRegister_2Byte
 710              	.LVL54:
 158:Drivers/ICM20648/Src/icm20648.c **** }
 711              		.loc 1 158 1 view .LVU145
 712 000a 00B2     		sxth	r0, r0
ARM GAS  C:\Users\hide\AppData\Local\Temp\cci8GLyM.s 			page 17


 713 000c 08BD     		pop	{r3, pc}
 714              		.cfi_endproc
 715              	.LFE262:
 717              		.section	.text.gyroY_raw,"ax",%progbits
 718              		.align	1
 719              		.global	gyroY_raw
 720              		.syntax unified
 721              		.thumb
 722              		.thumb_func
 724              	gyroY_raw:
 725              	.LFB263:
 159:Drivers/ICM20648/Src/icm20648.c **** 
 160:Drivers/ICM20648/Src/icm20648.c **** int16_t gyroY_raw(){
 726              		.loc 1 160 20 is_stmt 1 view -0
 727              		.cfi_startproc
 728              		@ args = 0, pretend = 0, frame = 0
 729              		@ frame_needed = 0, uses_anonymous_args = 0
 730 0000 08B5     		push	{r3, lr}
 731              	.LCFI16:
 732              		.cfi_def_cfa_offset 8
 733              		.cfi_offset 3, -8
 734              		.cfi_offset 14, -4
 161:Drivers/ICM20648/Src/icm20648.c ****     return IMU_readRegister_2Byte(0x35,0x36);
 735              		.loc 1 161 5 view .LVU147
 736              		.loc 1 161 12 is_stmt 0 view .LVU148
 737 0002 3621     		movs	r1, #54
 738 0004 3520     		movs	r0, #53
 739 0006 FFF7FEFF 		bl	IMU_readRegister_2Byte
 740              	.LVL55:
 162:Drivers/ICM20648/Src/icm20648.c **** }
 741              		.loc 1 162 1 view .LVU149
 742 000a 00B2     		sxth	r0, r0
 743 000c 08BD     		pop	{r3, pc}
 744              		.cfi_endproc
 745              	.LFE263:
 747              		.section	.text.gyroZ_raw,"ax",%progbits
 748              		.align	1
 749              		.global	gyroZ_raw
 750              		.syntax unified
 751              		.thumb
 752              		.thumb_func
 754              	gyroZ_raw:
 755              	.LFB264:
 163:Drivers/ICM20648/Src/icm20648.c **** 
 164:Drivers/ICM20648/Src/icm20648.c **** int16_t gyroZ_raw(){
 756              		.loc 1 164 20 is_stmt 1 view -0
 757              		.cfi_startproc
 758              		@ args = 0, pretend = 0, frame = 0
 759              		@ frame_needed = 0, uses_anonymous_args = 0
 760 0000 08B5     		push	{r3, lr}
 761              	.LCFI17:
 762              		.cfi_def_cfa_offset 8
 763              		.cfi_offset 3, -8
 764              		.cfi_offset 14, -4
 165:Drivers/ICM20648/Src/icm20648.c ****     return IMU_readRegister_2Byte(0x37,0x38);
 765              		.loc 1 165 5 view .LVU151
 766              		.loc 1 165 12 is_stmt 0 view .LVU152
ARM GAS  C:\Users\hide\AppData\Local\Temp\cci8GLyM.s 			page 18


 767 0002 3821     		movs	r1, #56
 768 0004 3720     		movs	r0, #55
 769 0006 FFF7FEFF 		bl	IMU_readRegister_2Byte
 770              	.LVL56:
 166:Drivers/ICM20648/Src/icm20648.c **** }
 771              		.loc 1 166 1 view .LVU153
 772 000a 00B2     		sxth	r0, r0
 773 000c 08BD     		pop	{r3, pc}
 774              		.cfi_endproc
 775              	.LFE264:
 777              		.section	.text.gyroX,"ax",%progbits
 778              		.align	1
 779              		.global	gyroX
 780              		.syntax unified
 781              		.thumb
 782              		.thumb_func
 784              	gyroX:
 785              	.LFB265:
 167:Drivers/ICM20648/Src/icm20648.c **** 
 168:Drivers/ICM20648/Src/icm20648.c **** float gyroX(){
 786              		.loc 1 168 14 is_stmt 1 view -0
 787              		.cfi_startproc
 788              		@ args = 0, pretend = 0, frame = 0
 789              		@ frame_needed = 0, uses_anonymous_args = 0
 790 0000 08B5     		push	{r3, lr}
 791              	.LCFI18:
 792              		.cfi_def_cfa_offset 8
 793              		.cfi_offset 3, -8
 794              		.cfi_offset 14, -4
 169:Drivers/ICM20648/Src/icm20648.c ****     return (float)gyroX_raw() * gyro_sensitivity;
 795              		.loc 1 169 5 view .LVU155
 796              		.loc 1 169 19 is_stmt 0 view .LVU156
 797 0002 FFF7FEFF 		bl	gyroX_raw
 798              	.LVL57:
 799 0006 07EE900A 		vmov	s15, r0	@ int
 800              		.loc 1 169 12 view .LVU157
 801 000a F8EEE77A 		vcvt.f32.s32	s15, s15
 802              		.loc 1 169 31 view .LVU158
 803 000e 034B     		ldr	r3, .L60
 804 0010 93ED000A 		vldr.32	s0, [r3]
 170:Drivers/ICM20648/Src/icm20648.c **** }
 805              		.loc 1 170 1 view .LVU159
 806 0014 27EE800A 		vmul.f32	s0, s15, s0
 807 0018 08BD     		pop	{r3, pc}
 808              	.L61:
 809 001a 00BF     		.align	2
 810              	.L60:
 811 001c 00000000 		.word	.LANCHOR3
 812              		.cfi_endproc
 813              	.LFE265:
 815              		.section	.text.gyroY,"ax",%progbits
 816              		.align	1
 817              		.global	gyroY
 818              		.syntax unified
 819              		.thumb
 820              		.thumb_func
 822              	gyroY:
ARM GAS  C:\Users\hide\AppData\Local\Temp\cci8GLyM.s 			page 19


 823              	.LFB266:
 171:Drivers/ICM20648/Src/icm20648.c **** 
 172:Drivers/ICM20648/Src/icm20648.c **** float gyroY(){
 824              		.loc 1 172 14 is_stmt 1 view -0
 825              		.cfi_startproc
 826              		@ args = 0, pretend = 0, frame = 0
 827              		@ frame_needed = 0, uses_anonymous_args = 0
 828 0000 08B5     		push	{r3, lr}
 829              	.LCFI19:
 830              		.cfi_def_cfa_offset 8
 831              		.cfi_offset 3, -8
 832              		.cfi_offset 14, -4
 173:Drivers/ICM20648/Src/icm20648.c ****     return (float)gyroY_raw() * gyro_sensitivity;
 833              		.loc 1 173 5 view .LVU161
 834              		.loc 1 173 19 is_stmt 0 view .LVU162
 835 0002 FFF7FEFF 		bl	gyroY_raw
 836              	.LVL58:
 837 0006 07EE900A 		vmov	s15, r0	@ int
 838              		.loc 1 173 12 view .LVU163
 839 000a F8EEE77A 		vcvt.f32.s32	s15, s15
 840              		.loc 1 173 31 view .LVU164
 841 000e 034B     		ldr	r3, .L64
 842 0010 93ED000A 		vldr.32	s0, [r3]
 174:Drivers/ICM20648/Src/icm20648.c **** }
 843              		.loc 1 174 1 view .LVU165
 844 0014 27EE800A 		vmul.f32	s0, s15, s0
 845 0018 08BD     		pop	{r3, pc}
 846              	.L65:
 847 001a 00BF     		.align	2
 848              	.L64:
 849 001c 00000000 		.word	.LANCHOR3
 850              		.cfi_endproc
 851              	.LFE266:
 853              		.section	.text.gyroZ,"ax",%progbits
 854              		.align	1
 855              		.global	gyroZ
 856              		.syntax unified
 857              		.thumb
 858              		.thumb_func
 860              	gyroZ:
 861              	.LFB267:
 175:Drivers/ICM20648/Src/icm20648.c **** 
 176:Drivers/ICM20648/Src/icm20648.c **** float gyroZ(){
 862              		.loc 1 176 14 is_stmt 1 view -0
 863              		.cfi_startproc
 864              		@ args = 0, pretend = 0, frame = 0
 865              		@ frame_needed = 0, uses_anonymous_args = 0
 866 0000 08B5     		push	{r3, lr}
 867              	.LCFI20:
 868              		.cfi_def_cfa_offset 8
 869              		.cfi_offset 3, -8
 870              		.cfi_offset 14, -4
 177:Drivers/ICM20648/Src/icm20648.c ****     return (float)gyroZ_raw() * gyro_sensitivity;
 871              		.loc 1 177 5 view .LVU167
 872              		.loc 1 177 19 is_stmt 0 view .LVU168
 873 0002 FFF7FEFF 		bl	gyroZ_raw
 874              	.LVL59:
ARM GAS  C:\Users\hide\AppData\Local\Temp\cci8GLyM.s 			page 20


 875 0006 07EE900A 		vmov	s15, r0	@ int
 876              		.loc 1 177 12 view .LVU169
 877 000a F8EEE77A 		vcvt.f32.s32	s15, s15
 878              		.loc 1 177 31 view .LVU170
 879 000e 034B     		ldr	r3, .L68
 880 0010 93ED000A 		vldr.32	s0, [r3]
 178:Drivers/ICM20648/Src/icm20648.c **** }
 881              		.loc 1 178 1 view .LVU171
 882 0014 27EE800A 		vmul.f32	s0, s15, s0
 883 0018 08BD     		pop	{r3, pc}
 884              	.L69:
 885 001a 00BF     		.align	2
 886              	.L68:
 887 001c 00000000 		.word	.LANCHOR3
 888              		.cfi_endproc
 889              	.LFE267:
 891              		.section	.text.IMU_SurveyBias,"ax",%progbits
 892              		.align	1
 893              		.global	IMU_SurveyBias
 894              		.syntax unified
 895              		.thumb
 896              		.thumb_func
 898              	IMU_SurveyBias:
 899              	.LVL60:
 900              	.LFB258:
 135:Drivers/ICM20648/Src/icm20648.c ****     float r_yaw_ref_tmp = 0;
 901              		.loc 1 135 49 is_stmt 1 view -0
 902              		.cfi_startproc
 903              		@ args = 0, pretend = 0, frame = 0
 904              		@ frame_needed = 0, uses_anonymous_args = 0
 135:Drivers/ICM20648/Src/icm20648.c ****     float r_yaw_ref_tmp = 0;
 905              		.loc 1 135 49 is_stmt 0 view .LVU173
 906 0000 38B5     		push	{r3, r4, r5, lr}
 907              	.LCFI21:
 908              		.cfi_def_cfa_offset 16
 909              		.cfi_offset 3, -16
 910              		.cfi_offset 4, -12
 911              		.cfi_offset 5, -8
 912              		.cfi_offset 14, -4
 913 0002 2DED028B 		vpush.64	{d8}
 914              	.LCFI22:
 915              		.cfi_def_cfa_offset 24
 916              		.cfi_offset 80, -24
 917              		.cfi_offset 81, -20
 918 0006 0D46     		mov	r5, r1
 136:Drivers/ICM20648/Src/icm20648.c ****     for(uint16_t i = 0;i<GYROREFTIME;i++){
 919              		.loc 1 136 5 is_stmt 1 view .LVU174
 920              	.LVL61:
 137:Drivers/ICM20648/Src/icm20648.c ****         r_yaw_ref_tmp += gyroZ();
 921              		.loc 1 137 5 view .LVU175
 922              	.LBB2:
 137:Drivers/ICM20648/Src/icm20648.c ****         r_yaw_ref_tmp += gyroZ();
 923              		.loc 1 137 9 view .LVU176
 137:Drivers/ICM20648/Src/icm20648.c ****         r_yaw_ref_tmp += gyroZ();
 924              		.loc 1 137 18 is_stmt 0 view .LVU177
 925 0008 0024     		movs	r4, #0
 926              	.LBE2:
ARM GAS  C:\Users\hide\AppData\Local\Temp\cci8GLyM.s 			page 21


 136:Drivers/ICM20648/Src/icm20648.c ****     for(uint16_t i = 0;i<GYROREFTIME;i++){
 927              		.loc 1 136 11 view .LVU178
 928 000a 9FED0B8A 		vldr.32	s16, .L74
 929              	.LBB3:
 137:Drivers/ICM20648/Src/icm20648.c ****         r_yaw_ref_tmp += gyroZ();
 930              		.loc 1 137 5 view .LVU179
 931 000e 08E0     		b	.L71
 932              	.LVL62:
 933              	.L72:
 138:Drivers/ICM20648/Src/icm20648.c ****         HAL_Delay(_interval);
 934              		.loc 1 138 9 is_stmt 1 discriminator 3 view .LVU180
 138:Drivers/ICM20648/Src/icm20648.c ****         HAL_Delay(_interval);
 935              		.loc 1 138 26 is_stmt 0 discriminator 3 view .LVU181
 936 0010 FFF7FEFF 		bl	gyroZ
 937              	.LVL63:
 138:Drivers/ICM20648/Src/icm20648.c ****         HAL_Delay(_interval);
 938              		.loc 1 138 23 discriminator 3 view .LVU182
 939 0014 38EE008A 		vadd.f32	s16, s16, s0
 940              	.LVL64:
 139:Drivers/ICM20648/Src/icm20648.c ****     }
 941              		.loc 1 139 9 is_stmt 1 discriminator 3 view .LVU183
 942 0018 2846     		mov	r0, r5
 943 001a FFF7FEFF 		bl	HAL_Delay
 944              	.LVL65:
 137:Drivers/ICM20648/Src/icm20648.c ****         r_yaw_ref_tmp += gyroZ();
 945              		.loc 1 137 38 discriminator 3 view .LVU184
 137:Drivers/ICM20648/Src/icm20648.c ****         r_yaw_ref_tmp += gyroZ();
 946              		.loc 1 137 39 is_stmt 0 discriminator 3 view .LVU185
 947 001e 0134     		adds	r4, r4, #1
 948              	.LVL66:
 137:Drivers/ICM20648/Src/icm20648.c ****         r_yaw_ref_tmp += gyroZ();
 949              		.loc 1 137 39 discriminator 3 view .LVU186
 950 0020 A4B2     		uxth	r4, r4
 951              	.LVL67:
 952              	.L71:
 137:Drivers/ICM20648/Src/icm20648.c ****         r_yaw_ref_tmp += gyroZ();
 953              		.loc 1 137 24 is_stmt 1 discriminator 1 view .LVU187
 137:Drivers/ICM20648/Src/icm20648.c ****         r_yaw_ref_tmp += gyroZ();
 954              		.loc 1 137 5 is_stmt 0 discriminator 1 view .LVU188
 955 0022 B4F57A7F 		cmp	r4, #1000
 956 0026 F3D3     		bcc	.L72
 957              	.LBE3:
 141:Drivers/ICM20648/Src/icm20648.c **** }
 958              		.loc 1 141 3 is_stmt 1 view .LVU189
 142:Drivers/ICM20648/Src/icm20648.c **** 
 959              		.loc 1 142 1 is_stmt 0 view .LVU190
 960 0028 9FED040A 		vldr.32	s0, .L74+4
 961 002c 88EE000A 		vdiv.f32	s0, s16, s0
 962 0030 BDEC028B 		vldm	sp!, {d8}
 963              	.LCFI23:
 964              		.cfi_restore 80
 965              		.cfi_restore 81
 966              		.cfi_def_cfa_offset 16
 967              	.LVL68:
 142:Drivers/ICM20648/Src/icm20648.c **** 
 968              		.loc 1 142 1 view .LVU191
 969 0034 38BD     		pop	{r3, r4, r5, pc}
ARM GAS  C:\Users\hide\AppData\Local\Temp\cci8GLyM.s 			page 22


 970              	.LVL69:
 971              	.L75:
 142:Drivers/ICM20648/Src/icm20648.c **** 
 972              		.loc 1 142 1 view .LVU192
 973 0036 00BF     		.align	2
 974              	.L74:
 975 0038 00000000 		.word	0
 976 003c 00007A44 		.word	1148846080
 977              		.cfi_endproc
 978              	.LFE258:
 980              		.section	.text.accelX,"ax",%progbits
 981              		.align	1
 982              		.global	accelX
 983              		.syntax unified
 984              		.thumb
 985              		.thumb_func
 987              	accelX:
 988              	.LFB268:
 179:Drivers/ICM20648/Src/icm20648.c **** 
 180:Drivers/ICM20648/Src/icm20648.c **** float accelX(){
 989              		.loc 1 180 15 is_stmt 1 view -0
 990              		.cfi_startproc
 991              		@ args = 0, pretend = 0, frame = 0
 992              		@ frame_needed = 0, uses_anonymous_args = 0
 993 0000 08B5     		push	{r3, lr}
 994              	.LCFI24:
 995              		.cfi_def_cfa_offset 8
 996              		.cfi_offset 3, -8
 997              		.cfi_offset 14, -4
 181:Drivers/ICM20648/Src/icm20648.c ****     return (float)accelX_raw() * accel_sensitivity;
 998              		.loc 1 181 5 view .LVU194
 999              		.loc 1 181 19 is_stmt 0 view .LVU195
 1000 0002 FFF7FEFF 		bl	accelX_raw
 1001              	.LVL70:
 1002 0006 07EE900A 		vmov	s15, r0	@ int
 1003              		.loc 1 181 12 view .LVU196
 1004 000a F8EEE77A 		vcvt.f32.s32	s15, s15
 1005              		.loc 1 181 32 view .LVU197
 1006 000e 034B     		ldr	r3, .L78
 1007 0010 93ED000A 		vldr.32	s0, [r3]
 182:Drivers/ICM20648/Src/icm20648.c **** }
 1008              		.loc 1 182 1 view .LVU198
 1009 0014 27EE800A 		vmul.f32	s0, s15, s0
 1010 0018 08BD     		pop	{r3, pc}
 1011              	.L79:
 1012 001a 00BF     		.align	2
 1013              	.L78:
 1014 001c 00000000 		.word	.LANCHOR4
 1015              		.cfi_endproc
 1016              	.LFE268:
 1018              		.section	.text.accelY,"ax",%progbits
 1019              		.align	1
 1020              		.global	accelY
 1021              		.syntax unified
 1022              		.thumb
 1023              		.thumb_func
 1025              	accelY:
ARM GAS  C:\Users\hide\AppData\Local\Temp\cci8GLyM.s 			page 23


 1026              	.LFB269:
 183:Drivers/ICM20648/Src/icm20648.c **** 
 184:Drivers/ICM20648/Src/icm20648.c **** float accelY(){
 1027              		.loc 1 184 15 is_stmt 1 view -0
 1028              		.cfi_startproc
 1029              		@ args = 0, pretend = 0, frame = 0
 1030              		@ frame_needed = 0, uses_anonymous_args = 0
 1031 0000 08B5     		push	{r3, lr}
 1032              	.LCFI25:
 1033              		.cfi_def_cfa_offset 8
 1034              		.cfi_offset 3, -8
 1035              		.cfi_offset 14, -4
 185:Drivers/ICM20648/Src/icm20648.c ****     return (float)accelY_raw() * accel_sensitivity;
 1036              		.loc 1 185 5 view .LVU200
 1037              		.loc 1 185 19 is_stmt 0 view .LVU201
 1038 0002 FFF7FEFF 		bl	accelY_raw
 1039              	.LVL71:
 1040 0006 07EE900A 		vmov	s15, r0	@ int
 1041              		.loc 1 185 12 view .LVU202
 1042 000a F8EEE77A 		vcvt.f32.s32	s15, s15
 1043              		.loc 1 185 32 view .LVU203
 1044 000e 034B     		ldr	r3, .L82
 1045 0010 93ED000A 		vldr.32	s0, [r3]
 186:Drivers/ICM20648/Src/icm20648.c **** }
 1046              		.loc 1 186 1 view .LVU204
 1047 0014 27EE800A 		vmul.f32	s0, s15, s0
 1048 0018 08BD     		pop	{r3, pc}
 1049              	.L83:
 1050 001a 00BF     		.align	2
 1051              	.L82:
 1052 001c 00000000 		.word	.LANCHOR4
 1053              		.cfi_endproc
 1054              	.LFE269:
 1056              		.section	.text.accelZ,"ax",%progbits
 1057              		.align	1
 1058              		.global	accelZ
 1059              		.syntax unified
 1060              		.thumb
 1061              		.thumb_func
 1063              	accelZ:
 1064              	.LFB270:
 187:Drivers/ICM20648/Src/icm20648.c **** 
 188:Drivers/ICM20648/Src/icm20648.c **** float accelZ(){
 1065              		.loc 1 188 15 is_stmt 1 view -0
 1066              		.cfi_startproc
 1067              		@ args = 0, pretend = 0, frame = 0
 1068              		@ frame_needed = 0, uses_anonymous_args = 0
 1069 0000 08B5     		push	{r3, lr}
 1070              	.LCFI26:
 1071              		.cfi_def_cfa_offset 8
 1072              		.cfi_offset 3, -8
 1073              		.cfi_offset 14, -4
 189:Drivers/ICM20648/Src/icm20648.c ****     return (float)accelZ_raw() * accel_sensitivity;
 1074              		.loc 1 189 5 view .LVU206
 1075              		.loc 1 189 19 is_stmt 0 view .LVU207
 1076 0002 FFF7FEFF 		bl	accelZ_raw
 1077              	.LVL72:
ARM GAS  C:\Users\hide\AppData\Local\Temp\cci8GLyM.s 			page 24


 1078 0006 07EE900A 		vmov	s15, r0	@ int
 1079              		.loc 1 189 12 view .LVU208
 1080 000a F8EEE77A 		vcvt.f32.s32	s15, s15
 1081              		.loc 1 189 32 view .LVU209
 1082 000e 034B     		ldr	r3, .L86
 1083 0010 93ED000A 		vldr.32	s0, [r3]
 190:Drivers/ICM20648/Src/icm20648.c **** }...
 1084              		.loc 1 190 1 view .LVU210
 1085 0014 27EE800A 		vmul.f32	s0, s15, s0
 1086 0018 08BD     		pop	{r3, pc}
 1087              	.L87:
 1088 001a 00BF     		.align	2
 1089              	.L86:
 1090 001c 00000000 		.word	.LANCHOR4
 1091              		.cfi_endproc
 1092              	.LFE270:
 1094              		.section	.bss._pin_cs,"aw",%nobits
 1095              		.align	1
 1096              		.set	.LANCHOR0,. + 0
 1099              	_pin_cs:
 1100 0000 0000     		.space	2
 1101              		.section	.bss._port_cs,"aw",%nobits
 1102              		.align	2
 1103              		.set	.LANCHOR1,. + 0
 1106              	_port_cs:
 1107 0000 00000000 		.space	4
 1108              		.section	.bss.himu,"aw",%nobits
 1109              		.align	2
 1110              		.set	.LANCHOR2,. + 0
 1113              	himu:
 1114 0000 00000000 		.space	4
 1115              		.section	.data.accel_sensitivity,"aw"
 1116              		.align	2
 1117              		.set	.LANCHOR4,. + 0
 1120              	accel_sensitivity:
 1121 0000 0000803F 		.word	1065353216
 1122              		.section	.data.gyro_sensitivity,"aw"
 1123              		.align	2
 1124              		.set	.LANCHOR3,. + 0
 1127              	gyro_sensitivity:
 1128 0000 0000803F 		.word	1065353216
 1129              		.text
 1130              	.Letext0:
 1131              		.file 2 "c:\\tools\\gcc-arm-none-eabi-10.3-2021.10\\arm-none-eabi\\include\\machine\\_default_type
 1132              		.file 3 "c:\\tools\\gcc-arm-none-eabi-10.3-2021.10\\arm-none-eabi\\include\\sys\\_stdint.h"
 1133              		.file 4 "Drivers/CMSIS/Device/ST/STM32F4xx/Include/stm32f412cx.h"
 1134              		.file 5 "Drivers/STM32F4xx_HAL_Driver/Inc/stm32f4xx_hal_def.h"
 1135              		.file 6 "Drivers/STM32F4xx_HAL_Driver/Inc/stm32f4xx_hal_gpio.h"
 1136              		.file 7 "Drivers/STM32F4xx_HAL_Driver/Inc/stm32f4xx_hal_dma.h"
 1137              		.file 8 "Drivers/STM32F4xx_HAL_Driver/Inc/stm32f4xx_hal_spi.h"
 1138              		.file 9 "Drivers/STM32F4xx_HAL_Driver/Inc/stm32f4xx_hal.h"
 1139              		.file 10 "c:\\tools\\gcc-arm-none-eabi-10.3-2021.10\\arm-none-eabi\\include\\stdio.h"
ARM GAS  C:\Users\hide\AppData\Local\Temp\cci8GLyM.s 			page 25


DEFINED SYMBOLS
                            *ABS*:00000000 icm20648.c
C:\Users\hide\AppData\Local\Temp\cci8GLyM.s:20     .text.IMU_writeRegister:00000000 $t
C:\Users\hide\AppData\Local\Temp\cci8GLyM.s:25     .text.IMU_writeRegister:00000000 IMU_writeRegister
C:\Users\hide\AppData\Local\Temp\cci8GLyM.s:91     .text.IMU_writeRegister:00000050 $d
C:\Users\hide\AppData\Local\Temp\cci8GLyM.s:98     .text.IMU_readRegister:00000000 $t
C:\Users\hide\AppData\Local\Temp\cci8GLyM.s:103    .text.IMU_readRegister:00000000 IMU_readRegister
C:\Users\hide\AppData\Local\Temp\cci8GLyM.s:169    .text.IMU_readRegister:00000054 $d
C:\Users\hide\AppData\Local\Temp\cci8GLyM.s:176    .text.IMU_changeSensitivity:00000000 $t
C:\Users\hide\AppData\Local\Temp\cci8GLyM.s:181    .text.IMU_changeSensitivity:00000000 IMU_changeSensitivity
C:\Users\hide\AppData\Local\Temp\cci8GLyM.s:263    .text.IMU_changeSensitivity:0000005a $d
C:\Users\hide\AppData\Local\Temp\cci8GLyM.s:267    .text.IMU_changeSensitivity:0000005e $t
C:\Users\hide\AppData\Local\Temp\cci8GLyM.s:281    .text.IMU_changeSensitivity:0000006c $d
C:\Users\hide\AppData\Local\Temp\cci8GLyM.s:285    .text.IMU_changeSensitivity:00000070 $t
C:\Users\hide\AppData\Local\Temp\cci8GLyM.s:403    .text.IMU_changeSensitivity:000000d4 $d
C:\Users\hide\AppData\Local\Temp\cci8GLyM.s:413    .text.IMU_readRegister_2Byte:00000000 $t
C:\Users\hide\AppData\Local\Temp\cci8GLyM.s:418    .text.IMU_readRegister_2Byte:00000000 IMU_readRegister_2Byte
C:\Users\hide\AppData\Local\Temp\cci8GLyM.s:459    .text.readWHO_AM_I:00000000 $t
C:\Users\hide\AppData\Local\Temp\cci8GLyM.s:465    .text.readWHO_AM_I:00000000 readWHO_AM_I
C:\Users\hide\AppData\Local\Temp\cci8GLyM.s:487    .rodata.IMU_init.str1.4:00000000 $d
C:\Users\hide\AppData\Local\Temp\cci8GLyM.s:491    .text.IMU_init:00000000 $t
C:\Users\hide\AppData\Local\Temp\cci8GLyM.s:497    .text.IMU_init:00000000 IMU_init
C:\Users\hide\AppData\Local\Temp\cci8GLyM.s:590    .text.IMU_init:00000050 $d
C:\Users\hide\AppData\Local\Temp\cci8GLyM.s:598    .text.accelX_raw:00000000 $t
C:\Users\hide\AppData\Local\Temp\cci8GLyM.s:604    .text.accelX_raw:00000000 accelX_raw
C:\Users\hide\AppData\Local\Temp\cci8GLyM.s:628    .text.accelY_raw:00000000 $t
C:\Users\hide\AppData\Local\Temp\cci8GLyM.s:634    .text.accelY_raw:00000000 accelY_raw
C:\Users\hide\AppData\Local\Temp\cci8GLyM.s:658    .text.accelZ_raw:00000000 $t
C:\Users\hide\AppData\Local\Temp\cci8GLyM.s:664    .text.accelZ_raw:00000000 accelZ_raw
C:\Users\hide\AppData\Local\Temp\cci8GLyM.s:688    .text.gyroX_raw:00000000 $t
C:\Users\hide\AppData\Local\Temp\cci8GLyM.s:694    .text.gyroX_raw:00000000 gyroX_raw
C:\Users\hide\AppData\Local\Temp\cci8GLyM.s:718    .text.gyroY_raw:00000000 $t
C:\Users\hide\AppData\Local\Temp\cci8GLyM.s:724    .text.gyroY_raw:00000000 gyroY_raw
C:\Users\hide\AppData\Local\Temp\cci8GLyM.s:748    .text.gyroZ_raw:00000000 $t
C:\Users\hide\AppData\Local\Temp\cci8GLyM.s:754    .text.gyroZ_raw:00000000 gyroZ_raw
C:\Users\hide\AppData\Local\Temp\cci8GLyM.s:778    .text.gyroX:00000000 $t
C:\Users\hide\AppData\Local\Temp\cci8GLyM.s:784    .text.gyroX:00000000 gyroX
C:\Users\hide\AppData\Local\Temp\cci8GLyM.s:811    .text.gyroX:0000001c $d
C:\Users\hide\AppData\Local\Temp\cci8GLyM.s:816    .text.gyroY:00000000 $t
C:\Users\hide\AppData\Local\Temp\cci8GLyM.s:822    .text.gyroY:00000000 gyroY
C:\Users\hide\AppData\Local\Temp\cci8GLyM.s:849    .text.gyroY:0000001c $d
C:\Users\hide\AppData\Local\Temp\cci8GLyM.s:854    .text.gyroZ:00000000 $t
C:\Users\hide\AppData\Local\Temp\cci8GLyM.s:860    .text.gyroZ:00000000 gyroZ
C:\Users\hide\AppData\Local\Temp\cci8GLyM.s:887    .text.gyroZ:0000001c $d
C:\Users\hide\AppData\Local\Temp\cci8GLyM.s:892    .text.IMU_SurveyBias:00000000 $t
C:\Users\hide\AppData\Local\Temp\cci8GLyM.s:898    .text.IMU_SurveyBias:00000000 IMU_SurveyBias
C:\Users\hide\AppData\Local\Temp\cci8GLyM.s:975    .text.IMU_SurveyBias:00000038 $d
C:\Users\hide\AppData\Local\Temp\cci8GLyM.s:981    .text.accelX:00000000 $t
C:\Users\hide\AppData\Local\Temp\cci8GLyM.s:987    .text.accelX:00000000 accelX
C:\Users\hide\AppData\Local\Temp\cci8GLyM.s:1014   .text.accelX:0000001c $d
C:\Users\hide\AppData\Local\Temp\cci8GLyM.s:1019   .text.accelY:00000000 $t
C:\Users\hide\AppData\Local\Temp\cci8GLyM.s:1025   .text.accelY:00000000 accelY
C:\Users\hide\AppData\Local\Temp\cci8GLyM.s:1052   .text.accelY:0000001c $d
C:\Users\hide\AppData\Local\Temp\cci8GLyM.s:1057   .text.accelZ:00000000 $t
C:\Users\hide\AppData\Local\Temp\cci8GLyM.s:1063   .text.accelZ:00000000 accelZ
C:\Users\hide\AppData\Local\Temp\cci8GLyM.s:1090   .text.accelZ:0000001c $d
C:\Users\hide\AppData\Local\Temp\cci8GLyM.s:1095   .bss._pin_cs:00000000 $d
ARM GAS  C:\Users\hide\AppData\Local\Temp\cci8GLyM.s 			page 26


C:\Users\hide\AppData\Local\Temp\cci8GLyM.s:1099   .bss._pin_cs:00000000 _pin_cs
C:\Users\hide\AppData\Local\Temp\cci8GLyM.s:1102   .bss._port_cs:00000000 $d
C:\Users\hide\AppData\Local\Temp\cci8GLyM.s:1106   .bss._port_cs:00000000 _port_cs
C:\Users\hide\AppData\Local\Temp\cci8GLyM.s:1109   .bss.himu:00000000 $d
C:\Users\hide\AppData\Local\Temp\cci8GLyM.s:1113   .bss.himu:00000000 himu
C:\Users\hide\AppData\Local\Temp\cci8GLyM.s:1116   .data.accel_sensitivity:00000000 $d
C:\Users\hide\AppData\Local\Temp\cci8GLyM.s:1120   .data.accel_sensitivity:00000000 accel_sensitivity
C:\Users\hide\AppData\Local\Temp\cci8GLyM.s:1123   .data.gyro_sensitivity:00000000 $d
C:\Users\hide\AppData\Local\Temp\cci8GLyM.s:1127   .data.gyro_sensitivity:00000000 gyro_sensitivity

UNDEFINED SYMBOLS
HAL_GPIO_WritePin
HAL_SPI_Transmit
HAL_SPI_Receive
HAL_Delay
printf
