ARM GAS  C:\Users\neko2\AppData\Local\Temp\ccMMGOnC.s 			page 1


   1              		.cpu cortex-m4
   2              		.arch armv7e-m
   3              		.fpu fpv4-sp-d16
   4              		.eabi_attribute 27, 1
   5              		.eabi_attribute 28, 1
   6              		.eabi_attribute 20, 1
   7              		.eabi_attribute 21, 1
   8              		.eabi_attribute 23, 3
   9              		.eabi_attribute 24, 1
  10              		.eabi_attribute 25, 1
  11              		.eabi_attribute 26, 1
  12              		.eabi_attribute 30, 1
  13              		.eabi_attribute 34, 1
  14              		.eabi_attribute 18, 4
  15              		.file	"stm32f4xx_hal.c"
  16              		.text
  17              	.Ltext0:
  18              		.cfi_sections	.debug_frame
  19              		.section	.text.HAL_MspInit,"ax",%progbits
  20              		.align	1
  21              		.weak	HAL_MspInit
  22              		.syntax unified
  23              		.thumb
  24              		.thumb_func
  26              	HAL_MspInit:
  27              	.LFB218:
  28              		.file 1 "Drivers/STM32F4xx_HAL_Driver/Src/stm32f4xx_hal.c"
   1:Drivers/STM32F4xx_HAL_Driver/Src/stm32f4xx_hal.c **** /**
   2:Drivers/STM32F4xx_HAL_Driver/Src/stm32f4xx_hal.c ****   ******************************************************************************
   3:Drivers/STM32F4xx_HAL_Driver/Src/stm32f4xx_hal.c ****   * @file    stm32f4xx_hal.c
   4:Drivers/STM32F4xx_HAL_Driver/Src/stm32f4xx_hal.c ****   * @author  MCD Application Team
   5:Drivers/STM32F4xx_HAL_Driver/Src/stm32f4xx_hal.c ****   * @brief   HAL module driver.
   6:Drivers/STM32F4xx_HAL_Driver/Src/stm32f4xx_hal.c ****   *          This is the common part of the HAL initialization
   7:Drivers/STM32F4xx_HAL_Driver/Src/stm32f4xx_hal.c ****   *
   8:Drivers/STM32F4xx_HAL_Driver/Src/stm32f4xx_hal.c ****   ******************************************************************************
   9:Drivers/STM32F4xx_HAL_Driver/Src/stm32f4xx_hal.c ****   * @attention
  10:Drivers/STM32F4xx_HAL_Driver/Src/stm32f4xx_hal.c ****   *
  11:Drivers/STM32F4xx_HAL_Driver/Src/stm32f4xx_hal.c ****   * Copyright (c) 2017 STMicroelectronics.
  12:Drivers/STM32F4xx_HAL_Driver/Src/stm32f4xx_hal.c ****   * All rights reserved.
  13:Drivers/STM32F4xx_HAL_Driver/Src/stm32f4xx_hal.c ****   *
  14:Drivers/STM32F4xx_HAL_Driver/Src/stm32f4xx_hal.c ****   * This software is licensed under terms that can be found in the LICENSE file
  15:Drivers/STM32F4xx_HAL_Driver/Src/stm32f4xx_hal.c ****   * in the root directory of this software component.
  16:Drivers/STM32F4xx_HAL_Driver/Src/stm32f4xx_hal.c ****   * If no LICENSE file comes with this software, it is provided AS-IS.
  17:Drivers/STM32F4xx_HAL_Driver/Src/stm32f4xx_hal.c ****   *
  18:Drivers/STM32F4xx_HAL_Driver/Src/stm32f4xx_hal.c ****   ******************************************************************************
  19:Drivers/STM32F4xx_HAL_Driver/Src/stm32f4xx_hal.c ****   @verbatim
  20:Drivers/STM32F4xx_HAL_Driver/Src/stm32f4xx_hal.c ****   ==============================================================================
  21:Drivers/STM32F4xx_HAL_Driver/Src/stm32f4xx_hal.c ****                      ##### How to use this driver #####
  22:Drivers/STM32F4xx_HAL_Driver/Src/stm32f4xx_hal.c ****   ==============================================================================
  23:Drivers/STM32F4xx_HAL_Driver/Src/stm32f4xx_hal.c ****     [..]
  24:Drivers/STM32F4xx_HAL_Driver/Src/stm32f4xx_hal.c ****     The common HAL driver contains a set of generic and common APIs that can be
  25:Drivers/STM32F4xx_HAL_Driver/Src/stm32f4xx_hal.c ****     used by the PPP peripheral drivers and the user to start using the HAL. 
  26:Drivers/STM32F4xx_HAL_Driver/Src/stm32f4xx_hal.c ****     [..]
  27:Drivers/STM32F4xx_HAL_Driver/Src/stm32f4xx_hal.c ****     The HAL contains two APIs' categories: 
  28:Drivers/STM32F4xx_HAL_Driver/Src/stm32f4xx_hal.c ****          (+) Common HAL APIs
  29:Drivers/STM32F4xx_HAL_Driver/Src/stm32f4xx_hal.c ****          (+) Services HAL APIs
  30:Drivers/STM32F4xx_HAL_Driver/Src/stm32f4xx_hal.c **** 
ARM GAS  C:\Users\neko2\AppData\Local\Temp\ccMMGOnC.s 			page 2


  31:Drivers/STM32F4xx_HAL_Driver/Src/stm32f4xx_hal.c ****   @endverbatim
  32:Drivers/STM32F4xx_HAL_Driver/Src/stm32f4xx_hal.c ****   ******************************************************************************
  33:Drivers/STM32F4xx_HAL_Driver/Src/stm32f4xx_hal.c ****   */ 
  34:Drivers/STM32F4xx_HAL_Driver/Src/stm32f4xx_hal.c **** 
  35:Drivers/STM32F4xx_HAL_Driver/Src/stm32f4xx_hal.c **** /* Includes ------------------------------------------------------------------*/
  36:Drivers/STM32F4xx_HAL_Driver/Src/stm32f4xx_hal.c **** #include "stm32f4xx_hal.h"
  37:Drivers/STM32F4xx_HAL_Driver/Src/stm32f4xx_hal.c **** 
  38:Drivers/STM32F4xx_HAL_Driver/Src/stm32f4xx_hal.c **** /** @addtogroup STM32F4xx_HAL_Driver
  39:Drivers/STM32F4xx_HAL_Driver/Src/stm32f4xx_hal.c ****   * @{
  40:Drivers/STM32F4xx_HAL_Driver/Src/stm32f4xx_hal.c ****   */
  41:Drivers/STM32F4xx_HAL_Driver/Src/stm32f4xx_hal.c **** 
  42:Drivers/STM32F4xx_HAL_Driver/Src/stm32f4xx_hal.c **** /** @defgroup HAL HAL
  43:Drivers/STM32F4xx_HAL_Driver/Src/stm32f4xx_hal.c ****   * @brief HAL module driver.
  44:Drivers/STM32F4xx_HAL_Driver/Src/stm32f4xx_hal.c ****   * @{
  45:Drivers/STM32F4xx_HAL_Driver/Src/stm32f4xx_hal.c ****   */
  46:Drivers/STM32F4xx_HAL_Driver/Src/stm32f4xx_hal.c **** 
  47:Drivers/STM32F4xx_HAL_Driver/Src/stm32f4xx_hal.c **** /* Private typedef -----------------------------------------------------------*/
  48:Drivers/STM32F4xx_HAL_Driver/Src/stm32f4xx_hal.c **** /* Private define ------------------------------------------------------------*/
  49:Drivers/STM32F4xx_HAL_Driver/Src/stm32f4xx_hal.c **** /** @addtogroup HAL_Private_Constants
  50:Drivers/STM32F4xx_HAL_Driver/Src/stm32f4xx_hal.c ****   * @{
  51:Drivers/STM32F4xx_HAL_Driver/Src/stm32f4xx_hal.c ****   */
  52:Drivers/STM32F4xx_HAL_Driver/Src/stm32f4xx_hal.c **** /**
  53:Drivers/STM32F4xx_HAL_Driver/Src/stm32f4xx_hal.c ****   * @brief STM32F4xx HAL Driver version number V1.8.1
  54:Drivers/STM32F4xx_HAL_Driver/Src/stm32f4xx_hal.c ****   */
  55:Drivers/STM32F4xx_HAL_Driver/Src/stm32f4xx_hal.c **** #define __STM32F4xx_HAL_VERSION_MAIN   (0x01U) /*!< [31:24] main version */
  56:Drivers/STM32F4xx_HAL_Driver/Src/stm32f4xx_hal.c **** #define __STM32F4xx_HAL_VERSION_SUB1   (0x08U) /*!< [23:16] sub1 version */
  57:Drivers/STM32F4xx_HAL_Driver/Src/stm32f4xx_hal.c **** #define __STM32F4xx_HAL_VERSION_SUB2   (0x01U) /*!< [15:8]  sub2 version */
  58:Drivers/STM32F4xx_HAL_Driver/Src/stm32f4xx_hal.c **** #define __STM32F4xx_HAL_VERSION_RC     (0x00U) /*!< [7:0]  release candidate */ 
  59:Drivers/STM32F4xx_HAL_Driver/Src/stm32f4xx_hal.c **** #define __STM32F4xx_HAL_VERSION         ((__STM32F4xx_HAL_VERSION_MAIN << 24U)\
  60:Drivers/STM32F4xx_HAL_Driver/Src/stm32f4xx_hal.c ****                                         |(__STM32F4xx_HAL_VERSION_SUB1 << 16U)\
  61:Drivers/STM32F4xx_HAL_Driver/Src/stm32f4xx_hal.c ****                                         |(__STM32F4xx_HAL_VERSION_SUB2 << 8U )\
  62:Drivers/STM32F4xx_HAL_Driver/Src/stm32f4xx_hal.c ****                                         |(__STM32F4xx_HAL_VERSION_RC))
  63:Drivers/STM32F4xx_HAL_Driver/Src/stm32f4xx_hal.c ****                                         
  64:Drivers/STM32F4xx_HAL_Driver/Src/stm32f4xx_hal.c **** #define IDCODE_DEVID_MASK    0x00000FFFU
  65:Drivers/STM32F4xx_HAL_Driver/Src/stm32f4xx_hal.c **** 
  66:Drivers/STM32F4xx_HAL_Driver/Src/stm32f4xx_hal.c **** /* ------------ RCC registers bit address in the alias region ----------- */
  67:Drivers/STM32F4xx_HAL_Driver/Src/stm32f4xx_hal.c **** #define SYSCFG_OFFSET             (SYSCFG_BASE - PERIPH_BASE)
  68:Drivers/STM32F4xx_HAL_Driver/Src/stm32f4xx_hal.c **** /* ---  MEMRMP Register ---*/ 
  69:Drivers/STM32F4xx_HAL_Driver/Src/stm32f4xx_hal.c **** /* Alias word address of UFB_MODE bit */ 
  70:Drivers/STM32F4xx_HAL_Driver/Src/stm32f4xx_hal.c **** #define MEMRMP_OFFSET             SYSCFG_OFFSET 
  71:Drivers/STM32F4xx_HAL_Driver/Src/stm32f4xx_hal.c **** #define UFB_MODE_BIT_NUMBER       SYSCFG_MEMRMP_UFB_MODE_Pos
  72:Drivers/STM32F4xx_HAL_Driver/Src/stm32f4xx_hal.c **** #define UFB_MODE_BB               (uint32_t)(PERIPH_BB_BASE + (MEMRMP_OFFSET * 32U) + (UFB_MODE_BIT
  73:Drivers/STM32F4xx_HAL_Driver/Src/stm32f4xx_hal.c **** 
  74:Drivers/STM32F4xx_HAL_Driver/Src/stm32f4xx_hal.c **** /* ---  CMPCR Register ---*/ 
  75:Drivers/STM32F4xx_HAL_Driver/Src/stm32f4xx_hal.c **** /* Alias word address of CMP_PD bit */ 
  76:Drivers/STM32F4xx_HAL_Driver/Src/stm32f4xx_hal.c **** #define CMPCR_OFFSET              (SYSCFG_OFFSET + 0x20U) 
  77:Drivers/STM32F4xx_HAL_Driver/Src/stm32f4xx_hal.c **** #define CMP_PD_BIT_NUMBER         SYSCFG_CMPCR_CMP_PD_Pos
  78:Drivers/STM32F4xx_HAL_Driver/Src/stm32f4xx_hal.c **** #define CMPCR_CMP_PD_BB           (uint32_t)(PERIPH_BB_BASE + (CMPCR_OFFSET * 32U) + (CMP_PD_BIT_NU
  79:Drivers/STM32F4xx_HAL_Driver/Src/stm32f4xx_hal.c **** 
  80:Drivers/STM32F4xx_HAL_Driver/Src/stm32f4xx_hal.c **** /* ---  MCHDLYCR Register ---*/ 
  81:Drivers/STM32F4xx_HAL_Driver/Src/stm32f4xx_hal.c **** /* Alias word address of BSCKSEL bit */ 
  82:Drivers/STM32F4xx_HAL_Driver/Src/stm32f4xx_hal.c **** #define MCHDLYCR_OFFSET            (SYSCFG_OFFSET + 0x30U) 
  83:Drivers/STM32F4xx_HAL_Driver/Src/stm32f4xx_hal.c **** #define BSCKSEL_BIT_NUMBER         SYSCFG_MCHDLYCR_BSCKSEL_Pos
  84:Drivers/STM32F4xx_HAL_Driver/Src/stm32f4xx_hal.c **** #define MCHDLYCR_BSCKSEL_BB        (uint32_t)(PERIPH_BB_BASE + (MCHDLYCR_OFFSET * 32U) + (BSCKSEL_B
  85:Drivers/STM32F4xx_HAL_Driver/Src/stm32f4xx_hal.c **** /**
  86:Drivers/STM32F4xx_HAL_Driver/Src/stm32f4xx_hal.c ****   * @}
  87:Drivers/STM32F4xx_HAL_Driver/Src/stm32f4xx_hal.c ****   */
ARM GAS  C:\Users\neko2\AppData\Local\Temp\ccMMGOnC.s 			page 3


  88:Drivers/STM32F4xx_HAL_Driver/Src/stm32f4xx_hal.c **** 
  89:Drivers/STM32F4xx_HAL_Driver/Src/stm32f4xx_hal.c **** /* Private macro -------------------------------------------------------------*/
  90:Drivers/STM32F4xx_HAL_Driver/Src/stm32f4xx_hal.c **** /* Private variables ---------------------------------------------------------*/
  91:Drivers/STM32F4xx_HAL_Driver/Src/stm32f4xx_hal.c **** /** @addtogroup HAL_Private_Variables
  92:Drivers/STM32F4xx_HAL_Driver/Src/stm32f4xx_hal.c ****   * @{
  93:Drivers/STM32F4xx_HAL_Driver/Src/stm32f4xx_hal.c ****   */
  94:Drivers/STM32F4xx_HAL_Driver/Src/stm32f4xx_hal.c **** __IO uint32_t uwTick;
  95:Drivers/STM32F4xx_HAL_Driver/Src/stm32f4xx_hal.c **** uint32_t uwTickPrio   = (1UL << __NVIC_PRIO_BITS); /* Invalid PRIO */
  96:Drivers/STM32F4xx_HAL_Driver/Src/stm32f4xx_hal.c **** HAL_TickFreqTypeDef uwTickFreq = HAL_TICK_FREQ_DEFAULT;  /* 1KHz */
  97:Drivers/STM32F4xx_HAL_Driver/Src/stm32f4xx_hal.c **** /**
  98:Drivers/STM32F4xx_HAL_Driver/Src/stm32f4xx_hal.c ****   * @}
  99:Drivers/STM32F4xx_HAL_Driver/Src/stm32f4xx_hal.c ****   */
 100:Drivers/STM32F4xx_HAL_Driver/Src/stm32f4xx_hal.c **** /* Private function prototypes -----------------------------------------------*/
 101:Drivers/STM32F4xx_HAL_Driver/Src/stm32f4xx_hal.c **** /* Private functions ---------------------------------------------------------*/
 102:Drivers/STM32F4xx_HAL_Driver/Src/stm32f4xx_hal.c **** 
 103:Drivers/STM32F4xx_HAL_Driver/Src/stm32f4xx_hal.c **** /** @defgroup HAL_Exported_Functions HAL Exported Functions
 104:Drivers/STM32F4xx_HAL_Driver/Src/stm32f4xx_hal.c ****   * @{
 105:Drivers/STM32F4xx_HAL_Driver/Src/stm32f4xx_hal.c ****   */
 106:Drivers/STM32F4xx_HAL_Driver/Src/stm32f4xx_hal.c **** 
 107:Drivers/STM32F4xx_HAL_Driver/Src/stm32f4xx_hal.c **** /** @defgroup HAL_Exported_Functions_Group1 Initialization and de-initialization Functions 
 108:Drivers/STM32F4xx_HAL_Driver/Src/stm32f4xx_hal.c ****  *  @brief    Initialization and de-initialization functions
 109:Drivers/STM32F4xx_HAL_Driver/Src/stm32f4xx_hal.c ****  *
 110:Drivers/STM32F4xx_HAL_Driver/Src/stm32f4xx_hal.c **** @verbatim    
 111:Drivers/STM32F4xx_HAL_Driver/Src/stm32f4xx_hal.c ****  ===============================================================================
 112:Drivers/STM32F4xx_HAL_Driver/Src/stm32f4xx_hal.c ****               ##### Initialization and Configuration functions #####
 113:Drivers/STM32F4xx_HAL_Driver/Src/stm32f4xx_hal.c ****  ===============================================================================
 114:Drivers/STM32F4xx_HAL_Driver/Src/stm32f4xx_hal.c ****     [..]  This section provides functions allowing to:
 115:Drivers/STM32F4xx_HAL_Driver/Src/stm32f4xx_hal.c ****       (+) Initializes the Flash interface the NVIC allocation and initial clock 
 116:Drivers/STM32F4xx_HAL_Driver/Src/stm32f4xx_hal.c ****           configuration. It initializes the systick also when timeout is needed 
 117:Drivers/STM32F4xx_HAL_Driver/Src/stm32f4xx_hal.c ****           and the backup domain when enabled.
 118:Drivers/STM32F4xx_HAL_Driver/Src/stm32f4xx_hal.c ****       (+) De-Initializes common part of the HAL.
 119:Drivers/STM32F4xx_HAL_Driver/Src/stm32f4xx_hal.c ****       (+) Configure the time base source to have 1ms time base with a dedicated 
 120:Drivers/STM32F4xx_HAL_Driver/Src/stm32f4xx_hal.c ****           Tick interrupt priority. 
 121:Drivers/STM32F4xx_HAL_Driver/Src/stm32f4xx_hal.c ****         (++) SysTick timer is used by default as source of time base, but user
 122:Drivers/STM32F4xx_HAL_Driver/Src/stm32f4xx_hal.c ****              can eventually implement his proper time base source (a general purpose 
 123:Drivers/STM32F4xx_HAL_Driver/Src/stm32f4xx_hal.c ****              timer for example or other time source), keeping in mind that Time base 
 124:Drivers/STM32F4xx_HAL_Driver/Src/stm32f4xx_hal.c ****              duration should be kept 1ms since PPP_TIMEOUT_VALUEs are defined and 
 125:Drivers/STM32F4xx_HAL_Driver/Src/stm32f4xx_hal.c ****              handled in milliseconds basis.
 126:Drivers/STM32F4xx_HAL_Driver/Src/stm32f4xx_hal.c ****         (++) Time base configuration function (HAL_InitTick ()) is called automatically 
 127:Drivers/STM32F4xx_HAL_Driver/Src/stm32f4xx_hal.c ****              at the beginning of the program after reset by HAL_Init() or at any time 
 128:Drivers/STM32F4xx_HAL_Driver/Src/stm32f4xx_hal.c ****              when clock is configured, by HAL_RCC_ClockConfig(). 
 129:Drivers/STM32F4xx_HAL_Driver/Src/stm32f4xx_hal.c ****         (++) Source of time base is configured  to generate interrupts at regular 
 130:Drivers/STM32F4xx_HAL_Driver/Src/stm32f4xx_hal.c ****              time intervals. Care must be taken if HAL_Delay() is called from a 
 131:Drivers/STM32F4xx_HAL_Driver/Src/stm32f4xx_hal.c ****              peripheral ISR process, the Tick interrupt line must have higher priority 
 132:Drivers/STM32F4xx_HAL_Driver/Src/stm32f4xx_hal.c ****             (numerically lower) than the peripheral interrupt. Otherwise the caller 
 133:Drivers/STM32F4xx_HAL_Driver/Src/stm32f4xx_hal.c ****             ISR process will be blocked. 
 134:Drivers/STM32F4xx_HAL_Driver/Src/stm32f4xx_hal.c ****        (++) functions affecting time base configurations are declared as __weak  
 135:Drivers/STM32F4xx_HAL_Driver/Src/stm32f4xx_hal.c ****              to make  override possible  in case of other  implementations in user file.
 136:Drivers/STM32F4xx_HAL_Driver/Src/stm32f4xx_hal.c **** @endverbatim
 137:Drivers/STM32F4xx_HAL_Driver/Src/stm32f4xx_hal.c ****   * @{
 138:Drivers/STM32F4xx_HAL_Driver/Src/stm32f4xx_hal.c ****   */
 139:Drivers/STM32F4xx_HAL_Driver/Src/stm32f4xx_hal.c **** 
 140:Drivers/STM32F4xx_HAL_Driver/Src/stm32f4xx_hal.c **** /**
 141:Drivers/STM32F4xx_HAL_Driver/Src/stm32f4xx_hal.c ****   * @brief  This function is used to initialize the HAL Library; it must be the first 
 142:Drivers/STM32F4xx_HAL_Driver/Src/stm32f4xx_hal.c ****   *         instruction to be executed in the main program (before to call any other
 143:Drivers/STM32F4xx_HAL_Driver/Src/stm32f4xx_hal.c ****   *         HAL function), it performs the following:
 144:Drivers/STM32F4xx_HAL_Driver/Src/stm32f4xx_hal.c ****   *           Configure the Flash prefetch, instruction and Data caches.
ARM GAS  C:\Users\neko2\AppData\Local\Temp\ccMMGOnC.s 			page 4


 145:Drivers/STM32F4xx_HAL_Driver/Src/stm32f4xx_hal.c ****   *           Configures the SysTick to generate an interrupt each 1 millisecond,
 146:Drivers/STM32F4xx_HAL_Driver/Src/stm32f4xx_hal.c ****   *           which is clocked by the HSI (at this stage, the clock is not yet
 147:Drivers/STM32F4xx_HAL_Driver/Src/stm32f4xx_hal.c ****   *           configured and thus the system is running from the internal HSI at 16 MHz).
 148:Drivers/STM32F4xx_HAL_Driver/Src/stm32f4xx_hal.c ****   *           Set NVIC Group Priority to 4.
 149:Drivers/STM32F4xx_HAL_Driver/Src/stm32f4xx_hal.c ****   *           Calls the HAL_MspInit() callback function defined in user file 
 150:Drivers/STM32F4xx_HAL_Driver/Src/stm32f4xx_hal.c ****   *           "stm32f4xx_hal_msp.c" to do the global low level hardware initialization 
 151:Drivers/STM32F4xx_HAL_Driver/Src/stm32f4xx_hal.c ****   *            
 152:Drivers/STM32F4xx_HAL_Driver/Src/stm32f4xx_hal.c ****   * @note   SysTick is used as time base for the HAL_Delay() function, the application
 153:Drivers/STM32F4xx_HAL_Driver/Src/stm32f4xx_hal.c ****   *         need to ensure that the SysTick time base is always set to 1 millisecond
 154:Drivers/STM32F4xx_HAL_Driver/Src/stm32f4xx_hal.c ****   *         to have correct HAL operation.
 155:Drivers/STM32F4xx_HAL_Driver/Src/stm32f4xx_hal.c ****   * @retval HAL status
 156:Drivers/STM32F4xx_HAL_Driver/Src/stm32f4xx_hal.c ****   */
 157:Drivers/STM32F4xx_HAL_Driver/Src/stm32f4xx_hal.c **** HAL_StatusTypeDef HAL_Init(void)
 158:Drivers/STM32F4xx_HAL_Driver/Src/stm32f4xx_hal.c **** {
 159:Drivers/STM32F4xx_HAL_Driver/Src/stm32f4xx_hal.c ****   /* Configure Flash prefetch, Instruction cache, Data cache */ 
 160:Drivers/STM32F4xx_HAL_Driver/Src/stm32f4xx_hal.c **** #if (INSTRUCTION_CACHE_ENABLE != 0U)
 161:Drivers/STM32F4xx_HAL_Driver/Src/stm32f4xx_hal.c ****   __HAL_FLASH_INSTRUCTION_CACHE_ENABLE();
 162:Drivers/STM32F4xx_HAL_Driver/Src/stm32f4xx_hal.c **** #endif /* INSTRUCTION_CACHE_ENABLE */
 163:Drivers/STM32F4xx_HAL_Driver/Src/stm32f4xx_hal.c **** 
 164:Drivers/STM32F4xx_HAL_Driver/Src/stm32f4xx_hal.c **** #if (DATA_CACHE_ENABLE != 0U)
 165:Drivers/STM32F4xx_HAL_Driver/Src/stm32f4xx_hal.c ****   __HAL_FLASH_DATA_CACHE_ENABLE();
 166:Drivers/STM32F4xx_HAL_Driver/Src/stm32f4xx_hal.c **** #endif /* DATA_CACHE_ENABLE */
 167:Drivers/STM32F4xx_HAL_Driver/Src/stm32f4xx_hal.c **** 
 168:Drivers/STM32F4xx_HAL_Driver/Src/stm32f4xx_hal.c **** #if (PREFETCH_ENABLE != 0U)
 169:Drivers/STM32F4xx_HAL_Driver/Src/stm32f4xx_hal.c ****   __HAL_FLASH_PREFETCH_BUFFER_ENABLE();
 170:Drivers/STM32F4xx_HAL_Driver/Src/stm32f4xx_hal.c **** #endif /* PREFETCH_ENABLE */
 171:Drivers/STM32F4xx_HAL_Driver/Src/stm32f4xx_hal.c **** 
 172:Drivers/STM32F4xx_HAL_Driver/Src/stm32f4xx_hal.c ****   /* Set Interrupt Group Priority */
 173:Drivers/STM32F4xx_HAL_Driver/Src/stm32f4xx_hal.c ****   HAL_NVIC_SetPriorityGrouping(NVIC_PRIORITYGROUP_4);
 174:Drivers/STM32F4xx_HAL_Driver/Src/stm32f4xx_hal.c **** 
 175:Drivers/STM32F4xx_HAL_Driver/Src/stm32f4xx_hal.c ****   /* Use systick as time base source and configure 1ms tick (default clock after Reset is HSI) */
 176:Drivers/STM32F4xx_HAL_Driver/Src/stm32f4xx_hal.c ****   HAL_InitTick(TICK_INT_PRIORITY);
 177:Drivers/STM32F4xx_HAL_Driver/Src/stm32f4xx_hal.c **** 
 178:Drivers/STM32F4xx_HAL_Driver/Src/stm32f4xx_hal.c ****   /* Init the low level hardware */
 179:Drivers/STM32F4xx_HAL_Driver/Src/stm32f4xx_hal.c ****   HAL_MspInit();
 180:Drivers/STM32F4xx_HAL_Driver/Src/stm32f4xx_hal.c **** 
 181:Drivers/STM32F4xx_HAL_Driver/Src/stm32f4xx_hal.c ****   /* Return function status */
 182:Drivers/STM32F4xx_HAL_Driver/Src/stm32f4xx_hal.c ****   return HAL_OK;
 183:Drivers/STM32F4xx_HAL_Driver/Src/stm32f4xx_hal.c **** }
 184:Drivers/STM32F4xx_HAL_Driver/Src/stm32f4xx_hal.c **** 
 185:Drivers/STM32F4xx_HAL_Driver/Src/stm32f4xx_hal.c **** /**
 186:Drivers/STM32F4xx_HAL_Driver/Src/stm32f4xx_hal.c ****   * @brief  This function de-Initializes common part of the HAL and stops the systick.
 187:Drivers/STM32F4xx_HAL_Driver/Src/stm32f4xx_hal.c ****   *         This function is optional.   
 188:Drivers/STM32F4xx_HAL_Driver/Src/stm32f4xx_hal.c ****   * @retval HAL status
 189:Drivers/STM32F4xx_HAL_Driver/Src/stm32f4xx_hal.c ****   */
 190:Drivers/STM32F4xx_HAL_Driver/Src/stm32f4xx_hal.c **** HAL_StatusTypeDef HAL_DeInit(void)
 191:Drivers/STM32F4xx_HAL_Driver/Src/stm32f4xx_hal.c **** {
 192:Drivers/STM32F4xx_HAL_Driver/Src/stm32f4xx_hal.c ****   /* Reset of all peripherals */
 193:Drivers/STM32F4xx_HAL_Driver/Src/stm32f4xx_hal.c ****   __HAL_RCC_APB1_FORCE_RESET();
 194:Drivers/STM32F4xx_HAL_Driver/Src/stm32f4xx_hal.c ****   __HAL_RCC_APB1_RELEASE_RESET();
 195:Drivers/STM32F4xx_HAL_Driver/Src/stm32f4xx_hal.c **** 
 196:Drivers/STM32F4xx_HAL_Driver/Src/stm32f4xx_hal.c ****   __HAL_RCC_APB2_FORCE_RESET();
 197:Drivers/STM32F4xx_HAL_Driver/Src/stm32f4xx_hal.c ****   __HAL_RCC_APB2_RELEASE_RESET();
 198:Drivers/STM32F4xx_HAL_Driver/Src/stm32f4xx_hal.c **** 
 199:Drivers/STM32F4xx_HAL_Driver/Src/stm32f4xx_hal.c ****   __HAL_RCC_AHB1_FORCE_RESET();
 200:Drivers/STM32F4xx_HAL_Driver/Src/stm32f4xx_hal.c ****   __HAL_RCC_AHB1_RELEASE_RESET();
 201:Drivers/STM32F4xx_HAL_Driver/Src/stm32f4xx_hal.c **** 
ARM GAS  C:\Users\neko2\AppData\Local\Temp\ccMMGOnC.s 			page 5


 202:Drivers/STM32F4xx_HAL_Driver/Src/stm32f4xx_hal.c ****   __HAL_RCC_AHB2_FORCE_RESET();
 203:Drivers/STM32F4xx_HAL_Driver/Src/stm32f4xx_hal.c ****   __HAL_RCC_AHB2_RELEASE_RESET();
 204:Drivers/STM32F4xx_HAL_Driver/Src/stm32f4xx_hal.c **** 
 205:Drivers/STM32F4xx_HAL_Driver/Src/stm32f4xx_hal.c ****   __HAL_RCC_AHB3_FORCE_RESET();
 206:Drivers/STM32F4xx_HAL_Driver/Src/stm32f4xx_hal.c ****   __HAL_RCC_AHB3_RELEASE_RESET();
 207:Drivers/STM32F4xx_HAL_Driver/Src/stm32f4xx_hal.c **** 
 208:Drivers/STM32F4xx_HAL_Driver/Src/stm32f4xx_hal.c ****   /* De-Init the low level hardware */
 209:Drivers/STM32F4xx_HAL_Driver/Src/stm32f4xx_hal.c ****   HAL_MspDeInit();
 210:Drivers/STM32F4xx_HAL_Driver/Src/stm32f4xx_hal.c ****     
 211:Drivers/STM32F4xx_HAL_Driver/Src/stm32f4xx_hal.c ****   /* Return function status */
 212:Drivers/STM32F4xx_HAL_Driver/Src/stm32f4xx_hal.c ****   return HAL_OK;
 213:Drivers/STM32F4xx_HAL_Driver/Src/stm32f4xx_hal.c **** }
 214:Drivers/STM32F4xx_HAL_Driver/Src/stm32f4xx_hal.c **** 
 215:Drivers/STM32F4xx_HAL_Driver/Src/stm32f4xx_hal.c **** /**
 216:Drivers/STM32F4xx_HAL_Driver/Src/stm32f4xx_hal.c ****   * @brief  Initialize the MSP.
 217:Drivers/STM32F4xx_HAL_Driver/Src/stm32f4xx_hal.c ****   * @retval None
 218:Drivers/STM32F4xx_HAL_Driver/Src/stm32f4xx_hal.c ****   */
 219:Drivers/STM32F4xx_HAL_Driver/Src/stm32f4xx_hal.c **** __weak void HAL_MspInit(void)
 220:Drivers/STM32F4xx_HAL_Driver/Src/stm32f4xx_hal.c **** {
  29              		.loc 1 220 1 view -0
  30              		.cfi_startproc
  31              		@ args = 0, pretend = 0, frame = 0
  32              		@ frame_needed = 0, uses_anonymous_args = 0
  33              		@ link register save eliminated.
 221:Drivers/STM32F4xx_HAL_Driver/Src/stm32f4xx_hal.c ****   /* NOTE : This function should not be modified, when the callback is needed,
 222:Drivers/STM32F4xx_HAL_Driver/Src/stm32f4xx_hal.c ****             the HAL_MspInit could be implemented in the user file
 223:Drivers/STM32F4xx_HAL_Driver/Src/stm32f4xx_hal.c ****    */
 224:Drivers/STM32F4xx_HAL_Driver/Src/stm32f4xx_hal.c **** }
  34              		.loc 1 224 1 view .LVU1
  35 0000 7047     		bx	lr
  36              		.cfi_endproc
  37              	.LFE218:
  39              		.section	.text.HAL_MspDeInit,"ax",%progbits
  40              		.align	1
  41              		.weak	HAL_MspDeInit
  42              		.syntax unified
  43              		.thumb
  44              		.thumb_func
  46              	HAL_MspDeInit:
  47              	.LFB219:
 225:Drivers/STM32F4xx_HAL_Driver/Src/stm32f4xx_hal.c **** 
 226:Drivers/STM32F4xx_HAL_Driver/Src/stm32f4xx_hal.c **** /**
 227:Drivers/STM32F4xx_HAL_Driver/Src/stm32f4xx_hal.c ****   * @brief  DeInitializes the MSP.
 228:Drivers/STM32F4xx_HAL_Driver/Src/stm32f4xx_hal.c ****   * @retval None
 229:Drivers/STM32F4xx_HAL_Driver/Src/stm32f4xx_hal.c ****   */
 230:Drivers/STM32F4xx_HAL_Driver/Src/stm32f4xx_hal.c **** __weak void HAL_MspDeInit(void)
 231:Drivers/STM32F4xx_HAL_Driver/Src/stm32f4xx_hal.c **** {
  48              		.loc 1 231 1 view -0
  49              		.cfi_startproc
  50              		@ args = 0, pretend = 0, frame = 0
  51              		@ frame_needed = 0, uses_anonymous_args = 0
  52              		@ link register save eliminated.
 232:Drivers/STM32F4xx_HAL_Driver/Src/stm32f4xx_hal.c ****   /* NOTE : This function should not be modified, when the callback is needed,
 233:Drivers/STM32F4xx_HAL_Driver/Src/stm32f4xx_hal.c ****             the HAL_MspDeInit could be implemented in the user file
 234:Drivers/STM32F4xx_HAL_Driver/Src/stm32f4xx_hal.c ****    */ 
 235:Drivers/STM32F4xx_HAL_Driver/Src/stm32f4xx_hal.c **** }
  53              		.loc 1 235 1 view .LVU3
ARM GAS  C:\Users\neko2\AppData\Local\Temp\ccMMGOnC.s 			page 6


  54 0000 7047     		bx	lr
  55              		.cfi_endproc
  56              	.LFE219:
  58              		.section	.text.HAL_DeInit,"ax",%progbits
  59              		.align	1
  60              		.global	HAL_DeInit
  61              		.syntax unified
  62              		.thumb
  63              		.thumb_func
  65              	HAL_DeInit:
  66              	.LFB217:
 191:Drivers/STM32F4xx_HAL_Driver/Src/stm32f4xx_hal.c ****   /* Reset of all peripherals */
  67              		.loc 1 191 1 view -0
  68              		.cfi_startproc
  69              		@ args = 0, pretend = 0, frame = 0
  70              		@ frame_needed = 0, uses_anonymous_args = 0
  71 0000 10B5     		push	{r4, lr}
  72              	.LCFI0:
  73              		.cfi_def_cfa_offset 8
  74              		.cfi_offset 4, -8
  75              		.cfi_offset 14, -4
 193:Drivers/STM32F4xx_HAL_Driver/Src/stm32f4xx_hal.c ****   __HAL_RCC_APB1_RELEASE_RESET();
  76              		.loc 1 193 3 view .LVU5
  77 0002 084B     		ldr	r3, .L5
  78 0004 4FF0FF32 		mov	r2, #-1
  79 0008 1A62     		str	r2, [r3, #32]
 194:Drivers/STM32F4xx_HAL_Driver/Src/stm32f4xx_hal.c **** 
  80              		.loc 1 194 3 view .LVU6
  81 000a 0024     		movs	r4, #0
  82 000c 1C62     		str	r4, [r3, #32]
 196:Drivers/STM32F4xx_HAL_Driver/Src/stm32f4xx_hal.c ****   __HAL_RCC_APB2_RELEASE_RESET();
  83              		.loc 1 196 3 view .LVU7
  84 000e 5A62     		str	r2, [r3, #36]
 197:Drivers/STM32F4xx_HAL_Driver/Src/stm32f4xx_hal.c **** 
  85              		.loc 1 197 3 view .LVU8
  86 0010 5C62     		str	r4, [r3, #36]
 199:Drivers/STM32F4xx_HAL_Driver/Src/stm32f4xx_hal.c ****   __HAL_RCC_AHB1_RELEASE_RESET();
  87              		.loc 1 199 3 view .LVU9
  88 0012 1A61     		str	r2, [r3, #16]
 200:Drivers/STM32F4xx_HAL_Driver/Src/stm32f4xx_hal.c **** 
  89              		.loc 1 200 3 view .LVU10
  90 0014 1C61     		str	r4, [r3, #16]
 202:Drivers/STM32F4xx_HAL_Driver/Src/stm32f4xx_hal.c ****   __HAL_RCC_AHB2_RELEASE_RESET();
  91              		.loc 1 202 3 view .LVU11
  92 0016 5A61     		str	r2, [r3, #20]
 203:Drivers/STM32F4xx_HAL_Driver/Src/stm32f4xx_hal.c **** 
  93              		.loc 1 203 3 view .LVU12
  94 0018 5C61     		str	r4, [r3, #20]
 205:Drivers/STM32F4xx_HAL_Driver/Src/stm32f4xx_hal.c ****   __HAL_RCC_AHB3_RELEASE_RESET();
  95              		.loc 1 205 31 view .LVU13
 206:Drivers/STM32F4xx_HAL_Driver/Src/stm32f4xx_hal.c **** 
  96              		.loc 1 206 33 view .LVU14
 209:Drivers/STM32F4xx_HAL_Driver/Src/stm32f4xx_hal.c ****     
  97              		.loc 1 209 3 view .LVU15
  98 001a FFF7FEFF 		bl	HAL_MspDeInit
  99              	.LVL0:
 212:Drivers/STM32F4xx_HAL_Driver/Src/stm32f4xx_hal.c **** }
ARM GAS  C:\Users\neko2\AppData\Local\Temp\ccMMGOnC.s 			page 7


 100              		.loc 1 212 3 view .LVU16
 213:Drivers/STM32F4xx_HAL_Driver/Src/stm32f4xx_hal.c **** 
 101              		.loc 1 213 1 is_stmt 0 view .LVU17
 102 001e 2046     		mov	r0, r4
 103 0020 10BD     		pop	{r4, pc}
 104              	.L6:
 105 0022 00BF     		.align	2
 106              	.L5:
 107 0024 00380240 		.word	1073887232
 108              		.cfi_endproc
 109              	.LFE217:
 111              		.section	.text.HAL_InitTick,"ax",%progbits
 112              		.align	1
 113              		.weak	HAL_InitTick
 114              		.syntax unified
 115              		.thumb
 116              		.thumb_func
 118              	HAL_InitTick:
 119              	.LVL1:
 120              	.LFB220:
 236:Drivers/STM32F4xx_HAL_Driver/Src/stm32f4xx_hal.c **** 
 237:Drivers/STM32F4xx_HAL_Driver/Src/stm32f4xx_hal.c **** /**
 238:Drivers/STM32F4xx_HAL_Driver/Src/stm32f4xx_hal.c ****   * @brief This function configures the source of the time base.
 239:Drivers/STM32F4xx_HAL_Driver/Src/stm32f4xx_hal.c ****   *        The time source is configured  to have 1ms time base with a dedicated 
 240:Drivers/STM32F4xx_HAL_Driver/Src/stm32f4xx_hal.c ****   *        Tick interrupt priority.
 241:Drivers/STM32F4xx_HAL_Driver/Src/stm32f4xx_hal.c ****   * @note This function is called  automatically at the beginning of program after
 242:Drivers/STM32F4xx_HAL_Driver/Src/stm32f4xx_hal.c ****   *       reset by HAL_Init() or at any time when clock is reconfigured  by HAL_RCC_ClockConfig().
 243:Drivers/STM32F4xx_HAL_Driver/Src/stm32f4xx_hal.c ****   * @note In the default implementation, SysTick timer is the source of time base. 
 244:Drivers/STM32F4xx_HAL_Driver/Src/stm32f4xx_hal.c ****   *       It is used to generate interrupts at regular time intervals. 
 245:Drivers/STM32F4xx_HAL_Driver/Src/stm32f4xx_hal.c ****   *       Care must be taken if HAL_Delay() is called from a peripheral ISR process, 
 246:Drivers/STM32F4xx_HAL_Driver/Src/stm32f4xx_hal.c ****   *       The SysTick interrupt must have higher priority (numerically lower)
 247:Drivers/STM32F4xx_HAL_Driver/Src/stm32f4xx_hal.c ****   *       than the peripheral interrupt. Otherwise the caller ISR process will be blocked.
 248:Drivers/STM32F4xx_HAL_Driver/Src/stm32f4xx_hal.c ****   *       The function is declared as __weak  to be overwritten  in case of other
 249:Drivers/STM32F4xx_HAL_Driver/Src/stm32f4xx_hal.c ****   *       implementation  in user file.
 250:Drivers/STM32F4xx_HAL_Driver/Src/stm32f4xx_hal.c ****   * @param TickPriority Tick interrupt priority.
 251:Drivers/STM32F4xx_HAL_Driver/Src/stm32f4xx_hal.c ****   * @retval HAL status
 252:Drivers/STM32F4xx_HAL_Driver/Src/stm32f4xx_hal.c ****   */
 253:Drivers/STM32F4xx_HAL_Driver/Src/stm32f4xx_hal.c **** __weak HAL_StatusTypeDef HAL_InitTick(uint32_t TickPriority)
 254:Drivers/STM32F4xx_HAL_Driver/Src/stm32f4xx_hal.c **** {
 121              		.loc 1 254 1 is_stmt 1 view -0
 122              		.cfi_startproc
 123              		@ args = 0, pretend = 0, frame = 0
 124              		@ frame_needed = 0, uses_anonymous_args = 0
 125              		.loc 1 254 1 is_stmt 0 view .LVU19
 126 0000 10B5     		push	{r4, lr}
 127              	.LCFI1:
 128              		.cfi_def_cfa_offset 8
 129              		.cfi_offset 4, -8
 130              		.cfi_offset 14, -4
 131 0002 0446     		mov	r4, r0
 255:Drivers/STM32F4xx_HAL_Driver/Src/stm32f4xx_hal.c ****   /* Configure the SysTick to have interrupt in 1ms time basis*/
 256:Drivers/STM32F4xx_HAL_Driver/Src/stm32f4xx_hal.c ****   if (HAL_SYSTICK_Config(SystemCoreClock / (1000U / uwTickFreq)) > 0U)
 132              		.loc 1 256 3 is_stmt 1 view .LVU20
 133              		.loc 1 256 51 is_stmt 0 view .LVU21
 134 0004 0E4B     		ldr	r3, .L13
 135 0006 1878     		ldrb	r0, [r3]	@ zero_extendqisi2
 136              	.LVL2:
ARM GAS  C:\Users\neko2\AppData\Local\Temp\ccMMGOnC.s 			page 8


 137              		.loc 1 256 51 view .LVU22
 138 0008 4FF47A73 		mov	r3, #1000
 139 000c B3FBF0F3 		udiv	r3, r3, r0
 140              		.loc 1 256 7 view .LVU23
 141 0010 0C4A     		ldr	r2, .L13+4
 142 0012 1068     		ldr	r0, [r2]
 143 0014 B0FBF3F0 		udiv	r0, r0, r3
 144 0018 FFF7FEFF 		bl	HAL_SYSTICK_Config
 145              	.LVL3:
 146              		.loc 1 256 6 view .LVU24
 147 001c 68B9     		cbnz	r0, .L9
 257:Drivers/STM32F4xx_HAL_Driver/Src/stm32f4xx_hal.c ****   {
 258:Drivers/STM32F4xx_HAL_Driver/Src/stm32f4xx_hal.c ****     return HAL_ERROR;
 259:Drivers/STM32F4xx_HAL_Driver/Src/stm32f4xx_hal.c ****   }
 260:Drivers/STM32F4xx_HAL_Driver/Src/stm32f4xx_hal.c **** 
 261:Drivers/STM32F4xx_HAL_Driver/Src/stm32f4xx_hal.c ****   /* Configure the SysTick IRQ priority */
 262:Drivers/STM32F4xx_HAL_Driver/Src/stm32f4xx_hal.c ****   if (TickPriority < (1UL << __NVIC_PRIO_BITS))
 148              		.loc 1 262 3 is_stmt 1 view .LVU25
 149              		.loc 1 262 6 is_stmt 0 view .LVU26
 150 001e 0F2C     		cmp	r4, #15
 151 0020 01D9     		bls	.L12
 263:Drivers/STM32F4xx_HAL_Driver/Src/stm32f4xx_hal.c ****   {
 264:Drivers/STM32F4xx_HAL_Driver/Src/stm32f4xx_hal.c ****     HAL_NVIC_SetPriority(SysTick_IRQn, TickPriority, 0U);
 265:Drivers/STM32F4xx_HAL_Driver/Src/stm32f4xx_hal.c ****     uwTickPrio = TickPriority;
 266:Drivers/STM32F4xx_HAL_Driver/Src/stm32f4xx_hal.c ****   }
 267:Drivers/STM32F4xx_HAL_Driver/Src/stm32f4xx_hal.c ****   else
 268:Drivers/STM32F4xx_HAL_Driver/Src/stm32f4xx_hal.c ****   {
 269:Drivers/STM32F4xx_HAL_Driver/Src/stm32f4xx_hal.c ****     return HAL_ERROR;
 152              		.loc 1 269 12 view .LVU27
 153 0022 0120     		movs	r0, #1
 154 0024 0AE0     		b	.L8
 155              	.L12:
 264:Drivers/STM32F4xx_HAL_Driver/Src/stm32f4xx_hal.c ****     uwTickPrio = TickPriority;
 156              		.loc 1 264 5 is_stmt 1 view .LVU28
 157 0026 0022     		movs	r2, #0
 158 0028 2146     		mov	r1, r4
 159 002a 4FF0FF30 		mov	r0, #-1
 160 002e FFF7FEFF 		bl	HAL_NVIC_SetPriority
 161              	.LVL4:
 265:Drivers/STM32F4xx_HAL_Driver/Src/stm32f4xx_hal.c ****   }
 162              		.loc 1 265 5 view .LVU29
 265:Drivers/STM32F4xx_HAL_Driver/Src/stm32f4xx_hal.c ****   }
 163              		.loc 1 265 16 is_stmt 0 view .LVU30
 164 0032 054B     		ldr	r3, .L13+8
 165 0034 1C60     		str	r4, [r3]
 270:Drivers/STM32F4xx_HAL_Driver/Src/stm32f4xx_hal.c ****   }
 271:Drivers/STM32F4xx_HAL_Driver/Src/stm32f4xx_hal.c **** 
 272:Drivers/STM32F4xx_HAL_Driver/Src/stm32f4xx_hal.c ****   /* Return function status */
 273:Drivers/STM32F4xx_HAL_Driver/Src/stm32f4xx_hal.c ****   return HAL_OK;
 166              		.loc 1 273 3 is_stmt 1 view .LVU31
 167              		.loc 1 273 10 is_stmt 0 view .LVU32
 168 0036 0020     		movs	r0, #0
 169 0038 00E0     		b	.L8
 170              	.L9:
 258:Drivers/STM32F4xx_HAL_Driver/Src/stm32f4xx_hal.c ****   }
 171              		.loc 1 258 12 view .LVU33
 172 003a 0120     		movs	r0, #1
ARM GAS  C:\Users\neko2\AppData\Local\Temp\ccMMGOnC.s 			page 9


 173              	.L8:
 274:Drivers/STM32F4xx_HAL_Driver/Src/stm32f4xx_hal.c **** }
 174              		.loc 1 274 1 view .LVU34
 175 003c 10BD     		pop	{r4, pc}
 176              	.LVL5:
 177              	.L14:
 178              		.loc 1 274 1 view .LVU35
 179 003e 00BF     		.align	2
 180              	.L13:
 181 0040 00000000 		.word	.LANCHOR0
 182 0044 00000000 		.word	SystemCoreClock
 183 0048 00000000 		.word	.LANCHOR1
 184              		.cfi_endproc
 185              	.LFE220:
 187              		.section	.text.HAL_Init,"ax",%progbits
 188              		.align	1
 189              		.global	HAL_Init
 190              		.syntax unified
 191              		.thumb
 192              		.thumb_func
 194              	HAL_Init:
 195              	.LFB216:
 158:Drivers/STM32F4xx_HAL_Driver/Src/stm32f4xx_hal.c ****   /* Configure Flash prefetch, Instruction cache, Data cache */ 
 196              		.loc 1 158 1 is_stmt 1 view -0
 197              		.cfi_startproc
 198              		@ args = 0, pretend = 0, frame = 0
 199              		@ frame_needed = 0, uses_anonymous_args = 0
 200 0000 08B5     		push	{r3, lr}
 201              	.LCFI2:
 202              		.cfi_def_cfa_offset 8
 203              		.cfi_offset 3, -8
 204              		.cfi_offset 14, -4
 161:Drivers/STM32F4xx_HAL_Driver/Src/stm32f4xx_hal.c **** #endif /* INSTRUCTION_CACHE_ENABLE */
 205              		.loc 1 161 3 view .LVU37
 206 0002 0B4B     		ldr	r3, .L17
 207 0004 1A68     		ldr	r2, [r3]
 208 0006 42F40072 		orr	r2, r2, #512
 209 000a 1A60     		str	r2, [r3]
 165:Drivers/STM32F4xx_HAL_Driver/Src/stm32f4xx_hal.c **** #endif /* DATA_CACHE_ENABLE */
 210              		.loc 1 165 3 view .LVU38
 211 000c 1A68     		ldr	r2, [r3]
 212 000e 42F48062 		orr	r2, r2, #1024
 213 0012 1A60     		str	r2, [r3]
 169:Drivers/STM32F4xx_HAL_Driver/Src/stm32f4xx_hal.c **** #endif /* PREFETCH_ENABLE */
 214              		.loc 1 169 3 view .LVU39
 215 0014 1A68     		ldr	r2, [r3]
 216 0016 42F48072 		orr	r2, r2, #256
 217 001a 1A60     		str	r2, [r3]
 173:Drivers/STM32F4xx_HAL_Driver/Src/stm32f4xx_hal.c **** 
 218              		.loc 1 173 3 view .LVU40
 219 001c 0320     		movs	r0, #3
 220 001e FFF7FEFF 		bl	HAL_NVIC_SetPriorityGrouping
 221              	.LVL6:
 176:Drivers/STM32F4xx_HAL_Driver/Src/stm32f4xx_hal.c **** 
 222              		.loc 1 176 3 view .LVU41
 223 0022 0F20     		movs	r0, #15
 224 0024 FFF7FEFF 		bl	HAL_InitTick
ARM GAS  C:\Users\neko2\AppData\Local\Temp\ccMMGOnC.s 			page 10


 225              	.LVL7:
 179:Drivers/STM32F4xx_HAL_Driver/Src/stm32f4xx_hal.c **** 
 226              		.loc 1 179 3 view .LVU42
 227 0028 FFF7FEFF 		bl	HAL_MspInit
 228              	.LVL8:
 182:Drivers/STM32F4xx_HAL_Driver/Src/stm32f4xx_hal.c **** }
 229              		.loc 1 182 3 view .LVU43
 183:Drivers/STM32F4xx_HAL_Driver/Src/stm32f4xx_hal.c **** 
 230              		.loc 1 183 1 is_stmt 0 view .LVU44
 231 002c 0020     		movs	r0, #0
 232 002e 08BD     		pop	{r3, pc}
 233              	.L18:
 234              		.align	2
 235              	.L17:
 236 0030 003C0240 		.word	1073888256
 237              		.cfi_endproc
 238              	.LFE216:
 240              		.section	.text.HAL_IncTick,"ax",%progbits
 241              		.align	1
 242              		.weak	HAL_IncTick
 243              		.syntax unified
 244              		.thumb
 245              		.thumb_func
 247              	HAL_IncTick:
 248              	.LFB221:
 275:Drivers/STM32F4xx_HAL_Driver/Src/stm32f4xx_hal.c **** 
 276:Drivers/STM32F4xx_HAL_Driver/Src/stm32f4xx_hal.c **** /**
 277:Drivers/STM32F4xx_HAL_Driver/Src/stm32f4xx_hal.c ****   * @}
 278:Drivers/STM32F4xx_HAL_Driver/Src/stm32f4xx_hal.c ****   */
 279:Drivers/STM32F4xx_HAL_Driver/Src/stm32f4xx_hal.c **** 
 280:Drivers/STM32F4xx_HAL_Driver/Src/stm32f4xx_hal.c **** /** @defgroup HAL_Exported_Functions_Group2 HAL Control functions 
 281:Drivers/STM32F4xx_HAL_Driver/Src/stm32f4xx_hal.c ****  *  @brief    HAL Control functions
 282:Drivers/STM32F4xx_HAL_Driver/Src/stm32f4xx_hal.c ****  *
 283:Drivers/STM32F4xx_HAL_Driver/Src/stm32f4xx_hal.c **** @verbatim
 284:Drivers/STM32F4xx_HAL_Driver/Src/stm32f4xx_hal.c ****  ===============================================================================
 285:Drivers/STM32F4xx_HAL_Driver/Src/stm32f4xx_hal.c ****                       ##### HAL Control functions #####
 286:Drivers/STM32F4xx_HAL_Driver/Src/stm32f4xx_hal.c ****  ===============================================================================
 287:Drivers/STM32F4xx_HAL_Driver/Src/stm32f4xx_hal.c ****     [..]  This section provides functions allowing to:
 288:Drivers/STM32F4xx_HAL_Driver/Src/stm32f4xx_hal.c ****       (+) Provide a tick value in millisecond
 289:Drivers/STM32F4xx_HAL_Driver/Src/stm32f4xx_hal.c ****       (+) Provide a blocking delay in millisecond
 290:Drivers/STM32F4xx_HAL_Driver/Src/stm32f4xx_hal.c ****       (+) Suspend the time base source interrupt
 291:Drivers/STM32F4xx_HAL_Driver/Src/stm32f4xx_hal.c ****       (+) Resume the time base source interrupt
 292:Drivers/STM32F4xx_HAL_Driver/Src/stm32f4xx_hal.c ****       (+) Get the HAL API driver version
 293:Drivers/STM32F4xx_HAL_Driver/Src/stm32f4xx_hal.c ****       (+) Get the device identifier
 294:Drivers/STM32F4xx_HAL_Driver/Src/stm32f4xx_hal.c ****       (+) Get the device revision identifier
 295:Drivers/STM32F4xx_HAL_Driver/Src/stm32f4xx_hal.c ****       (+) Enable/Disable Debug module during SLEEP mode
 296:Drivers/STM32F4xx_HAL_Driver/Src/stm32f4xx_hal.c ****       (+) Enable/Disable Debug module during STOP mode
 297:Drivers/STM32F4xx_HAL_Driver/Src/stm32f4xx_hal.c ****       (+) Enable/Disable Debug module during STANDBY mode
 298:Drivers/STM32F4xx_HAL_Driver/Src/stm32f4xx_hal.c **** 
 299:Drivers/STM32F4xx_HAL_Driver/Src/stm32f4xx_hal.c **** @endverbatim
 300:Drivers/STM32F4xx_HAL_Driver/Src/stm32f4xx_hal.c ****   * @{
 301:Drivers/STM32F4xx_HAL_Driver/Src/stm32f4xx_hal.c ****   */
 302:Drivers/STM32F4xx_HAL_Driver/Src/stm32f4xx_hal.c **** 
 303:Drivers/STM32F4xx_HAL_Driver/Src/stm32f4xx_hal.c **** /**
 304:Drivers/STM32F4xx_HAL_Driver/Src/stm32f4xx_hal.c ****   * @brief This function is called to increment  a global variable "uwTick"
 305:Drivers/STM32F4xx_HAL_Driver/Src/stm32f4xx_hal.c ****   *        used as application time base.
 306:Drivers/STM32F4xx_HAL_Driver/Src/stm32f4xx_hal.c ****   * @note In the default implementation, this variable is incremented each 1ms
ARM GAS  C:\Users\neko2\AppData\Local\Temp\ccMMGOnC.s 			page 11


 307:Drivers/STM32F4xx_HAL_Driver/Src/stm32f4xx_hal.c ****   *       in SysTick ISR.
 308:Drivers/STM32F4xx_HAL_Driver/Src/stm32f4xx_hal.c ****  * @note This function is declared as __weak to be overwritten in case of other 
 309:Drivers/STM32F4xx_HAL_Driver/Src/stm32f4xx_hal.c ****   *      implementations in user file.
 310:Drivers/STM32F4xx_HAL_Driver/Src/stm32f4xx_hal.c ****   * @retval None
 311:Drivers/STM32F4xx_HAL_Driver/Src/stm32f4xx_hal.c ****   */
 312:Drivers/STM32F4xx_HAL_Driver/Src/stm32f4xx_hal.c **** __weak void HAL_IncTick(void)
 313:Drivers/STM32F4xx_HAL_Driver/Src/stm32f4xx_hal.c **** {
 249              		.loc 1 313 1 is_stmt 1 view -0
 250              		.cfi_startproc
 251              		@ args = 0, pretend = 0, frame = 0
 252              		@ frame_needed = 0, uses_anonymous_args = 0
 253              		@ link register save eliminated.
 314:Drivers/STM32F4xx_HAL_Driver/Src/stm32f4xx_hal.c ****   uwTick += uwTickFreq;
 254              		.loc 1 314 3 view .LVU46
 255              		.loc 1 314 10 is_stmt 0 view .LVU47
 256 0000 034A     		ldr	r2, .L20
 257 0002 1168     		ldr	r1, [r2]
 258 0004 034B     		ldr	r3, .L20+4
 259 0006 1B78     		ldrb	r3, [r3]	@ zero_extendqisi2
 260 0008 0B44     		add	r3, r3, r1
 261 000a 1360     		str	r3, [r2]
 315:Drivers/STM32F4xx_HAL_Driver/Src/stm32f4xx_hal.c **** }
 262              		.loc 1 315 1 view .LVU48
 263 000c 7047     		bx	lr
 264              	.L21:
 265 000e 00BF     		.align	2
 266              	.L20:
 267 0010 00000000 		.word	.LANCHOR2
 268 0014 00000000 		.word	.LANCHOR0
 269              		.cfi_endproc
 270              	.LFE221:
 272              		.section	.text.HAL_GetTick,"ax",%progbits
 273              		.align	1
 274              		.weak	HAL_GetTick
 275              		.syntax unified
 276              		.thumb
 277              		.thumb_func
 279              	HAL_GetTick:
 280              	.LFB222:
 316:Drivers/STM32F4xx_HAL_Driver/Src/stm32f4xx_hal.c **** 
 317:Drivers/STM32F4xx_HAL_Driver/Src/stm32f4xx_hal.c **** /**
 318:Drivers/STM32F4xx_HAL_Driver/Src/stm32f4xx_hal.c ****   * @brief Provides a tick value in millisecond.
 319:Drivers/STM32F4xx_HAL_Driver/Src/stm32f4xx_hal.c ****   * @note This function is declared as __weak to be overwritten in case of other 
 320:Drivers/STM32F4xx_HAL_Driver/Src/stm32f4xx_hal.c ****   *       implementations in user file.
 321:Drivers/STM32F4xx_HAL_Driver/Src/stm32f4xx_hal.c ****   * @retval tick value
 322:Drivers/STM32F4xx_HAL_Driver/Src/stm32f4xx_hal.c ****   */
 323:Drivers/STM32F4xx_HAL_Driver/Src/stm32f4xx_hal.c **** __weak uint32_t HAL_GetTick(void)
 324:Drivers/STM32F4xx_HAL_Driver/Src/stm32f4xx_hal.c **** {
 281              		.loc 1 324 1 is_stmt 1 view -0
 282              		.cfi_startproc
 283              		@ args = 0, pretend = 0, frame = 0
 284              		@ frame_needed = 0, uses_anonymous_args = 0
 285              		@ link register save eliminated.
 325:Drivers/STM32F4xx_HAL_Driver/Src/stm32f4xx_hal.c ****   return uwTick;
 286              		.loc 1 325 3 view .LVU50
 287              		.loc 1 325 10 is_stmt 0 view .LVU51
 288 0000 014B     		ldr	r3, .L23
ARM GAS  C:\Users\neko2\AppData\Local\Temp\ccMMGOnC.s 			page 12


 289 0002 1868     		ldr	r0, [r3]
 326:Drivers/STM32F4xx_HAL_Driver/Src/stm32f4xx_hal.c **** }
 290              		.loc 1 326 1 view .LVU52
 291 0004 7047     		bx	lr
 292              	.L24:
 293 0006 00BF     		.align	2
 294              	.L23:
 295 0008 00000000 		.word	.LANCHOR2
 296              		.cfi_endproc
 297              	.LFE222:
 299              		.section	.text.HAL_GetTickPrio,"ax",%progbits
 300              		.align	1
 301              		.global	HAL_GetTickPrio
 302              		.syntax unified
 303              		.thumb
 304              		.thumb_func
 306              	HAL_GetTickPrio:
 307              	.LFB223:
 327:Drivers/STM32F4xx_HAL_Driver/Src/stm32f4xx_hal.c **** 
 328:Drivers/STM32F4xx_HAL_Driver/Src/stm32f4xx_hal.c **** /**
 329:Drivers/STM32F4xx_HAL_Driver/Src/stm32f4xx_hal.c ****   * @brief This function returns a tick priority.
 330:Drivers/STM32F4xx_HAL_Driver/Src/stm32f4xx_hal.c ****   * @retval tick priority
 331:Drivers/STM32F4xx_HAL_Driver/Src/stm32f4xx_hal.c ****   */
 332:Drivers/STM32F4xx_HAL_Driver/Src/stm32f4xx_hal.c **** uint32_t HAL_GetTickPrio(void)
 333:Drivers/STM32F4xx_HAL_Driver/Src/stm32f4xx_hal.c **** {
 308              		.loc 1 333 1 is_stmt 1 view -0
 309              		.cfi_startproc
 310              		@ args = 0, pretend = 0, frame = 0
 311              		@ frame_needed = 0, uses_anonymous_args = 0
 312              		@ link register save eliminated.
 334:Drivers/STM32F4xx_HAL_Driver/Src/stm32f4xx_hal.c ****   return uwTickPrio;
 313              		.loc 1 334 3 view .LVU54
 335:Drivers/STM32F4xx_HAL_Driver/Src/stm32f4xx_hal.c **** }
 314              		.loc 1 335 1 is_stmt 0 view .LVU55
 315 0000 014B     		ldr	r3, .L26
 316 0002 1868     		ldr	r0, [r3]
 317 0004 7047     		bx	lr
 318              	.L27:
 319 0006 00BF     		.align	2
 320              	.L26:
 321 0008 00000000 		.word	.LANCHOR1
 322              		.cfi_endproc
 323              	.LFE223:
 325              		.section	.text.HAL_SetTickFreq,"ax",%progbits
 326              		.align	1
 327              		.global	HAL_SetTickFreq
 328              		.syntax unified
 329              		.thumb
 330              		.thumb_func
 332              	HAL_SetTickFreq:
 333              	.LVL9:
 334              	.LFB224:
 336:Drivers/STM32F4xx_HAL_Driver/Src/stm32f4xx_hal.c **** 
 337:Drivers/STM32F4xx_HAL_Driver/Src/stm32f4xx_hal.c **** /**
 338:Drivers/STM32F4xx_HAL_Driver/Src/stm32f4xx_hal.c ****   * @brief Set new tick Freq.
 339:Drivers/STM32F4xx_HAL_Driver/Src/stm32f4xx_hal.c ****   * @retval Status
 340:Drivers/STM32F4xx_HAL_Driver/Src/stm32f4xx_hal.c ****   */
ARM GAS  C:\Users\neko2\AppData\Local\Temp\ccMMGOnC.s 			page 13


 341:Drivers/STM32F4xx_HAL_Driver/Src/stm32f4xx_hal.c **** HAL_StatusTypeDef HAL_SetTickFreq(HAL_TickFreqTypeDef Freq)
 342:Drivers/STM32F4xx_HAL_Driver/Src/stm32f4xx_hal.c **** {
 335              		.loc 1 342 1 is_stmt 1 view -0
 336              		.cfi_startproc
 337              		@ args = 0, pretend = 0, frame = 0
 338              		@ frame_needed = 0, uses_anonymous_args = 0
 339              		.loc 1 342 1 is_stmt 0 view .LVU57
 340 0000 10B5     		push	{r4, lr}
 341              	.LCFI3:
 342              		.cfi_def_cfa_offset 8
 343              		.cfi_offset 4, -8
 344              		.cfi_offset 14, -4
 343:Drivers/STM32F4xx_HAL_Driver/Src/stm32f4xx_hal.c ****   HAL_StatusTypeDef status  = HAL_OK;
 345              		.loc 1 343 3 is_stmt 1 view .LVU58
 346              	.LVL10:
 344:Drivers/STM32F4xx_HAL_Driver/Src/stm32f4xx_hal.c ****   HAL_TickFreqTypeDef prevTickFreq;
 347              		.loc 1 344 3 view .LVU59
 345:Drivers/STM32F4xx_HAL_Driver/Src/stm32f4xx_hal.c **** 
 346:Drivers/STM32F4xx_HAL_Driver/Src/stm32f4xx_hal.c ****   assert_param(IS_TICKFREQ(Freq));
 348              		.loc 1 346 3 view .LVU60
 347:Drivers/STM32F4xx_HAL_Driver/Src/stm32f4xx_hal.c **** 
 348:Drivers/STM32F4xx_HAL_Driver/Src/stm32f4xx_hal.c ****   if (uwTickFreq != Freq)
 349              		.loc 1 348 3 view .LVU61
 350              		.loc 1 348 18 is_stmt 0 view .LVU62
 351 0002 084B     		ldr	r3, .L33
 352 0004 1C78     		ldrb	r4, [r3]	@ zero_extendqisi2
 353              		.loc 1 348 6 view .LVU63
 354 0006 8442     		cmp	r4, r0
 355 0008 01D1     		bne	.L32
 343:Drivers/STM32F4xx_HAL_Driver/Src/stm32f4xx_hal.c ****   HAL_TickFreqTypeDef prevTickFreq;
 356              		.loc 1 343 21 view .LVU64
 357 000a 0020     		movs	r0, #0
 358              	.LVL11:
 359              	.L29:
 349:Drivers/STM32F4xx_HAL_Driver/Src/stm32f4xx_hal.c ****   {
 350:Drivers/STM32F4xx_HAL_Driver/Src/stm32f4xx_hal.c ****     /* Back up uwTickFreq frequency */
 351:Drivers/STM32F4xx_HAL_Driver/Src/stm32f4xx_hal.c ****     prevTickFreq = uwTickFreq;
 352:Drivers/STM32F4xx_HAL_Driver/Src/stm32f4xx_hal.c **** 
 353:Drivers/STM32F4xx_HAL_Driver/Src/stm32f4xx_hal.c ****     /* Update uwTickFreq global variable used by HAL_InitTick() */
 354:Drivers/STM32F4xx_HAL_Driver/Src/stm32f4xx_hal.c ****     uwTickFreq = Freq;
 355:Drivers/STM32F4xx_HAL_Driver/Src/stm32f4xx_hal.c **** 
 356:Drivers/STM32F4xx_HAL_Driver/Src/stm32f4xx_hal.c ****     /* Apply the new tick Freq  */
 357:Drivers/STM32F4xx_HAL_Driver/Src/stm32f4xx_hal.c ****     status = HAL_InitTick(uwTickPrio);
 358:Drivers/STM32F4xx_HAL_Driver/Src/stm32f4xx_hal.c **** 
 359:Drivers/STM32F4xx_HAL_Driver/Src/stm32f4xx_hal.c ****     if (status != HAL_OK)
 360:Drivers/STM32F4xx_HAL_Driver/Src/stm32f4xx_hal.c ****     {
 361:Drivers/STM32F4xx_HAL_Driver/Src/stm32f4xx_hal.c ****       /* Restore previous tick frequency */
 362:Drivers/STM32F4xx_HAL_Driver/Src/stm32f4xx_hal.c ****       uwTickFreq = prevTickFreq;
 363:Drivers/STM32F4xx_HAL_Driver/Src/stm32f4xx_hal.c ****     }
 364:Drivers/STM32F4xx_HAL_Driver/Src/stm32f4xx_hal.c ****   }
 365:Drivers/STM32F4xx_HAL_Driver/Src/stm32f4xx_hal.c **** 
 366:Drivers/STM32F4xx_HAL_Driver/Src/stm32f4xx_hal.c ****   return status;
 360              		.loc 1 366 3 is_stmt 1 view .LVU65
 367:Drivers/STM32F4xx_HAL_Driver/Src/stm32f4xx_hal.c **** }
 361              		.loc 1 367 1 is_stmt 0 view .LVU66
 362 000c 10BD     		pop	{r4, pc}
 363              	.LVL12:
ARM GAS  C:\Users\neko2\AppData\Local\Temp\ccMMGOnC.s 			page 14


 364              	.L32:
 351:Drivers/STM32F4xx_HAL_Driver/Src/stm32f4xx_hal.c **** 
 365              		.loc 1 351 5 is_stmt 1 view .LVU67
 354:Drivers/STM32F4xx_HAL_Driver/Src/stm32f4xx_hal.c **** 
 366              		.loc 1 354 5 view .LVU68
 354:Drivers/STM32F4xx_HAL_Driver/Src/stm32f4xx_hal.c **** 
 367              		.loc 1 354 16 is_stmt 0 view .LVU69
 368 000e 1870     		strb	r0, [r3]
 357:Drivers/STM32F4xx_HAL_Driver/Src/stm32f4xx_hal.c **** 
 369              		.loc 1 357 5 is_stmt 1 view .LVU70
 357:Drivers/STM32F4xx_HAL_Driver/Src/stm32f4xx_hal.c **** 
 370              		.loc 1 357 14 is_stmt 0 view .LVU71
 371 0010 054B     		ldr	r3, .L33+4
 372 0012 1868     		ldr	r0, [r3]
 373              	.LVL13:
 357:Drivers/STM32F4xx_HAL_Driver/Src/stm32f4xx_hal.c **** 
 374              		.loc 1 357 14 view .LVU72
 375 0014 FFF7FEFF 		bl	HAL_InitTick
 376              	.LVL14:
 359:Drivers/STM32F4xx_HAL_Driver/Src/stm32f4xx_hal.c ****     {
 377              		.loc 1 359 5 is_stmt 1 view .LVU73
 359:Drivers/STM32F4xx_HAL_Driver/Src/stm32f4xx_hal.c ****     {
 378              		.loc 1 359 8 is_stmt 0 view .LVU74
 379 0018 0028     		cmp	r0, #0
 380 001a F7D0     		beq	.L29
 362:Drivers/STM32F4xx_HAL_Driver/Src/stm32f4xx_hal.c ****     }
 381              		.loc 1 362 7 is_stmt 1 view .LVU75
 362:Drivers/STM32F4xx_HAL_Driver/Src/stm32f4xx_hal.c ****     }
 382              		.loc 1 362 18 is_stmt 0 view .LVU76
 383 001c 014B     		ldr	r3, .L33
 384 001e 1C70     		strb	r4, [r3]
 385 0020 F4E7     		b	.L29
 386              	.L34:
 387 0022 00BF     		.align	2
 388              	.L33:
 389 0024 00000000 		.word	.LANCHOR0
 390 0028 00000000 		.word	.LANCHOR1
 391              		.cfi_endproc
 392              	.LFE224:
 394              		.section	.text.HAL_GetTickFreq,"ax",%progbits
 395              		.align	1
 396              		.global	HAL_GetTickFreq
 397              		.syntax unified
 398              		.thumb
 399              		.thumb_func
 401              	HAL_GetTickFreq:
 402              	.LFB225:
 368:Drivers/STM32F4xx_HAL_Driver/Src/stm32f4xx_hal.c **** 
 369:Drivers/STM32F4xx_HAL_Driver/Src/stm32f4xx_hal.c **** /**
 370:Drivers/STM32F4xx_HAL_Driver/Src/stm32f4xx_hal.c ****   * @brief Return tick frequency.
 371:Drivers/STM32F4xx_HAL_Driver/Src/stm32f4xx_hal.c ****   * @retval tick period in Hz
 372:Drivers/STM32F4xx_HAL_Driver/Src/stm32f4xx_hal.c ****   */
 373:Drivers/STM32F4xx_HAL_Driver/Src/stm32f4xx_hal.c **** HAL_TickFreqTypeDef HAL_GetTickFreq(void)
 374:Drivers/STM32F4xx_HAL_Driver/Src/stm32f4xx_hal.c **** {
 403              		.loc 1 374 1 is_stmt 1 view -0
 404              		.cfi_startproc
 405              		@ args = 0, pretend = 0, frame = 0
ARM GAS  C:\Users\neko2\AppData\Local\Temp\ccMMGOnC.s 			page 15


 406              		@ frame_needed = 0, uses_anonymous_args = 0
 407              		@ link register save eliminated.
 375:Drivers/STM32F4xx_HAL_Driver/Src/stm32f4xx_hal.c ****   return uwTickFreq;
 408              		.loc 1 375 3 view .LVU78
 376:Drivers/STM32F4xx_HAL_Driver/Src/stm32f4xx_hal.c **** }
 409              		.loc 1 376 1 is_stmt 0 view .LVU79
 410 0000 014B     		ldr	r3, .L36
 411 0002 1878     		ldrb	r0, [r3]	@ zero_extendqisi2
 412 0004 7047     		bx	lr
 413              	.L37:
 414 0006 00BF     		.align	2
 415              	.L36:
 416 0008 00000000 		.word	.LANCHOR0
 417              		.cfi_endproc
 418              	.LFE225:
 420              		.section	.text.HAL_Delay,"ax",%progbits
 421              		.align	1
 422              		.weak	HAL_Delay
 423              		.syntax unified
 424              		.thumb
 425              		.thumb_func
 427              	HAL_Delay:
 428              	.LVL15:
 429              	.LFB226:
 377:Drivers/STM32F4xx_HAL_Driver/Src/stm32f4xx_hal.c **** 
 378:Drivers/STM32F4xx_HAL_Driver/Src/stm32f4xx_hal.c **** /**
 379:Drivers/STM32F4xx_HAL_Driver/Src/stm32f4xx_hal.c ****   * @brief This function provides minimum delay (in milliseconds) based 
 380:Drivers/STM32F4xx_HAL_Driver/Src/stm32f4xx_hal.c ****   *        on variable incremented.
 381:Drivers/STM32F4xx_HAL_Driver/Src/stm32f4xx_hal.c ****   * @note In the default implementation , SysTick timer is the source of time base.
 382:Drivers/STM32F4xx_HAL_Driver/Src/stm32f4xx_hal.c ****   *       It is used to generate interrupts at regular time intervals where uwTick
 383:Drivers/STM32F4xx_HAL_Driver/Src/stm32f4xx_hal.c ****   *       is incremented.
 384:Drivers/STM32F4xx_HAL_Driver/Src/stm32f4xx_hal.c ****   * @note This function is declared as __weak to be overwritten in case of other
 385:Drivers/STM32F4xx_HAL_Driver/Src/stm32f4xx_hal.c ****   *       implementations in user file.
 386:Drivers/STM32F4xx_HAL_Driver/Src/stm32f4xx_hal.c ****   * @param Delay specifies the delay time length, in milliseconds.
 387:Drivers/STM32F4xx_HAL_Driver/Src/stm32f4xx_hal.c ****   * @retval None
 388:Drivers/STM32F4xx_HAL_Driver/Src/stm32f4xx_hal.c ****   */
 389:Drivers/STM32F4xx_HAL_Driver/Src/stm32f4xx_hal.c **** __weak void HAL_Delay(uint32_t Delay)
 390:Drivers/STM32F4xx_HAL_Driver/Src/stm32f4xx_hal.c **** {
 430              		.loc 1 390 1 is_stmt 1 view -0
 431              		.cfi_startproc
 432              		@ args = 0, pretend = 0, frame = 0
 433              		@ frame_needed = 0, uses_anonymous_args = 0
 434              		.loc 1 390 1 is_stmt 0 view .LVU81
 435 0000 38B5     		push	{r3, r4, r5, lr}
 436              	.LCFI4:
 437              		.cfi_def_cfa_offset 16
 438              		.cfi_offset 3, -16
 439              		.cfi_offset 4, -12
 440              		.cfi_offset 5, -8
 441              		.cfi_offset 14, -4
 442 0002 0446     		mov	r4, r0
 391:Drivers/STM32F4xx_HAL_Driver/Src/stm32f4xx_hal.c ****   uint32_t tickstart = HAL_GetTick();
 443              		.loc 1 391 3 is_stmt 1 view .LVU82
 444              		.loc 1 391 24 is_stmt 0 view .LVU83
 445 0004 FFF7FEFF 		bl	HAL_GetTick
 446              	.LVL16:
 447              		.loc 1 391 24 view .LVU84
ARM GAS  C:\Users\neko2\AppData\Local\Temp\ccMMGOnC.s 			page 16


 448 0008 0546     		mov	r5, r0
 449              	.LVL17:
 392:Drivers/STM32F4xx_HAL_Driver/Src/stm32f4xx_hal.c ****   uint32_t wait = Delay;
 450              		.loc 1 392 3 is_stmt 1 view .LVU85
 393:Drivers/STM32F4xx_HAL_Driver/Src/stm32f4xx_hal.c **** 
 394:Drivers/STM32F4xx_HAL_Driver/Src/stm32f4xx_hal.c ****   /* Add a freq to guarantee minimum wait */
 395:Drivers/STM32F4xx_HAL_Driver/Src/stm32f4xx_hal.c ****   if (wait < HAL_MAX_DELAY)
 451              		.loc 1 395 3 view .LVU86
 452              		.loc 1 395 6 is_stmt 0 view .LVU87
 453 000a B4F1FF3F 		cmp	r4, #-1
 454 000e 02D0     		beq	.L40
 396:Drivers/STM32F4xx_HAL_Driver/Src/stm32f4xx_hal.c ****   {
 397:Drivers/STM32F4xx_HAL_Driver/Src/stm32f4xx_hal.c ****     wait += (uint32_t)(uwTickFreq);
 455              		.loc 1 397 5 is_stmt 1 view .LVU88
 456              		.loc 1 397 13 is_stmt 0 view .LVU89
 457 0010 044B     		ldr	r3, .L42
 458 0012 1B78     		ldrb	r3, [r3]	@ zero_extendqisi2
 459              		.loc 1 397 10 view .LVU90
 460 0014 1C44     		add	r4, r4, r3
 461              	.LVL18:
 462              	.L40:
 398:Drivers/STM32F4xx_HAL_Driver/Src/stm32f4xx_hal.c ****   }
 399:Drivers/STM32F4xx_HAL_Driver/Src/stm32f4xx_hal.c **** 
 400:Drivers/STM32F4xx_HAL_Driver/Src/stm32f4xx_hal.c ****   while((HAL_GetTick() - tickstart) < wait)
 401:Drivers/STM32F4xx_HAL_Driver/Src/stm32f4xx_hal.c ****   {
 402:Drivers/STM32F4xx_HAL_Driver/Src/stm32f4xx_hal.c ****   }
 463              		.loc 1 402 3 is_stmt 1 discriminator 1 view .LVU91
 400:Drivers/STM32F4xx_HAL_Driver/Src/stm32f4xx_hal.c ****   {
 464              		.loc 1 400 8 discriminator 1 view .LVU92
 400:Drivers/STM32F4xx_HAL_Driver/Src/stm32f4xx_hal.c ****   {
 465              		.loc 1 400 10 is_stmt 0 discriminator 1 view .LVU93
 466 0016 FFF7FEFF 		bl	HAL_GetTick
 467              	.LVL19:
 400:Drivers/STM32F4xx_HAL_Driver/Src/stm32f4xx_hal.c ****   {
 468              		.loc 1 400 24 discriminator 1 view .LVU94
 469 001a 401B     		subs	r0, r0, r5
 400:Drivers/STM32F4xx_HAL_Driver/Src/stm32f4xx_hal.c ****   {
 470              		.loc 1 400 8 discriminator 1 view .LVU95
 471 001c A042     		cmp	r0, r4
 472 001e FAD3     		bcc	.L40
 403:Drivers/STM32F4xx_HAL_Driver/Src/stm32f4xx_hal.c **** }
 473              		.loc 1 403 1 view .LVU96
 474 0020 38BD     		pop	{r3, r4, r5, pc}
 475              	.LVL20:
 476              	.L43:
 477              		.loc 1 403 1 view .LVU97
 478 0022 00BF     		.align	2
 479              	.L42:
 480 0024 00000000 		.word	.LANCHOR0
 481              		.cfi_endproc
 482              	.LFE226:
 484              		.section	.text.HAL_SuspendTick,"ax",%progbits
 485              		.align	1
 486              		.weak	HAL_SuspendTick
 487              		.syntax unified
 488              		.thumb
 489              		.thumb_func
ARM GAS  C:\Users\neko2\AppData\Local\Temp\ccMMGOnC.s 			page 17


 491              	HAL_SuspendTick:
 492              	.LFB227:
 404:Drivers/STM32F4xx_HAL_Driver/Src/stm32f4xx_hal.c **** 
 405:Drivers/STM32F4xx_HAL_Driver/Src/stm32f4xx_hal.c **** /**
 406:Drivers/STM32F4xx_HAL_Driver/Src/stm32f4xx_hal.c ****   * @brief Suspend Tick increment.
 407:Drivers/STM32F4xx_HAL_Driver/Src/stm32f4xx_hal.c ****   * @note In the default implementation , SysTick timer is the source of time base. It is
 408:Drivers/STM32F4xx_HAL_Driver/Src/stm32f4xx_hal.c ****   *       used to generate interrupts at regular time intervals. Once HAL_SuspendTick()
 409:Drivers/STM32F4xx_HAL_Driver/Src/stm32f4xx_hal.c ****   *       is called, the SysTick interrupt will be disabled and so Tick increment 
 410:Drivers/STM32F4xx_HAL_Driver/Src/stm32f4xx_hal.c ****   *       is suspended.
 411:Drivers/STM32F4xx_HAL_Driver/Src/stm32f4xx_hal.c ****   * @note This function is declared as __weak to be overwritten in case of other
 412:Drivers/STM32F4xx_HAL_Driver/Src/stm32f4xx_hal.c ****   *       implementations in user file.
 413:Drivers/STM32F4xx_HAL_Driver/Src/stm32f4xx_hal.c ****   * @retval None
 414:Drivers/STM32F4xx_HAL_Driver/Src/stm32f4xx_hal.c ****   */
 415:Drivers/STM32F4xx_HAL_Driver/Src/stm32f4xx_hal.c **** __weak void HAL_SuspendTick(void)
 416:Drivers/STM32F4xx_HAL_Driver/Src/stm32f4xx_hal.c **** {
 493              		.loc 1 416 1 is_stmt 1 view -0
 494              		.cfi_startproc
 495              		@ args = 0, pretend = 0, frame = 0
 496              		@ frame_needed = 0, uses_anonymous_args = 0
 497              		@ link register save eliminated.
 417:Drivers/STM32F4xx_HAL_Driver/Src/stm32f4xx_hal.c ****   /* Disable SysTick Interrupt */
 418:Drivers/STM32F4xx_HAL_Driver/Src/stm32f4xx_hal.c ****   SysTick->CTRL &= ~SysTick_CTRL_TICKINT_Msk;
 498              		.loc 1 418 3 view .LVU99
 499              		.loc 1 418 17 is_stmt 0 view .LVU100
 500 0000 4FF0E022 		mov	r2, #-536813568
 501 0004 1369     		ldr	r3, [r2, #16]
 502 0006 23F00203 		bic	r3, r3, #2
 503 000a 1361     		str	r3, [r2, #16]
 419:Drivers/STM32F4xx_HAL_Driver/Src/stm32f4xx_hal.c **** }
 504              		.loc 1 419 1 view .LVU101
 505 000c 7047     		bx	lr
 506              		.cfi_endproc
 507              	.LFE227:
 509              		.section	.text.HAL_ResumeTick,"ax",%progbits
 510              		.align	1
 511              		.weak	HAL_ResumeTick
 512              		.syntax unified
 513              		.thumb
 514              		.thumb_func
 516              	HAL_ResumeTick:
 517              	.LFB228:
 420:Drivers/STM32F4xx_HAL_Driver/Src/stm32f4xx_hal.c **** 
 421:Drivers/STM32F4xx_HAL_Driver/Src/stm32f4xx_hal.c **** /**
 422:Drivers/STM32F4xx_HAL_Driver/Src/stm32f4xx_hal.c ****   * @brief Resume Tick increment.
 423:Drivers/STM32F4xx_HAL_Driver/Src/stm32f4xx_hal.c ****   * @note In the default implementation , SysTick timer is the source of time base. It is
 424:Drivers/STM32F4xx_HAL_Driver/Src/stm32f4xx_hal.c ****   *       used to generate interrupts at regular time intervals. Once HAL_ResumeTick()
 425:Drivers/STM32F4xx_HAL_Driver/Src/stm32f4xx_hal.c ****   *       is called, the SysTick interrupt will be enabled and so Tick increment 
 426:Drivers/STM32F4xx_HAL_Driver/Src/stm32f4xx_hal.c ****   *       is resumed.
 427:Drivers/STM32F4xx_HAL_Driver/Src/stm32f4xx_hal.c ****   * @note This function is declared as __weak to be overwritten in case of other
 428:Drivers/STM32F4xx_HAL_Driver/Src/stm32f4xx_hal.c ****   *       implementations in user file.
 429:Drivers/STM32F4xx_HAL_Driver/Src/stm32f4xx_hal.c ****   * @retval None
 430:Drivers/STM32F4xx_HAL_Driver/Src/stm32f4xx_hal.c ****   */
 431:Drivers/STM32F4xx_HAL_Driver/Src/stm32f4xx_hal.c **** __weak void HAL_ResumeTick(void)
 432:Drivers/STM32F4xx_HAL_Driver/Src/stm32f4xx_hal.c **** {
 518              		.loc 1 432 1 is_stmt 1 view -0
 519              		.cfi_startproc
 520              		@ args = 0, pretend = 0, frame = 0
ARM GAS  C:\Users\neko2\AppData\Local\Temp\ccMMGOnC.s 			page 18


 521              		@ frame_needed = 0, uses_anonymous_args = 0
 522              		@ link register save eliminated.
 433:Drivers/STM32F4xx_HAL_Driver/Src/stm32f4xx_hal.c ****   /* Enable SysTick Interrupt */
 434:Drivers/STM32F4xx_HAL_Driver/Src/stm32f4xx_hal.c ****   SysTick->CTRL  |= SysTick_CTRL_TICKINT_Msk;
 523              		.loc 1 434 3 view .LVU103
 524              		.loc 1 434 18 is_stmt 0 view .LVU104
 525 0000 4FF0E022 		mov	r2, #-536813568
 526 0004 1369     		ldr	r3, [r2, #16]
 527 0006 43F00203 		orr	r3, r3, #2
 528 000a 1361     		str	r3, [r2, #16]
 435:Drivers/STM32F4xx_HAL_Driver/Src/stm32f4xx_hal.c **** }
 529              		.loc 1 435 1 view .LVU105
 530 000c 7047     		bx	lr
 531              		.cfi_endproc
 532              	.LFE228:
 534              		.section	.text.HAL_GetHalVersion,"ax",%progbits
 535              		.align	1
 536              		.global	HAL_GetHalVersion
 537              		.syntax unified
 538              		.thumb
 539              		.thumb_func
 541              	HAL_GetHalVersion:
 542              	.LFB229:
 436:Drivers/STM32F4xx_HAL_Driver/Src/stm32f4xx_hal.c **** 
 437:Drivers/STM32F4xx_HAL_Driver/Src/stm32f4xx_hal.c **** /**
 438:Drivers/STM32F4xx_HAL_Driver/Src/stm32f4xx_hal.c ****   * @brief  Returns the HAL revision
 439:Drivers/STM32F4xx_HAL_Driver/Src/stm32f4xx_hal.c ****   * @retval version : 0xXYZR (8bits for each decimal, R for RC)
 440:Drivers/STM32F4xx_HAL_Driver/Src/stm32f4xx_hal.c ****   */
 441:Drivers/STM32F4xx_HAL_Driver/Src/stm32f4xx_hal.c **** uint32_t HAL_GetHalVersion(void)
 442:Drivers/STM32F4xx_HAL_Driver/Src/stm32f4xx_hal.c **** {
 543              		.loc 1 442 1 is_stmt 1 view -0
 544              		.cfi_startproc
 545              		@ args = 0, pretend = 0, frame = 0
 546              		@ frame_needed = 0, uses_anonymous_args = 0
 547              		@ link register save eliminated.
 443:Drivers/STM32F4xx_HAL_Driver/Src/stm32f4xx_hal.c ****   return __STM32F4xx_HAL_VERSION;
 548              		.loc 1 443 3 view .LVU107
 444:Drivers/STM32F4xx_HAL_Driver/Src/stm32f4xx_hal.c **** }
 549              		.loc 1 444 1 is_stmt 0 view .LVU108
 550 0000 0048     		ldr	r0, .L47
 551 0002 7047     		bx	lr
 552              	.L48:
 553              		.align	2
 554              	.L47:
 555 0004 00010801 		.word	17301760
 556              		.cfi_endproc
 557              	.LFE229:
 559              		.section	.text.HAL_GetREVID,"ax",%progbits
 560              		.align	1
 561              		.global	HAL_GetREVID
 562              		.syntax unified
 563              		.thumb
 564              		.thumb_func
 566              	HAL_GetREVID:
 567              	.LFB230:
 445:Drivers/STM32F4xx_HAL_Driver/Src/stm32f4xx_hal.c **** 
 446:Drivers/STM32F4xx_HAL_Driver/Src/stm32f4xx_hal.c **** /**
ARM GAS  C:\Users\neko2\AppData\Local\Temp\ccMMGOnC.s 			page 19


 447:Drivers/STM32F4xx_HAL_Driver/Src/stm32f4xx_hal.c ****   * @brief  Returns the device revision identifier.
 448:Drivers/STM32F4xx_HAL_Driver/Src/stm32f4xx_hal.c ****   * @retval Device revision identifier
 449:Drivers/STM32F4xx_HAL_Driver/Src/stm32f4xx_hal.c ****   */
 450:Drivers/STM32F4xx_HAL_Driver/Src/stm32f4xx_hal.c **** uint32_t HAL_GetREVID(void)
 451:Drivers/STM32F4xx_HAL_Driver/Src/stm32f4xx_hal.c **** {
 568              		.loc 1 451 1 is_stmt 1 view -0
 569              		.cfi_startproc
 570              		@ args = 0, pretend = 0, frame = 0
 571              		@ frame_needed = 0, uses_anonymous_args = 0
 572              		@ link register save eliminated.
 452:Drivers/STM32F4xx_HAL_Driver/Src/stm32f4xx_hal.c ****   return((DBGMCU->IDCODE) >> 16U);
 573              		.loc 1 452 3 view .LVU110
 574              		.loc 1 452 17 is_stmt 0 view .LVU111
 575 0000 014B     		ldr	r3, .L50
 576 0002 1868     		ldr	r0, [r3]
 453:Drivers/STM32F4xx_HAL_Driver/Src/stm32f4xx_hal.c **** }
 577              		.loc 1 453 1 view .LVU112
 578 0004 000C     		lsrs	r0, r0, #16
 579 0006 7047     		bx	lr
 580              	.L51:
 581              		.align	2
 582              	.L50:
 583 0008 002004E0 		.word	-536600576
 584              		.cfi_endproc
 585              	.LFE230:
 587              		.section	.text.HAL_GetDEVID,"ax",%progbits
 588              		.align	1
 589              		.global	HAL_GetDEVID
 590              		.syntax unified
 591              		.thumb
 592              		.thumb_func
 594              	HAL_GetDEVID:
 595              	.LFB231:
 454:Drivers/STM32F4xx_HAL_Driver/Src/stm32f4xx_hal.c **** 
 455:Drivers/STM32F4xx_HAL_Driver/Src/stm32f4xx_hal.c **** /**
 456:Drivers/STM32F4xx_HAL_Driver/Src/stm32f4xx_hal.c ****   * @brief  Returns the device identifier.
 457:Drivers/STM32F4xx_HAL_Driver/Src/stm32f4xx_hal.c ****   * @retval Device identifier
 458:Drivers/STM32F4xx_HAL_Driver/Src/stm32f4xx_hal.c ****   */
 459:Drivers/STM32F4xx_HAL_Driver/Src/stm32f4xx_hal.c **** uint32_t HAL_GetDEVID(void)
 460:Drivers/STM32F4xx_HAL_Driver/Src/stm32f4xx_hal.c **** {
 596              		.loc 1 460 1 is_stmt 1 view -0
 597              		.cfi_startproc
 598              		@ args = 0, pretend = 0, frame = 0
 599              		@ frame_needed = 0, uses_anonymous_args = 0
 600              		@ link register save eliminated.
 461:Drivers/STM32F4xx_HAL_Driver/Src/stm32f4xx_hal.c ****   return((DBGMCU->IDCODE) & IDCODE_DEVID_MASK);
 601              		.loc 1 461 3 view .LVU114
 602              		.loc 1 461 17 is_stmt 0 view .LVU115
 603 0000 024B     		ldr	r3, .L53
 604 0002 1868     		ldr	r0, [r3]
 462:Drivers/STM32F4xx_HAL_Driver/Src/stm32f4xx_hal.c **** }
 605              		.loc 1 462 1 view .LVU116
 606 0004 C0F30B00 		ubfx	r0, r0, #0, #12
 607 0008 7047     		bx	lr
 608              	.L54:
 609 000a 00BF     		.align	2
 610              	.L53:
ARM GAS  C:\Users\neko2\AppData\Local\Temp\ccMMGOnC.s 			page 20


 611 000c 002004E0 		.word	-536600576
 612              		.cfi_endproc
 613              	.LFE231:
 615              		.section	.text.HAL_DBGMCU_EnableDBGSleepMode,"ax",%progbits
 616              		.align	1
 617              		.global	HAL_DBGMCU_EnableDBGSleepMode
 618              		.syntax unified
 619              		.thumb
 620              		.thumb_func
 622              	HAL_DBGMCU_EnableDBGSleepMode:
 623              	.LFB232:
 463:Drivers/STM32F4xx_HAL_Driver/Src/stm32f4xx_hal.c **** 
 464:Drivers/STM32F4xx_HAL_Driver/Src/stm32f4xx_hal.c **** /**
 465:Drivers/STM32F4xx_HAL_Driver/Src/stm32f4xx_hal.c ****   * @brief  Enable the Debug Module during SLEEP mode
 466:Drivers/STM32F4xx_HAL_Driver/Src/stm32f4xx_hal.c ****   * @retval None
 467:Drivers/STM32F4xx_HAL_Driver/Src/stm32f4xx_hal.c ****   */
 468:Drivers/STM32F4xx_HAL_Driver/Src/stm32f4xx_hal.c **** void HAL_DBGMCU_EnableDBGSleepMode(void)
 469:Drivers/STM32F4xx_HAL_Driver/Src/stm32f4xx_hal.c **** {
 624              		.loc 1 469 1 is_stmt 1 view -0
 625              		.cfi_startproc
 626              		@ args = 0, pretend = 0, frame = 0
 627              		@ frame_needed = 0, uses_anonymous_args = 0
 628              		@ link register save eliminated.
 470:Drivers/STM32F4xx_HAL_Driver/Src/stm32f4xx_hal.c ****   SET_BIT(DBGMCU->CR, DBGMCU_CR_DBG_SLEEP);
 629              		.loc 1 470 3 view .LVU118
 630 0000 024A     		ldr	r2, .L56
 631 0002 5368     		ldr	r3, [r2, #4]
 632 0004 43F00103 		orr	r3, r3, #1
 633 0008 5360     		str	r3, [r2, #4]
 471:Drivers/STM32F4xx_HAL_Driver/Src/stm32f4xx_hal.c **** }
 634              		.loc 1 471 1 is_stmt 0 view .LVU119
 635 000a 7047     		bx	lr
 636              	.L57:
 637              		.align	2
 638              	.L56:
 639 000c 002004E0 		.word	-536600576
 640              		.cfi_endproc
 641              	.LFE232:
 643              		.section	.text.HAL_DBGMCU_DisableDBGSleepMode,"ax",%progbits
 644              		.align	1
 645              		.global	HAL_DBGMCU_DisableDBGSleepMode
 646              		.syntax unified
 647              		.thumb
 648              		.thumb_func
 650              	HAL_DBGMCU_DisableDBGSleepMode:
 651              	.LFB233:
 472:Drivers/STM32F4xx_HAL_Driver/Src/stm32f4xx_hal.c **** 
 473:Drivers/STM32F4xx_HAL_Driver/Src/stm32f4xx_hal.c **** /**
 474:Drivers/STM32F4xx_HAL_Driver/Src/stm32f4xx_hal.c ****   * @brief  Disable the Debug Module during SLEEP mode
 475:Drivers/STM32F4xx_HAL_Driver/Src/stm32f4xx_hal.c ****   * @retval None
 476:Drivers/STM32F4xx_HAL_Driver/Src/stm32f4xx_hal.c ****   */
 477:Drivers/STM32F4xx_HAL_Driver/Src/stm32f4xx_hal.c **** void HAL_DBGMCU_DisableDBGSleepMode(void)
 478:Drivers/STM32F4xx_HAL_Driver/Src/stm32f4xx_hal.c **** {
 652              		.loc 1 478 1 is_stmt 1 view -0
 653              		.cfi_startproc
 654              		@ args = 0, pretend = 0, frame = 0
 655              		@ frame_needed = 0, uses_anonymous_args = 0
ARM GAS  C:\Users\neko2\AppData\Local\Temp\ccMMGOnC.s 			page 21


 656              		@ link register save eliminated.
 479:Drivers/STM32F4xx_HAL_Driver/Src/stm32f4xx_hal.c ****   CLEAR_BIT(DBGMCU->CR, DBGMCU_CR_DBG_SLEEP);
 657              		.loc 1 479 3 view .LVU121
 658 0000 024A     		ldr	r2, .L59
 659 0002 5368     		ldr	r3, [r2, #4]
 660 0004 23F00103 		bic	r3, r3, #1
 661 0008 5360     		str	r3, [r2, #4]
 480:Drivers/STM32F4xx_HAL_Driver/Src/stm32f4xx_hal.c **** }
 662              		.loc 1 480 1 is_stmt 0 view .LVU122
 663 000a 7047     		bx	lr
 664              	.L60:
 665              		.align	2
 666              	.L59:
 667 000c 002004E0 		.word	-536600576
 668              		.cfi_endproc
 669              	.LFE233:
 671              		.section	.text.HAL_DBGMCU_EnableDBGStopMode,"ax",%progbits
 672              		.align	1
 673              		.global	HAL_DBGMCU_EnableDBGStopMode
 674              		.syntax unified
 675              		.thumb
 676              		.thumb_func
 678              	HAL_DBGMCU_EnableDBGStopMode:
 679              	.LFB234:
 481:Drivers/STM32F4xx_HAL_Driver/Src/stm32f4xx_hal.c **** 
 482:Drivers/STM32F4xx_HAL_Driver/Src/stm32f4xx_hal.c **** /**
 483:Drivers/STM32F4xx_HAL_Driver/Src/stm32f4xx_hal.c ****   * @brief  Enable the Debug Module during STOP mode
 484:Drivers/STM32F4xx_HAL_Driver/Src/stm32f4xx_hal.c ****   * @retval None
 485:Drivers/STM32F4xx_HAL_Driver/Src/stm32f4xx_hal.c ****   */
 486:Drivers/STM32F4xx_HAL_Driver/Src/stm32f4xx_hal.c **** void HAL_DBGMCU_EnableDBGStopMode(void)
 487:Drivers/STM32F4xx_HAL_Driver/Src/stm32f4xx_hal.c **** {
 680              		.loc 1 487 1 is_stmt 1 view -0
 681              		.cfi_startproc
 682              		@ args = 0, pretend = 0, frame = 0
 683              		@ frame_needed = 0, uses_anonymous_args = 0
 684              		@ link register save eliminated.
 488:Drivers/STM32F4xx_HAL_Driver/Src/stm32f4xx_hal.c ****   SET_BIT(DBGMCU->CR, DBGMCU_CR_DBG_STOP);
 685              		.loc 1 488 3 view .LVU124
 686 0000 024A     		ldr	r2, .L62
 687 0002 5368     		ldr	r3, [r2, #4]
 688 0004 43F00203 		orr	r3, r3, #2
 689 0008 5360     		str	r3, [r2, #4]
 489:Drivers/STM32F4xx_HAL_Driver/Src/stm32f4xx_hal.c **** }
 690              		.loc 1 489 1 is_stmt 0 view .LVU125
 691 000a 7047     		bx	lr
 692              	.L63:
 693              		.align	2
 694              	.L62:
 695 000c 002004E0 		.word	-536600576
 696              		.cfi_endproc
 697              	.LFE234:
 699              		.section	.text.HAL_DBGMCU_DisableDBGStopMode,"ax",%progbits
 700              		.align	1
 701              		.global	HAL_DBGMCU_DisableDBGStopMode
 702              		.syntax unified
 703              		.thumb
 704              		.thumb_func
ARM GAS  C:\Users\neko2\AppData\Local\Temp\ccMMGOnC.s 			page 22


 706              	HAL_DBGMCU_DisableDBGStopMode:
 707              	.LFB235:
 490:Drivers/STM32F4xx_HAL_Driver/Src/stm32f4xx_hal.c **** 
 491:Drivers/STM32F4xx_HAL_Driver/Src/stm32f4xx_hal.c **** /**
 492:Drivers/STM32F4xx_HAL_Driver/Src/stm32f4xx_hal.c ****   * @brief  Disable the Debug Module during STOP mode
 493:Drivers/STM32F4xx_HAL_Driver/Src/stm32f4xx_hal.c ****   * @retval None
 494:Drivers/STM32F4xx_HAL_Driver/Src/stm32f4xx_hal.c ****   */
 495:Drivers/STM32F4xx_HAL_Driver/Src/stm32f4xx_hal.c **** void HAL_DBGMCU_DisableDBGStopMode(void)
 496:Drivers/STM32F4xx_HAL_Driver/Src/stm32f4xx_hal.c **** {
 708              		.loc 1 496 1 is_stmt 1 view -0
 709              		.cfi_startproc
 710              		@ args = 0, pretend = 0, frame = 0
 711              		@ frame_needed = 0, uses_anonymous_args = 0
 712              		@ link register save eliminated.
 497:Drivers/STM32F4xx_HAL_Driver/Src/stm32f4xx_hal.c ****   CLEAR_BIT(DBGMCU->CR, DBGMCU_CR_DBG_STOP);
 713              		.loc 1 497 3 view .LVU127
 714 0000 024A     		ldr	r2, .L65
 715 0002 5368     		ldr	r3, [r2, #4]
 716 0004 23F00203 		bic	r3, r3, #2
 717 0008 5360     		str	r3, [r2, #4]
 498:Drivers/STM32F4xx_HAL_Driver/Src/stm32f4xx_hal.c **** }
 718              		.loc 1 498 1 is_stmt 0 view .LVU128
 719 000a 7047     		bx	lr
 720              	.L66:
 721              		.align	2
 722              	.L65:
 723 000c 002004E0 		.word	-536600576
 724              		.cfi_endproc
 725              	.LFE235:
 727              		.section	.text.HAL_DBGMCU_EnableDBGStandbyMode,"ax",%progbits
 728              		.align	1
 729              		.global	HAL_DBGMCU_EnableDBGStandbyMode
 730              		.syntax unified
 731              		.thumb
 732              		.thumb_func
 734              	HAL_DBGMCU_EnableDBGStandbyMode:
 735              	.LFB236:
 499:Drivers/STM32F4xx_HAL_Driver/Src/stm32f4xx_hal.c **** 
 500:Drivers/STM32F4xx_HAL_Driver/Src/stm32f4xx_hal.c **** /**
 501:Drivers/STM32F4xx_HAL_Driver/Src/stm32f4xx_hal.c ****   * @brief  Enable the Debug Module during STANDBY mode
 502:Drivers/STM32F4xx_HAL_Driver/Src/stm32f4xx_hal.c ****   * @retval None
 503:Drivers/STM32F4xx_HAL_Driver/Src/stm32f4xx_hal.c ****   */
 504:Drivers/STM32F4xx_HAL_Driver/Src/stm32f4xx_hal.c **** void HAL_DBGMCU_EnableDBGStandbyMode(void)
 505:Drivers/STM32F4xx_HAL_Driver/Src/stm32f4xx_hal.c **** {
 736              		.loc 1 505 1 is_stmt 1 view -0
 737              		.cfi_startproc
 738              		@ args = 0, pretend = 0, frame = 0
 739              		@ frame_needed = 0, uses_anonymous_args = 0
 740              		@ link register save eliminated.
 506:Drivers/STM32F4xx_HAL_Driver/Src/stm32f4xx_hal.c ****   SET_BIT(DBGMCU->CR, DBGMCU_CR_DBG_STANDBY);
 741              		.loc 1 506 3 view .LVU130
 742 0000 024A     		ldr	r2, .L68
 743 0002 5368     		ldr	r3, [r2, #4]
 744 0004 43F00403 		orr	r3, r3, #4
 745 0008 5360     		str	r3, [r2, #4]
 507:Drivers/STM32F4xx_HAL_Driver/Src/stm32f4xx_hal.c **** }
 746              		.loc 1 507 1 is_stmt 0 view .LVU131
ARM GAS  C:\Users\neko2\AppData\Local\Temp\ccMMGOnC.s 			page 23


 747 000a 7047     		bx	lr
 748              	.L69:
 749              		.align	2
 750              	.L68:
 751 000c 002004E0 		.word	-536600576
 752              		.cfi_endproc
 753              	.LFE236:
 755              		.section	.text.HAL_DBGMCU_DisableDBGStandbyMode,"ax",%progbits
 756              		.align	1
 757              		.global	HAL_DBGMCU_DisableDBGStandbyMode
 758              		.syntax unified
 759              		.thumb
 760              		.thumb_func
 762              	HAL_DBGMCU_DisableDBGStandbyMode:
 763              	.LFB237:
 508:Drivers/STM32F4xx_HAL_Driver/Src/stm32f4xx_hal.c **** 
 509:Drivers/STM32F4xx_HAL_Driver/Src/stm32f4xx_hal.c **** /**
 510:Drivers/STM32F4xx_HAL_Driver/Src/stm32f4xx_hal.c ****   * @brief  Disable the Debug Module during STANDBY mode
 511:Drivers/STM32F4xx_HAL_Driver/Src/stm32f4xx_hal.c ****   * @retval None
 512:Drivers/STM32F4xx_HAL_Driver/Src/stm32f4xx_hal.c ****   */
 513:Drivers/STM32F4xx_HAL_Driver/Src/stm32f4xx_hal.c **** void HAL_DBGMCU_DisableDBGStandbyMode(void)
 514:Drivers/STM32F4xx_HAL_Driver/Src/stm32f4xx_hal.c **** {
 764              		.loc 1 514 1 is_stmt 1 view -0
 765              		.cfi_startproc
 766              		@ args = 0, pretend = 0, frame = 0
 767              		@ frame_needed = 0, uses_anonymous_args = 0
 768              		@ link register save eliminated.
 515:Drivers/STM32F4xx_HAL_Driver/Src/stm32f4xx_hal.c ****   CLEAR_BIT(DBGMCU->CR, DBGMCU_CR_DBG_STANDBY);
 769              		.loc 1 515 3 view .LVU133
 770 0000 024A     		ldr	r2, .L71
 771 0002 5368     		ldr	r3, [r2, #4]
 772 0004 23F00403 		bic	r3, r3, #4
 773 0008 5360     		str	r3, [r2, #4]
 516:Drivers/STM32F4xx_HAL_Driver/Src/stm32f4xx_hal.c **** }
 774              		.loc 1 516 1 is_stmt 0 view .LVU134
 775 000a 7047     		bx	lr
 776              	.L72:
 777              		.align	2
 778              	.L71:
 779 000c 002004E0 		.word	-536600576
 780              		.cfi_endproc
 781              	.LFE237:
 783              		.section	.text.HAL_EnableCompensationCell,"ax",%progbits
 784              		.align	1
 785              		.global	HAL_EnableCompensationCell
 786              		.syntax unified
 787              		.thumb
 788              		.thumb_func
 790              	HAL_EnableCompensationCell:
 791              	.LFB238:
 517:Drivers/STM32F4xx_HAL_Driver/Src/stm32f4xx_hal.c **** 
 518:Drivers/STM32F4xx_HAL_Driver/Src/stm32f4xx_hal.c **** /**
 519:Drivers/STM32F4xx_HAL_Driver/Src/stm32f4xx_hal.c ****   * @brief  Enables the I/O Compensation Cell.
 520:Drivers/STM32F4xx_HAL_Driver/Src/stm32f4xx_hal.c ****   * @note   The I/O compensation cell can be used only when the device supply
 521:Drivers/STM32F4xx_HAL_Driver/Src/stm32f4xx_hal.c ****   *         voltage ranges from 2.4 to 3.6 V.  
 522:Drivers/STM32F4xx_HAL_Driver/Src/stm32f4xx_hal.c ****   * @retval None
 523:Drivers/STM32F4xx_HAL_Driver/Src/stm32f4xx_hal.c ****   */
ARM GAS  C:\Users\neko2\AppData\Local\Temp\ccMMGOnC.s 			page 24


 524:Drivers/STM32F4xx_HAL_Driver/Src/stm32f4xx_hal.c **** void HAL_EnableCompensationCell(void)
 525:Drivers/STM32F4xx_HAL_Driver/Src/stm32f4xx_hal.c **** {
 792              		.loc 1 525 1 is_stmt 1 view -0
 793              		.cfi_startproc
 794              		@ args = 0, pretend = 0, frame = 0
 795              		@ frame_needed = 0, uses_anonymous_args = 0
 796              		@ link register save eliminated.
 526:Drivers/STM32F4xx_HAL_Driver/Src/stm32f4xx_hal.c ****   *(__IO uint32_t *)CMPCR_CMP_PD_BB = (uint32_t)ENABLE;
 797              		.loc 1 526 3 view .LVU136
 798              		.loc 1 526 37 is_stmt 0 view .LVU137
 799 0000 024B     		ldr	r3, .L74
 800 0002 0122     		movs	r2, #1
 801 0004 C3F80024 		str	r2, [r3, #1024]
 527:Drivers/STM32F4xx_HAL_Driver/Src/stm32f4xx_hal.c **** }
 802              		.loc 1 527 1 view .LVU138
 803 0008 7047     		bx	lr
 804              	.L75:
 805 000a 00BF     		.align	2
 806              	.L74:
 807 000c 00002742 		.word	1109852160
 808              		.cfi_endproc
 809              	.LFE238:
 811              		.section	.text.HAL_DisableCompensationCell,"ax",%progbits
 812              		.align	1
 813              		.global	HAL_DisableCompensationCell
 814              		.syntax unified
 815              		.thumb
 816              		.thumb_func
 818              	HAL_DisableCompensationCell:
 819              	.LFB239:
 528:Drivers/STM32F4xx_HAL_Driver/Src/stm32f4xx_hal.c **** 
 529:Drivers/STM32F4xx_HAL_Driver/Src/stm32f4xx_hal.c **** /**
 530:Drivers/STM32F4xx_HAL_Driver/Src/stm32f4xx_hal.c ****   * @brief  Power-down the I/O Compensation Cell.
 531:Drivers/STM32F4xx_HAL_Driver/Src/stm32f4xx_hal.c ****   * @note   The I/O compensation cell can be used only when the device supply
 532:Drivers/STM32F4xx_HAL_Driver/Src/stm32f4xx_hal.c ****   *         voltage ranges from 2.4 to 3.6 V.  
 533:Drivers/STM32F4xx_HAL_Driver/Src/stm32f4xx_hal.c ****   * @retval None
 534:Drivers/STM32F4xx_HAL_Driver/Src/stm32f4xx_hal.c ****   */
 535:Drivers/STM32F4xx_HAL_Driver/Src/stm32f4xx_hal.c **** void HAL_DisableCompensationCell(void)
 536:Drivers/STM32F4xx_HAL_Driver/Src/stm32f4xx_hal.c **** {
 820              		.loc 1 536 1 is_stmt 1 view -0
 821              		.cfi_startproc
 822              		@ args = 0, pretend = 0, frame = 0
 823              		@ frame_needed = 0, uses_anonymous_args = 0
 824              		@ link register save eliminated.
 537:Drivers/STM32F4xx_HAL_Driver/Src/stm32f4xx_hal.c ****   *(__IO uint32_t *)CMPCR_CMP_PD_BB = (uint32_t)DISABLE;
 825              		.loc 1 537 3 view .LVU140
 826              		.loc 1 537 37 is_stmt 0 view .LVU141
 827 0000 024B     		ldr	r3, .L77
 828 0002 0022     		movs	r2, #0
 829 0004 C3F80024 		str	r2, [r3, #1024]
 538:Drivers/STM32F4xx_HAL_Driver/Src/stm32f4xx_hal.c **** }
 830              		.loc 1 538 1 view .LVU142
 831 0008 7047     		bx	lr
 832              	.L78:
 833 000a 00BF     		.align	2
 834              	.L77:
 835 000c 00002742 		.word	1109852160
ARM GAS  C:\Users\neko2\AppData\Local\Temp\ccMMGOnC.s 			page 25


 836              		.cfi_endproc
 837              	.LFE239:
 839              		.section	.text.HAL_GetUIDw0,"ax",%progbits
 840              		.align	1
 841              		.global	HAL_GetUIDw0
 842              		.syntax unified
 843              		.thumb
 844              		.thumb_func
 846              	HAL_GetUIDw0:
 847              	.LFB240:
 539:Drivers/STM32F4xx_HAL_Driver/Src/stm32f4xx_hal.c **** 
 540:Drivers/STM32F4xx_HAL_Driver/Src/stm32f4xx_hal.c **** /**
 541:Drivers/STM32F4xx_HAL_Driver/Src/stm32f4xx_hal.c ****   * @brief  Returns first word of the unique device identifier (UID based on 96 bits)
 542:Drivers/STM32F4xx_HAL_Driver/Src/stm32f4xx_hal.c ****   * @retval Device identifier
 543:Drivers/STM32F4xx_HAL_Driver/Src/stm32f4xx_hal.c ****   */
 544:Drivers/STM32F4xx_HAL_Driver/Src/stm32f4xx_hal.c **** uint32_t HAL_GetUIDw0(void)
 545:Drivers/STM32F4xx_HAL_Driver/Src/stm32f4xx_hal.c **** {
 848              		.loc 1 545 1 is_stmt 1 view -0
 849              		.cfi_startproc
 850              		@ args = 0, pretend = 0, frame = 0
 851              		@ frame_needed = 0, uses_anonymous_args = 0
 852              		@ link register save eliminated.
 546:Drivers/STM32F4xx_HAL_Driver/Src/stm32f4xx_hal.c ****   return (READ_REG(*((uint32_t *)UID_BASE)));
 853              		.loc 1 546 3 view .LVU144
 547:Drivers/STM32F4xx_HAL_Driver/Src/stm32f4xx_hal.c **** }
 854              		.loc 1 547 1 is_stmt 0 view .LVU145
 855 0000 014B     		ldr	r3, .L80
 856 0002 D3F8100A 		ldr	r0, [r3, #2576]
 857 0006 7047     		bx	lr
 858              	.L81:
 859              		.align	2
 860              	.L80:
 861 0008 0070FF1F 		.word	536834048
 862              		.cfi_endproc
 863              	.LFE240:
 865              		.section	.text.HAL_GetUIDw1,"ax",%progbits
 866              		.align	1
 867              		.global	HAL_GetUIDw1
 868              		.syntax unified
 869              		.thumb
 870              		.thumb_func
 872              	HAL_GetUIDw1:
 873              	.LFB241:
 548:Drivers/STM32F4xx_HAL_Driver/Src/stm32f4xx_hal.c **** 
 549:Drivers/STM32F4xx_HAL_Driver/Src/stm32f4xx_hal.c **** /**
 550:Drivers/STM32F4xx_HAL_Driver/Src/stm32f4xx_hal.c ****   * @brief  Returns second word of the unique device identifier (UID based on 96 bits)
 551:Drivers/STM32F4xx_HAL_Driver/Src/stm32f4xx_hal.c ****   * @retval Device identifier
 552:Drivers/STM32F4xx_HAL_Driver/Src/stm32f4xx_hal.c ****   */
 553:Drivers/STM32F4xx_HAL_Driver/Src/stm32f4xx_hal.c **** uint32_t HAL_GetUIDw1(void)
 554:Drivers/STM32F4xx_HAL_Driver/Src/stm32f4xx_hal.c **** {
 874              		.loc 1 554 1 is_stmt 1 view -0
 875              		.cfi_startproc
 876              		@ args = 0, pretend = 0, frame = 0
 877              		@ frame_needed = 0, uses_anonymous_args = 0
 878              		@ link register save eliminated.
 555:Drivers/STM32F4xx_HAL_Driver/Src/stm32f4xx_hal.c ****   return (READ_REG(*((uint32_t *)(UID_BASE + 4U))));
 879              		.loc 1 555 3 view .LVU147
ARM GAS  C:\Users\neko2\AppData\Local\Temp\ccMMGOnC.s 			page 26


 556:Drivers/STM32F4xx_HAL_Driver/Src/stm32f4xx_hal.c **** }
 880              		.loc 1 556 1 is_stmt 0 view .LVU148
 881 0000 014B     		ldr	r3, .L83
 882 0002 D3F8140A 		ldr	r0, [r3, #2580]
 883 0006 7047     		bx	lr
 884              	.L84:
 885              		.align	2
 886              	.L83:
 887 0008 0070FF1F 		.word	536834048
 888              		.cfi_endproc
 889              	.LFE241:
 891              		.section	.text.HAL_GetUIDw2,"ax",%progbits
 892              		.align	1
 893              		.global	HAL_GetUIDw2
 894              		.syntax unified
 895              		.thumb
 896              		.thumb_func
 898              	HAL_GetUIDw2:
 899              	.LFB242:
 557:Drivers/STM32F4xx_HAL_Driver/Src/stm32f4xx_hal.c **** 
 558:Drivers/STM32F4xx_HAL_Driver/Src/stm32f4xx_hal.c **** /**
 559:Drivers/STM32F4xx_HAL_Driver/Src/stm32f4xx_hal.c ****   * @brief  Returns third word of the unique device identifier (UID based on 96 bits)
 560:Drivers/STM32F4xx_HAL_Driver/Src/stm32f4xx_hal.c ****   * @retval Device identifier
 561:Drivers/STM32F4xx_HAL_Driver/Src/stm32f4xx_hal.c ****   */
 562:Drivers/STM32F4xx_HAL_Driver/Src/stm32f4xx_hal.c **** uint32_t HAL_GetUIDw2(void)
 563:Drivers/STM32F4xx_HAL_Driver/Src/stm32f4xx_hal.c **** {
 900              		.loc 1 563 1 is_stmt 1 view -0
 901              		.cfi_startproc
 902              		@ args = 0, pretend = 0, frame = 0
 903              		@ frame_needed = 0, uses_anonymous_args = 0
 904              		@ link register save eliminated.
 564:Drivers/STM32F4xx_HAL_Driver/Src/stm32f4xx_hal.c ****   return (READ_REG(*((uint32_t *)(UID_BASE + 8U))));
 905              		.loc 1 564 3 view .LVU150
 565:Drivers/STM32F4xx_HAL_Driver/Src/stm32f4xx_hal.c **** }
 906              		.loc 1 565 1 is_stmt 0 view .LVU151
 907 0000 014B     		ldr	r3, .L86
 908 0002 D3F8180A 		ldr	r0, [r3, #2584]
 909 0006 7047     		bx	lr
 910              	.L87:
 911              		.align	2
 912              	.L86:
 913 0008 0070FF1F 		.word	536834048
 914              		.cfi_endproc
 915              	.LFE242:
 917              		.global	uwTickFreq
 918              		.global	uwTickPrio
 919              		.global	uwTick
 920              		.section	.bss.uwTick,"aw",%nobits
 921              		.align	2
 922              		.set	.LANCHOR2,. + 0
 925              	uwTick:
 926 0000 00000000 		.space	4
 927              		.section	.data.uwTickFreq,"aw"
 928              		.set	.LANCHOR0,. + 0
 931              	uwTickFreq:
 932 0000 01       		.byte	1
 933              		.section	.data.uwTickPrio,"aw"
ARM GAS  C:\Users\neko2\AppData\Local\Temp\ccMMGOnC.s 			page 27


 934              		.align	2
 935              		.set	.LANCHOR1,. + 0
 938              	uwTickPrio:
 939 0000 10000000 		.word	16
 940              		.text
 941              	.Letext0:
 942              		.file 2 "c:\\tools\\gcc-arm-none-eabi-10.3-2021.10\\arm-none-eabi\\include\\machine\\_default_type
 943              		.file 3 "c:\\tools\\gcc-arm-none-eabi-10.3-2021.10\\arm-none-eabi\\include\\sys\\_stdint.h"
 944              		.file 4 "Drivers/CMSIS/Include/core_cm4.h"
 945              		.file 5 "Drivers/CMSIS/Device/ST/STM32F4xx/Include/stm32f412cx.h"
 946              		.file 6 "Drivers/CMSIS/Device/ST/STM32F4xx/Include/stm32f4xx.h"
 947              		.file 7 "Drivers/STM32F4xx_HAL_Driver/Inc/stm32f4xx_hal_def.h"
 948              		.file 8 "Drivers/STM32F4xx_HAL_Driver/Inc/stm32f4xx_hal.h"
 949              		.file 9 "Drivers/CMSIS/Device/ST/STM32F4xx/Include/system_stm32f4xx.h"
 950              		.file 10 "Drivers/STM32F4xx_HAL_Driver/Inc/stm32f4xx_hal_cortex.h"
ARM GAS  C:\Users\neko2\AppData\Local\Temp\ccMMGOnC.s 			page 28


DEFINED SYMBOLS
                            *ABS*:00000000 stm32f4xx_hal.c
C:\Users\neko2\AppData\Local\Temp\ccMMGOnC.s:20     .text.HAL_MspInit:00000000 $t
C:\Users\neko2\AppData\Local\Temp\ccMMGOnC.s:26     .text.HAL_MspInit:00000000 HAL_MspInit
C:\Users\neko2\AppData\Local\Temp\ccMMGOnC.s:40     .text.HAL_MspDeInit:00000000 $t
C:\Users\neko2\AppData\Local\Temp\ccMMGOnC.s:46     .text.HAL_MspDeInit:00000000 HAL_MspDeInit
C:\Users\neko2\AppData\Local\Temp\ccMMGOnC.s:59     .text.HAL_DeInit:00000000 $t
C:\Users\neko2\AppData\Local\Temp\ccMMGOnC.s:65     .text.HAL_DeInit:00000000 HAL_DeInit
C:\Users\neko2\AppData\Local\Temp\ccMMGOnC.s:107    .text.HAL_DeInit:00000024 $d
C:\Users\neko2\AppData\Local\Temp\ccMMGOnC.s:112    .text.HAL_InitTick:00000000 $t
C:\Users\neko2\AppData\Local\Temp\ccMMGOnC.s:118    .text.HAL_InitTick:00000000 HAL_InitTick
C:\Users\neko2\AppData\Local\Temp\ccMMGOnC.s:181    .text.HAL_InitTick:00000040 $d
C:\Users\neko2\AppData\Local\Temp\ccMMGOnC.s:188    .text.HAL_Init:00000000 $t
C:\Users\neko2\AppData\Local\Temp\ccMMGOnC.s:194    .text.HAL_Init:00000000 HAL_Init
C:\Users\neko2\AppData\Local\Temp\ccMMGOnC.s:236    .text.HAL_Init:00000030 $d
C:\Users\neko2\AppData\Local\Temp\ccMMGOnC.s:241    .text.HAL_IncTick:00000000 $t
C:\Users\neko2\AppData\Local\Temp\ccMMGOnC.s:247    .text.HAL_IncTick:00000000 HAL_IncTick
C:\Users\neko2\AppData\Local\Temp\ccMMGOnC.s:267    .text.HAL_IncTick:00000010 $d
C:\Users\neko2\AppData\Local\Temp\ccMMGOnC.s:273    .text.HAL_GetTick:00000000 $t
C:\Users\neko2\AppData\Local\Temp\ccMMGOnC.s:279    .text.HAL_GetTick:00000000 HAL_GetTick
C:\Users\neko2\AppData\Local\Temp\ccMMGOnC.s:295    .text.HAL_GetTick:00000008 $d
C:\Users\neko2\AppData\Local\Temp\ccMMGOnC.s:300    .text.HAL_GetTickPrio:00000000 $t
C:\Users\neko2\AppData\Local\Temp\ccMMGOnC.s:306    .text.HAL_GetTickPrio:00000000 HAL_GetTickPrio
C:\Users\neko2\AppData\Local\Temp\ccMMGOnC.s:321    .text.HAL_GetTickPrio:00000008 $d
C:\Users\neko2\AppData\Local\Temp\ccMMGOnC.s:326    .text.HAL_SetTickFreq:00000000 $t
C:\Users\neko2\AppData\Local\Temp\ccMMGOnC.s:332    .text.HAL_SetTickFreq:00000000 HAL_SetTickFreq
C:\Users\neko2\AppData\Local\Temp\ccMMGOnC.s:389    .text.HAL_SetTickFreq:00000024 $d
C:\Users\neko2\AppData\Local\Temp\ccMMGOnC.s:395    .text.HAL_GetTickFreq:00000000 $t
C:\Users\neko2\AppData\Local\Temp\ccMMGOnC.s:401    .text.HAL_GetTickFreq:00000000 HAL_GetTickFreq
C:\Users\neko2\AppData\Local\Temp\ccMMGOnC.s:416    .text.HAL_GetTickFreq:00000008 $d
C:\Users\neko2\AppData\Local\Temp\ccMMGOnC.s:421    .text.HAL_Delay:00000000 $t
C:\Users\neko2\AppData\Local\Temp\ccMMGOnC.s:427    .text.HAL_Delay:00000000 HAL_Delay
C:\Users\neko2\AppData\Local\Temp\ccMMGOnC.s:480    .text.HAL_Delay:00000024 $d
C:\Users\neko2\AppData\Local\Temp\ccMMGOnC.s:485    .text.HAL_SuspendTick:00000000 $t
C:\Users\neko2\AppData\Local\Temp\ccMMGOnC.s:491    .text.HAL_SuspendTick:00000000 HAL_SuspendTick
C:\Users\neko2\AppData\Local\Temp\ccMMGOnC.s:510    .text.HAL_ResumeTick:00000000 $t
C:\Users\neko2\AppData\Local\Temp\ccMMGOnC.s:516    .text.HAL_ResumeTick:00000000 HAL_ResumeTick
C:\Users\neko2\AppData\Local\Temp\ccMMGOnC.s:535    .text.HAL_GetHalVersion:00000000 $t
C:\Users\neko2\AppData\Local\Temp\ccMMGOnC.s:541    .text.HAL_GetHalVersion:00000000 HAL_GetHalVersion
C:\Users\neko2\AppData\Local\Temp\ccMMGOnC.s:555    .text.HAL_GetHalVersion:00000004 $d
C:\Users\neko2\AppData\Local\Temp\ccMMGOnC.s:560    .text.HAL_GetREVID:00000000 $t
C:\Users\neko2\AppData\Local\Temp\ccMMGOnC.s:566    .text.HAL_GetREVID:00000000 HAL_GetREVID
C:\Users\neko2\AppData\Local\Temp\ccMMGOnC.s:583    .text.HAL_GetREVID:00000008 $d
C:\Users\neko2\AppData\Local\Temp\ccMMGOnC.s:588    .text.HAL_GetDEVID:00000000 $t
C:\Users\neko2\AppData\Local\Temp\ccMMGOnC.s:594    .text.HAL_GetDEVID:00000000 HAL_GetDEVID
C:\Users\neko2\AppData\Local\Temp\ccMMGOnC.s:611    .text.HAL_GetDEVID:0000000c $d
C:\Users\neko2\AppData\Local\Temp\ccMMGOnC.s:616    .text.HAL_DBGMCU_EnableDBGSleepMode:00000000 $t
C:\Users\neko2\AppData\Local\Temp\ccMMGOnC.s:622    .text.HAL_DBGMCU_EnableDBGSleepMode:00000000 HAL_DBGMCU_EnableDBGSleepMode
C:\Users\neko2\AppData\Local\Temp\ccMMGOnC.s:639    .text.HAL_DBGMCU_EnableDBGSleepMode:0000000c $d
C:\Users\neko2\AppData\Local\Temp\ccMMGOnC.s:644    .text.HAL_DBGMCU_DisableDBGSleepMode:00000000 $t
C:\Users\neko2\AppData\Local\Temp\ccMMGOnC.s:650    .text.HAL_DBGMCU_DisableDBGSleepMode:00000000 HAL_DBGMCU_DisableDBGSleepMode
C:\Users\neko2\AppData\Local\Temp\ccMMGOnC.s:667    .text.HAL_DBGMCU_DisableDBGSleepMode:0000000c $d
C:\Users\neko2\AppData\Local\Temp\ccMMGOnC.s:672    .text.HAL_DBGMCU_EnableDBGStopMode:00000000 $t
C:\Users\neko2\AppData\Local\Temp\ccMMGOnC.s:678    .text.HAL_DBGMCU_EnableDBGStopMode:00000000 HAL_DBGMCU_EnableDBGStopMode
C:\Users\neko2\AppData\Local\Temp\ccMMGOnC.s:695    .text.HAL_DBGMCU_EnableDBGStopMode:0000000c $d
C:\Users\neko2\AppData\Local\Temp\ccMMGOnC.s:700    .text.HAL_DBGMCU_DisableDBGStopMode:00000000 $t
C:\Users\neko2\AppData\Local\Temp\ccMMGOnC.s:706    .text.HAL_DBGMCU_DisableDBGStopMode:00000000 HAL_DBGMCU_DisableDBGStopMode
ARM GAS  C:\Users\neko2\AppData\Local\Temp\ccMMGOnC.s 			page 29


C:\Users\neko2\AppData\Local\Temp\ccMMGOnC.s:723    .text.HAL_DBGMCU_DisableDBGStopMode:0000000c $d
C:\Users\neko2\AppData\Local\Temp\ccMMGOnC.s:728    .text.HAL_DBGMCU_EnableDBGStandbyMode:00000000 $t
C:\Users\neko2\AppData\Local\Temp\ccMMGOnC.s:734    .text.HAL_DBGMCU_EnableDBGStandbyMode:00000000 HAL_DBGMCU_EnableDBGStandbyMode
C:\Users\neko2\AppData\Local\Temp\ccMMGOnC.s:751    .text.HAL_DBGMCU_EnableDBGStandbyMode:0000000c $d
C:\Users\neko2\AppData\Local\Temp\ccMMGOnC.s:756    .text.HAL_DBGMCU_DisableDBGStandbyMode:00000000 $t
C:\Users\neko2\AppData\Local\Temp\ccMMGOnC.s:762    .text.HAL_DBGMCU_DisableDBGStandbyMode:00000000 HAL_DBGMCU_DisableDBGStandbyMode
C:\Users\neko2\AppData\Local\Temp\ccMMGOnC.s:779    .text.HAL_DBGMCU_DisableDBGStandbyMode:0000000c $d
C:\Users\neko2\AppData\Local\Temp\ccMMGOnC.s:784    .text.HAL_EnableCompensationCell:00000000 $t
C:\Users\neko2\AppData\Local\Temp\ccMMGOnC.s:790    .text.HAL_EnableCompensationCell:00000000 HAL_EnableCompensationCell
C:\Users\neko2\AppData\Local\Temp\ccMMGOnC.s:807    .text.HAL_EnableCompensationCell:0000000c $d
C:\Users\neko2\AppData\Local\Temp\ccMMGOnC.s:812    .text.HAL_DisableCompensationCell:00000000 $t
C:\Users\neko2\AppData\Local\Temp\ccMMGOnC.s:818    .text.HAL_DisableCompensationCell:00000000 HAL_DisableCompensationCell
C:\Users\neko2\AppData\Local\Temp\ccMMGOnC.s:835    .text.HAL_DisableCompensationCell:0000000c $d
C:\Users\neko2\AppData\Local\Temp\ccMMGOnC.s:840    .text.HAL_GetUIDw0:00000000 $t
C:\Users\neko2\AppData\Local\Temp\ccMMGOnC.s:846    .text.HAL_GetUIDw0:00000000 HAL_GetUIDw0
C:\Users\neko2\AppData\Local\Temp\ccMMGOnC.s:861    .text.HAL_GetUIDw0:00000008 $d
C:\Users\neko2\AppData\Local\Temp\ccMMGOnC.s:866    .text.HAL_GetUIDw1:00000000 $t
C:\Users\neko2\AppData\Local\Temp\ccMMGOnC.s:872    .text.HAL_GetUIDw1:00000000 HAL_GetUIDw1
C:\Users\neko2\AppData\Local\Temp\ccMMGOnC.s:887    .text.HAL_GetUIDw1:00000008 $d
C:\Users\neko2\AppData\Local\Temp\ccMMGOnC.s:892    .text.HAL_GetUIDw2:00000000 $t
C:\Users\neko2\AppData\Local\Temp\ccMMGOnC.s:898    .text.HAL_GetUIDw2:00000000 HAL_GetUIDw2
C:\Users\neko2\AppData\Local\Temp\ccMMGOnC.s:913    .text.HAL_GetUIDw2:00000008 $d
C:\Users\neko2\AppData\Local\Temp\ccMMGOnC.s:931    .data.uwTickFreq:00000000 uwTickFreq
C:\Users\neko2\AppData\Local\Temp\ccMMGOnC.s:938    .data.uwTickPrio:00000000 uwTickPrio
C:\Users\neko2\AppData\Local\Temp\ccMMGOnC.s:925    .bss.uwTick:00000000 uwTick
C:\Users\neko2\AppData\Local\Temp\ccMMGOnC.s:921    .bss.uwTick:00000000 $d
C:\Users\neko2\AppData\Local\Temp\ccMMGOnC.s:934    .data.uwTickPrio:00000000 $d

UNDEFINED SYMBOLS
HAL_SYSTICK_Config
HAL_NVIC_SetPriority
SystemCoreClock
HAL_NVIC_SetPriorityGrouping
